 
 
                                    G R A S P 9 - S E
                                    =================
 
  Student edition of General multi-reflector analysis program
 
 GRASP-SE version 10.3.0 (Linux amd64/em64t 64-bit)
 
 
 GRASP-SE found  20 CPU cores
 (Student edition limited to 1 CPU core)
 
  Reading tor-file: bingo.tor
 
 
  *** Object name:  dual_main_reflector
  *** Class name :  reflector
  *** Message    :  Object created
 
 
 
  *** Object name:  dual_main_reflector
  *** Class name :  reflector
  *** Message    :  New values in object
 
  Coordinate system: dual_global_coor
  Surface: dual_main_surface
  Rim: dual_main_rim
 
 
  *** Object name:  dual_global_coor
  *** Class name :  coor_sys
  *** Message    :  Object created
 
 
 
  *** Object name:  dual_global_coor
  *** Class name :  coor_sys
  *** Message    :  New values in object
 
  Z_axis :     0.000000    0.000000    1.000000
 
 
  *** Object name:  dual_main_surface
  *** Class name :  paraboloid
  *** Message    :  Object created
 
 
 
  *** Object name:  dual_main_surface
  *** Class name :  paraboloid
  *** Message    :  New values in object
 
 
  Focal length     :    140.000 m
   and in SI units :    140.000 meter
 
 
  *** Object name:  dual_main_rim
  *** Class name :  elliptical_rim
  *** Message    :  Object created
 
 
 
  *** Object name:  dual_main_rim
  *** Class name :  elliptical_rim
  *** Message    :  Definition of elliptical_rim
 
  The rim centre is placed at
    x :   -226.541 m
    y :    0.00000 m
  and in SI units
    x :   -226.541     meter
    y :    0.00000     meter
 
  The half axes of the ellipse are defined by
    in x-direction :    20.0000 m
    in y-direction :    20.0000 m
  and in SI units
    in x-direction :    20.0000     meter
    in y-direction :    20.0000     meter
 
  The rim limits in radii are
    minimum :    20.0000     meter
    maximum :    20.0000     meter
 
  The rim limits in x direction are
    minimum :   -246.541     meter
    maximum :   -206.541     meter
 
  The rim limits in y direction are
    minimum :   -20.0000     meter
    maximum :    20.0000     meter
 
 
  *** Object name:  dual_sub_reflector
  *** Class name :  reflector
  *** Message    :  Object created
 
 
 
  *** Object name:  dual_sub_reflector
  *** Class name :  reflector
  *** Message    :  New values in object
 
  Coordinate system: dual_sub_coor
  Surface: dual_sub_surface
  Rim: dual_sub_rim
 
 
  *** Object name:  dual_sub_surface
  *** Class name :  hyperboloid
  *** Message    :  Object created
 
 
 
  *** Object name:  dual_sub_surface
  *** Class name :  hyperboloid
  *** Message    :  New values in object
 
 
  Distance between the vertices, 2a :   -148.235 m
   and in SI units                  :   -148.235 meter
 
  Distance between the foci, 2c     :    252.000 m
   and in SI units                  :    252.000 meter
 
    giving the eccentricity         :   -1.70000
 
 
  *** Object name:  dual_sub_rim
  *** Class name :  elliptical_rim
  *** Message    :  Object created
 
 
 
  *** Object name:  dual_sub_rim
  *** Class name :  elliptical_rim
  *** Message    :  Definition of elliptical_rim
 
  The rim centre is placed at
    x :    26.2883 m
    y :    0.00000 m
  and in SI units
    x :    26.2883     meter
    y :    0.00000     meter
 
  The half axes of the ellipse are defined by
    in x-direction :    18.3404 m
    in y-direction :    17.7753 m
  and in SI units
    in x-direction :    18.3404     meter
    in y-direction :    17.7753     meter
 
  The rim limits in radii are
    minimum :    17.7753     meter
    maximum :    18.3404     meter
 
  The rim limits in x direction are
    minimum :    7.94790     meter
    maximum :    44.6287     meter
 
  The rim limits in y direction are
    minimum :   -17.7753     meter
    maximum :    17.7753     meter
 
 
  *** Object name:  dual_feed
  *** Class name :  gaussian_beam_pattern
  *** Message    :  Object created
 
 
 
  *** Object name:  dual_feed
  *** Class name :  gaussian_beam_pattern
  *** Message    :  Object created
 
 
 
  *** Object name:  dual_feed
  *** Class name :  gaussian_beam_pattern
  *** Message    :  New values in object
 
  Frequency : dual_frequencies
  Coor_sys : corneta_coor
 
 
  *** Object name:  dual_feed
  *** Class name :  gaussian_beam_pattern
  *** Message    :  Definition of common feed attributes
 
 
 
  *** Object name:  dual_feed
  *** Class name :  gaussian_beam_pattern
  *** Message    :  Definition of gaussian feed
 
 
  Taper angle :   17.9809 degrees
 
  Taper compared to on-axis level :  -20.0000 dB
 
  The imaginary displacement along the negative z-axis
    is   7.42280 wavelengths
 
 
  *** Object name:  dual_frequencies
  *** Class name :  frequency
  *** Message    :  Object created
 
 
 
  *** Object name:  dual_frequencies
  *** Class name :  frequency
  *** Message    :  New values in object
 
  Frequency No.    1  :   0.110000E+01 GHz
 
 
  *** Object name:  dual_feed_coor
  *** Class name :  coor_sys
  *** Message    :  Object created
 
 
 
  *** Object name:  dual_feed_coor
  *** Class name :  coor_sys
  *** Message    :  New values in object
 
  Origin :  -0.244996E+02 m     0.000000E+00 m     0.263920E+02 m
  Base name : dual_cut_coor
  X_axis :    -0.370197    0.000000   -0.928953
  Y_axis :     0.000000    1.000000    0.000000
  Z_axis :     0.928953    0.000000   -0.370197
 
 
  *** Object name:  dual_cut
  *** Class name :  spherical_cut
  *** Message    :  Object created
 
 
 
  *** Object name:  dual_cut
  *** Class name :  spherical_cut
  *** Message    :  New values in object
 
  File name : bingo.cut
  Coor_sys : dual_cut_coor
  Theta range : start  -5.00000    end  95.00000    points  3001
  Phi range : start   0.00000    end   0.00000    points     1
 
 
  *** Object name:  dual_cut_coor
  *** Class name :  coor_sys
  *** Message    :  Object created
 
 
 
  *** Object name:  dual_cut_coor
  *** Class name :  coor_sys
  *** Message    :  New values in object
 
  Origin :  -0.226541E+03 m     0.000000E+00 m     0.916447E+02 m
  Base name : dual_global_coor
  Z_axis :     0.000000    0.000000    1.000000
 
 
  *** Object name:  dual_main_po
  *** Class name :  po_single_face_scatterer
  *** Message    :  Object created
 
 
 
  *** Object name:  dual_main_po
  *** Class name :  po_single_face_scatterer
  *** Message    :  New values in object
 
  Frequency : dual_frequencies
  Scatterer : dual_main_reflector
 
 
  *** Object name:  dual_sub_po
  *** Class name :  po_single_face_scatterer
  *** Message    :  Object created
 
 
 
  *** Object name:  dual_sub_po
  *** Class name :  po_single_face_scatterer
  *** Message    :  New values in object
 
  Frequency : dual_frequencies
  Scatterer : dual_sub_reflector
 
 
  *** Object name:  spherical_grid
  *** Class name :  spherical_grid
  *** Message    :  Object created
 
 
 
  *** Object name:  spherical_grid
  *** Class name :  spherical_grid
  *** Message    :  New values in object
 
  File name :
  Coor_sys : dual_cut_coor
  X range : start  -0.20000    end   0.20000    points   151
  Y range : start  -0.20000    end   0.20000    points   151
 
 
  *** Object name:  corneta_coor
  *** Class name :  coor_sys
  *** Message    :  Object created
 
 
 
  *** Object name:  corneta_coor
  *** Class name :  coor_sys
  *** Message    :  New values in object
 
  Origin :   0.000000E+00 cm    0.000000E+00 m     0.000000E+00 m
  Base name : dual_feed_coor
  X_axis :     1.000000    0.000000    0.000000
  Y_axis :     0.000000    1.000000    0.000000
  Z_axis :     0.000000    0.000000    1.000000
 
 
  *** Object name:  dual_sub_coor
  *** Class name :  coor_sys
  *** Message    :  Object created
 
 
 
  *** Object name:  dual_sub_coor
  *** Class name :  coor_sys
  *** Message    :  New values in object
 
  Origin :   0.226541E+03 m     0.000000E+00 m     0.483663E+02 m
  Base name : dual_cut_coor
  X_axis :     0.087156    0.000000   -0.996195
  Y_axis :     0.000000   -1.000000    0.000000
  Z_axis :    -0.996195    0.000000   -0.087156
 Program started at 16:07:34 on 14 November 2022
 
 
 ----- TASK No. 1 -----     Started at 16:07:34 on November 14, 2022
 dual_sub_po get_currents ( source : sequence(ref(dual_feed)))
 
 
  *** Object name:  dual_sub_po
  *** Class name :  po_single_face_scatterer
  *** Message    :  Get_currents message received
 
  Source : dual_feed
 
 
  *** Object name:  dual_sub_po
  *** Class name :  po_single_face_scatterer
  *** Message    :  Initialization
 
 
  Auto-convergence with desired accuracy of -80.00 dB.
 
  Face 1:
  Max. values: po1/po2 = 4410/10600
 
 PO convergence
  Test-grid  Ref-grid    Freq  Beam  Grid       P_max   P_level  Accuracy
    po1/po2   po1/po2                           [dBi]     [dBi]      [dB]
      20/10     10/10       1     1     1      -19.04    -19.04      3.16
      20/10     10/10       1     1     2       41.34     41.34     -0.35
      20/10     10/10       1     1     3       24.69     24.69      2.23
      40/10     20/10       1     1     1      -17.77    -17.77      1.93
      40/10     20/10       1     1     2       36.65     36.65      0.73
      40/10     20/10       1     1     3       22.59     22.59      3.64
      80/10     40/10       1     1     1      -20.27    -20.27      0.74
      80/10     40/10       1     1     2       33.88     33.88      3.80
      80/10     40/10       1     1     3       23.48     23.48      1.60
     160/10     80/10       1     1     1      -27.58    -27.58     -2.43
     160/10     80/10       1     1     2       31.43     31.43     -1.09
     160/10     80/10       1     1     3       12.84     12.84     -0.05
     320/10    160/10       1     1     1      -27.64    -27.64   -235.69  *
     320/10    160/10       1     1     2       27.97     27.97    -67.55
     320/10    160/10       1     1     3        1.75      1.75    -41.33
     640/10    320/10       1     1     2       27.97     27.97   -223.35  *
     640/10    320/10       1     1     3        1.76      1.76   -205.10  *
     240/10    640/10       1     1     2       27.97     27.97   -221.97  *
     240/10    640/10       1     1     3        1.76      1.76   -203.75  *
     200/10    640/10       1     1     2       27.97     27.97   -221.79  *
     200/10    640/10       1     1     3        1.76      1.76   -203.62  *
     180/10    640/10       1     1     2       27.97     27.97   -221.70  *
     180/10    640/10       1     1     3        1.76      1.76   -203.26  *
     170/10    640/10       1     1     2       27.97     27.97   -140.59  *
     170/10    640/10       1     1     3        1.76      1.76   -114.64  *
     165/10    640/10       1     1     2       27.97     27.97   -101.05  *
     165/10    640/10       1     1     3        1.76      1.76    -74.89
 
 PO convergence
  Test-grid  Ref-grid    Freq  Beam  Grid       P_max   P_level  Accuracy
    po1/po2   po1/po2                           [dBi]     [dBi]      [dB]
      10/20     10/10       1     1     1      -19.04    -19.04      3.30
      10/20     10/10       1     1     2       41.34     41.34      3.09
      10/20     10/10       1     1     3       24.69     24.69      1.83
      10/40     10/20       1     1     1      -16.92    -16.92      0.30
      10/40     10/20       1     1     2       39.34     39.34      0.09
      10/40     10/20       1     1     3       23.99     23.99      3.41
      10/80     10/40       1     1     1      -21.78    -21.78     -1.13
      10/80     10/40       1     1     2       37.01     37.01     -0.16
      10/80     10/40       1     1     3       20.22     20.22      3.72
     10/160     10/80       1     1     1      -21.78    -21.78     -0.19
     10/160     10/80       1     1     2       31.79     31.79      0.86
     10/160     10/80       1     1     3       16.78     16.78      1.89
     10/320    10/160       1     1     1      -21.78    -21.78    -10.58
     10/320    10/160       1     1     2       31.72     31.72     -2.79
     10/320    10/160       1     1     3       15.88     15.88     -1.15
     10/640    10/320       1     1     1      -21.78    -21.78    -29.82
     10/640    10/320       1     1     2       24.80     27.97     -4.32
     10/640    10/320       1     1     3       12.38     12.38     -2.39
    10/1280    10/640       1     1     1      -21.78    -21.78   -252.01  *
    10/1280    10/640       1     1     2       23.36     27.97   -252.35  *
    10/1280    10/640       1     1     3        8.51      8.51   -240.57  *
     10/480   10/1280       1     1     1      -21.78    -21.78   -251.94  *
     10/480   10/1280       1     1     2       23.36     27.97    -18.59
     10/480   10/1280       1     1     3        8.51      8.51     -7.89
     10/560   10/1280       1     1     2       23.36     27.97    -94.95  *
     10/560   10/1280       1     1     3        8.51      8.51    -76.43
     10/600   10/1280       1     1     3        8.51      8.51   -231.85  *
     10/580   10/1280       1     1     1      -21.78    -21.78   -250.75  *
     10/580   10/1280       1     1     2       23.36     27.97   -164.41  *
     10/580   10/1280       1     1     3        8.51      8.51   -145.14  *
     10/570   10/1280       1     1     1      -21.78    -21.78   -252.56  *
     10/570   10/1280       1     1     2       23.36     27.97   -128.77  *
     10/570   10/1280       1     1     3        8.51      8.51   -109.08  *
  PO1 =  170  PO2 =  570  Face =    1, Final PO-values from auto-convergence
 
  Edge 1:
  Max. value: ptd = 10600
 
 PO convergence
  Test-grid  Ref-grid    Freq  Beam  Grid       P_max   P_level  Accuracy
        ptd       ptd                           [dBi]     [dBi]      [dB]
         20        10       1     1     1      -74.13    -21.78    -51.64
         20        10       1     1     2      -18.98     27.97    -47.63
         20        10       1     1     3      -17.63      8.51    -26.69
         40        20       1     1     1      -73.86    -21.78    -56.38
         40        20       1     1     2      -20.64     27.97    -52.83
         40        20       1     1     3      -21.27      8.51    -32.09
         80        40       1     1     1      -74.58    -21.78    -55.72
         80        40       1     1     2      -21.09     27.97    -51.75
         80        40       1     1     3      -23.06      8.51    -36.14
        160        80       1     1     1      -74.58    -21.78    -56.81
        160        80       1     1     2      -26.00     27.97    -57.93
        160        80       1     1     3      -30.09      8.51    -38.61
        320       160       1     1     1      -74.58    -21.78    -65.42
        320       160       1     1     2      -29.29     27.97    -59.34
        320       160       1     1     3      -31.44      8.51    -40.26
        640       320       1     1     1      -74.58    -21.78    -65.54
        640       320       1     1     2      -32.02     27.97    -61.67
        640       320       1     1     3      -34.37      8.51    -43.67
       1280       640       1     1     1      -74.58    -21.78   -314.06  *
       1280       640       1     1     2      -36.54     27.97   -160.33  *
       1280       640       1     1     3      -43.01      8.51    -88.92  *
        480      1280       1     1     1      -74.58    -21.78   -308.49  *
        480      1280       1     1     2      -36.54     27.97    -63.78
        480      1280       1     1     3      -43.01      8.51    -44.56
        560      1280       1     1     2      -36.54     27.97   -104.00  *
        560      1280       1     1     3      -43.01      8.51    -84.44  *
        520      1280       1     1     1      -74.58    -21.78   -311.58  *
        520      1280       1     1     2      -36.54     27.97    -68.92
        520      1280       1     1     3      -43.01      8.51    -48.05
        540      1280       1     1     2      -36.54     27.97    -74.23
        540      1280       1     1     3      -43.01      8.51    -57.96
        550      1280       1     1     2      -36.54     27.97    -83.99  *
        550      1280       1     1     3      -43.01      8.51    -66.31
  PTD =  560              Edge =    1, Final PTD-value from auto-convergence.
 
  Relative power hitting scatterer:    0.989955
  Spill-over:     0.0438 dB
 
 ----- TASK No. 2 -----     Started at 16:07:36 on November 14, 2022
 dual_main_po get_currents ( source : sequence(ref(dual_sub_po)))
 
 
  *** Object name:  dual_main_po
  *** Class name :  po_single_face_scatterer
  *** Message    :  Get_currents message received
 
  Source : dual_sub_po
 
 
  *** Object name:  dual_main_po
  *** Class name :  po_single_face_scatterer
  *** Message    :  Initialization
 
 
  Auto-convergence with desired accuracy of -80.00 dB.
 
  Face 1:
  Max. values: po1/po2 = 4890/11740
 
  Name of currents file: tmp_0000
 
  Control values found in the file:
    No. of frequencies: 1
    No. of beams      : 1
    No. of faces      : 1
    No. of edges      : 1
    No. of gaps       : 0
 
  Frequency number  1 :   1.100 GHz
 
    Face No.      PO1       PO2     Partitions
          1       170       570         7
 
    Edge No.     PTD1
          1       560
 
 
 PO convergence
  Test-grid  Ref-grid    Freq  Beam  Grid       P_max   P_level  Accuracy
    po1/po2   po1/po2                           [dBi]     [dBi]      [dB]
      20/10     10/10       1     1     1      -17.07    -17.07      2.46
      20/10     10/10       1     1     2       42.93     42.93      2.65
      20/10     10/10       1     1     3       51.68     51.68     -7.43
      40/10     20/10       1     1     1      -20.67    -20.67      2.77
      40/10     20/10       1     1     2       37.72     37.72      4.07
      40/10     20/10       1     1     3       51.64     51.64    -11.03
      80/10     40/10       1     1     1      -21.65    -21.65      1.73
      80/10     40/10       1     1     2       39.53     39.53     -1.11
      80/10     40/10       1     1     3       51.63     51.63    -54.33
     160/10     80/10       1     1     1      -24.29    -24.29      1.39
     160/10     80/10       1     1     2       35.80     35.80      1.65
     160/10     80/10       1     1     3       51.64     51.64    -65.38
     320/10    160/10       1     1     1      -27.58    -27.58     -2.02
     320/10    160/10       1     1     2       35.82     35.82     -5.29
     320/10    160/10       1     1     3       51.64     51.64   -218.91  *
     640/10    320/10       1     1     1      -31.54    -31.54   -167.70  *
     640/10    320/10       1     1     2       35.82     35.82   -229.33  *
     240/10    640/10       1     1     1      -31.54    -31.54    -14.42
     240/10    640/10       1     1     2       35.82     35.82    -54.15
     280/10    640/10       1     1     1      -31.54    -31.54    -47.07
     280/10    640/10       1     1     2       35.82     35.82    -89.62  *
     300/10    640/10       1     1     1      -31.54    -31.54    -73.33
     310/10    640/10       1     1     1      -31.54    -31.54   -110.46  *
     305/10    640/10       1     1     1      -31.54    -31.54    -88.91  *
     305/10    640/10       1     1     2       35.82     35.82   -228.98  *
 
 PO convergence
  Test-grid  Ref-grid    Freq  Beam  Grid       P_max   P_level  Accuracy
    po1/po2   po1/po2                           [dBi]     [dBi]      [dB]
      10/20     10/10       1     1     1      -17.07    -17.07      3.62
      10/20     10/10       1     1     2       42.93     42.93      1.02
      10/20     10/10       1     1     3       51.68     51.68     -8.97
      10/40     10/20       1     1     1      -15.17    -15.17     -0.13
      10/40     10/20       1     1     2       41.74     41.74      1.71
      10/40     10/20       1     1     3       51.65     51.65    -13.10
      10/80     10/40       1     1     1      -19.05    -19.05     -0.82
      10/80     10/40       1     1     2       39.17     39.17      1.45
      10/80     10/40       1     1     3       51.66     51.66    -13.17
     10/160     10/80       1     1     1      -23.87    -23.87      2.38
     10/160     10/80       1     1     2       34.30     35.82     -0.26
     10/160     10/80       1     1     3       51.66     51.66    -25.60
     10/320    10/160       1     1     1      -24.21    -24.21      0.19
     10/320    10/160       1     1     2       32.27     35.82     -4.13
     10/320    10/160       1     1     3       51.66     51.66    -84.37  *
     10/640    10/320       1     1     1      -29.55    -29.55      0.68
     10/640    10/320       1     1     2       30.05     35.82     -7.79
    10/1280    10/640       1     1     1      -34.27    -31.54     -8.07
    10/1280    10/640       1     1     2       30.05     35.82    -18.35
    10/2560   10/1280       1     1     1      -35.97    -31.54   -252.94  *
    10/2560   10/1280       1     1     2       30.05     35.82   -258.54  *
     10/960   10/2560       1     1     1      -35.97    -31.54   -148.66  *
     10/960   10/2560       1     1     2       30.05     35.82   -259.39  *
     10/800   10/2560       1     1     1      -35.97    -31.54    -15.67
     10/800   10/2560       1     1     2       30.05     35.82    -35.20
     10/880   10/2560       1     1     1      -35.97    -31.54    -26.80
     10/880   10/2560       1     1     2       30.05     35.82    -76.37
     10/920   10/2560       1     1     1      -35.97    -31.54    -52.87
     10/920   10/2560       1     1     2       30.05     35.82   -183.74  *
     10/940   10/2560       1     1     1      -35.97    -31.54    -92.77  *
  PO1 =  305  PO2 =  940  Face =    1, Final PO-values from auto-convergence
 
  Edge 1:
  Max. value: ptd = 11740
 
 PO convergence
  Test-grid  Ref-grid    Freq  Beam  Grid       P_max   P_level  Accuracy
        ptd       ptd                           [dBi]     [dBi]      [dB]
         20        10       1     1     1      -78.74    -31.54    -50.79
         20        10       1     1     2      -21.13     35.82    -58.75
         20        10       1     1     3      -21.75     51.66    -77.71
         40        20       1     1     1      -80.48    -31.54    -51.48
         40        20       1     1     2      -23.77     35.82    -59.44
         40        20       1     1     3      -24.57     51.66    -77.52
         80        40       1     1     1      -84.43    -31.54    -56.88
         80        40       1     1     2      -26.24     35.82    -65.21
         80        40       1     1     3      -27.36     51.66    -79.14
        160        80       1     1     1      -86.77    -31.54    -56.94
        160        80       1     1     2      -26.53     35.82    -63.95
        160        80       1     1     3      -28.85     51.66    -82.40  *
        320       160       1     1     1      -91.02    -31.54    -60.39
        320       160       1     1     2      -28.36     35.82    -70.24
        320       160       1     1     3      -36.50     51.66   -114.91  *
        640       320       1     1     1      -92.72    -31.54    -66.77
        640       320       1     1     2      -28.36     35.82    -74.38
       1280       640       1     1     1      -92.16    -31.54    -61.49
       1280       640       1     1     2      -28.36     35.82    -79.35
       2560      1280       1     1     1     -102.50    -31.54   -289.27  *
       2560      1280       1     1     2      -28.36     35.82   -293.04  *
        960      2560       1     1     1     -102.50    -31.54   -121.58  *
        960      2560       1     1     2      -28.36     35.82   -140.33  *
        800      2560       1     1     1     -102.50    -31.54    -64.14
        800      2560       1     1     2      -28.36     35.82    -74.60
        880      2560       1     1     1     -102.50    -31.54    -70.56
        880      2560       1     1     2      -28.36     35.82    -97.66  *
        920      2560       1     1     1     -102.50    -31.54    -79.26
        940      2560       1     1     1     -102.50    -31.54   -111.49  *
  PTD =  940              Edge =    1, Final PTD-value from auto-convergence.
 
  Relative power hitting scatterer:    0.988337
  Spill-over:     0.0509 dB
 
 ----- TASK No. 3 -----     Started at 16:26:16 on November 14, 2022
 dual_cut get_field ( source : sequence(ref(dual_main_po)))
 
 
  *** Object name:  dual_cut
  *** Class name :  spherical_cut
  *** Message    :  Get_field message received
 
  Source : dual_main_po
 
  Name of currents file: tmp_0001
 
  Control values found in the file:
    No. of frequencies: 1
    No. of beams      : 1
    No. of faces      : 1
    No. of edges      : 1
    No. of gaps       : 0
 
  Frequency number  1 :   1.100 GHz
 
    Face No.      PO1       PO2     Partitions
          1       305       940        19
 
    Edge No.     PTD1
          1       940
 
 
 
  *** Object name:  dual_cut
  *** Class name :  spherical_cut
  *** Message    :  Field calculated
 
  Frequency No. :     1
  Beam No. :     1
 
 ----- TASK No. 4 -----     Started at 16:26:22 on November 14, 2022
 dual_cut add_field ( source : sequence(ref(dual_sub_po), ref(dual_feed)))
 
 
  *** Object name:  dual_cut
  *** Class name :  spherical_cut
  *** Message    :  Add_field message received
 
  Source : dual_sub_po
  Source : dual_feed
 
  Name of currents file: tmp_0000
 
  Control values found in the file:
    No. of frequencies: 1
    No. of beams      : 1
    No. of faces      : 1
    No. of edges      : 1
    No. of gaps       : 0
 
  Frequency number  1 :   1.100 GHz
 
    Face No.      PO1       PO2     Partitions
          1       170       570         7
 
    Edge No.     PTD1
          1       560
 
 
 
  *** Object name:  dual_cut
  *** Class name :  spherical_cut
  *** Message    :  Field calculated
 
  Frequency No. :     1
  Beam No. :     1
 
 
  *** Object name:  dual_cut
  *** Class name :  spherical_cut
  *** Message    :  Field calculated
 
  Frequency No. :     1
  Beam No. :     1
 
 ----- END OF TASKS -----     Completed at 16:26:24 on November 14, 2022
 Total time was 18:49 min
 Program stopped at 16:26:24 on 14 November 2022
 
