 
 
                                    G R A S P 9 - S E
                                    =================
 
  Student edition of General multi-reflector analysis program
 
 GRASP-SE version 10.3.0 (Linux amd64/em64t 64-bit)
 
 
 GRASP-SE found  20 CPU cores
 (Student edition limited to 1 CPU core)
 
  Reading tor-file: bingo.tor
 
 
  *** Object name:  dual_main_reflector
  *** Class name :  reflector
  *** Message    :  Object created
 
 
 
  *** Object name:  dual_main_reflector
  *** Class name :  reflector
  *** Message    :  New values in object
 
  Coordinate system: dual_global_coor
  Surface: dual_main_surface
  Rim: dual_main_rim
 
 
  *** Object name:  dual_global_coor
  *** Class name :  coor_sys
  *** Message    :  Object created
 
 
 
  *** Object name:  dual_global_coor
  *** Class name :  coor_sys
  *** Message    :  New values in object
 
  Z_axis :     0.000000    0.000000    1.000000
 
 
  *** Object name:  dual_main_surface
  *** Class name :  paraboloid
  *** Message    :  Object created
 
 
 
  *** Object name:  dual_main_surface
  *** Class name :  paraboloid
  *** Message    :  New values in object
 
 
  Focal length     :    140.000 m
   and in SI units :    140.000 meter
 
 
  *** Object name:  dual_main_rim
  *** Class name :  elliptical_rim
  *** Message    :  Object created
 
 
 
  *** Object name:  dual_main_rim
  *** Class name :  elliptical_rim
  *** Message    :  Definition of elliptical_rim
 
  The rim centre is placed at
    x :   -226.541 m
    y :    0.00000 m
  and in SI units
    x :   -226.541     meter
    y :    0.00000     meter
 
  The half axes of the ellipse are defined by
    in x-direction :    20.0000 m
    in y-direction :    20.0000 m
  and in SI units
    in x-direction :    20.0000     meter
    in y-direction :    20.0000     meter
 
  The rim limits in radii are
    minimum :    20.0000     meter
    maximum :    20.0000     meter
 
  The rim limits in x direction are
    minimum :   -246.541     meter
    maximum :   -206.541     meter
 
  The rim limits in y direction are
    minimum :   -20.0000     meter
    maximum :    20.0000     meter
 
 
  *** Object name:  dual_sub_reflector
  *** Class name :  reflector
  *** Message    :  Object created
 
 
 
  *** Object name:  dual_sub_reflector
  *** Class name :  reflector
  *** Message    :  New values in object
 
  Coordinate system: dual_sub_coor
  Surface: dual_sub_surface
  Rim: dual_sub_rim
 
 
  *** Object name:  dual_sub_surface
  *** Class name :  hyperboloid
  *** Message    :  Object created
 
 
 
  *** Object name:  dual_sub_surface
  *** Class name :  hyperboloid
  *** Message    :  New values in object
 
 
  Distance between the vertices, 2a :   -148.235 m
   and in SI units                  :   -148.235 meter
 
  Distance between the foci, 2c     :    252.000 m
   and in SI units                  :    252.000 meter
 
    giving the eccentricity         :   -1.70000
 
 
  *** Object name:  dual_sub_rim
  *** Class name :  elliptical_rim
  *** Message    :  Object created
 
 
 
  *** Object name:  dual_sub_rim
  *** Class name :  elliptical_rim
  *** Message    :  Definition of elliptical_rim
 
  The rim centre is placed at
    x :    26.2883 m
    y :    0.00000 m
  and in SI units
    x :    26.2883     meter
    y :    0.00000     meter
 
  The half axes of the ellipse are defined by
    in x-direction :    18.3404 m
    in y-direction :    17.7753 m
  and in SI units
    in x-direction :    18.3404     meter
    in y-direction :    17.7753     meter
 
  The rim limits in radii are
    minimum :    17.7753     meter
    maximum :    18.3404     meter
 
  The rim limits in x direction are
    minimum :    7.94790     meter
    maximum :    44.6287     meter
 
  The rim limits in y direction are
    minimum :   -17.7753     meter
    maximum :    17.7753     meter
 
 
  *** Object name:  dual_feed
  *** Class name :  gaussian_beam_pattern
  *** Message    :  Object created
 
 
 
  *** Object name:  dual_feed
  *** Class name :  gaussian_beam_pattern
  *** Message    :  Object created
 
 
 
  *** Object name:  dual_feed
  *** Class name :  gaussian_beam_pattern
  *** Message    :  New values in object
 
  Frequency : dual_frequencies
  Coor_sys : corneta_coor
 
 
  *** Object name:  dual_feed
  *** Class name :  gaussian_beam_pattern
  *** Message    :  Definition of common feed attributes
 
 
 
  *** Object name:  dual_feed
  *** Class name :  gaussian_beam_pattern
  *** Message    :  Definition of gaussian feed
 
 
  Taper angle :   17.9809 degrees
 
  Taper compared to on-axis level :  -20.0000 dB
 
  The imaginary displacement along the negative z-axis
    is   7.42280 wavelengths
 
 
  *** Object name:  dual_frequencies
  *** Class name :  frequency
  *** Message    :  Object created
 
 
 
  *** Object name:  dual_frequencies
  *** Class name :  frequency
  *** Message    :  New values in object
 
  Frequency No.    1  :   0.110000E+01 GHz
 
 
  *** Object name:  dual_feed_coor
  *** Class name :  coor_sys
  *** Message    :  Object created
 
 
 
  *** Object name:  dual_feed_coor
  *** Class name :  coor_sys
  *** Message    :  New values in object
 
  Origin :  -0.244996E+02 m     0.000000E+00 m     0.263920E+02 m
  Base name : dual_cut_coor
  X_axis :    -0.370197    0.000000   -0.928953
  Y_axis :     0.000000    1.000000    0.000000
  Z_axis :     0.928953    0.000000   -0.370197
 
 
  *** Object name:  dual_cut
  *** Class name :  spherical_cut
  *** Message    :  Object created
 
 
 
  *** Object name:  dual_cut
  *** Class name :  spherical_cut
  *** Message    :  New values in object
 
  File name : bingo.cut
  Coor_sys : dual_cut_coor
  Theta range : start  -5.00000    end  95.00000    points  3001
  Phi range : start   0.00000    end   0.00000    points     1
 
 
  *** Object name:  dual_cut_coor
  *** Class name :  coor_sys
  *** Message    :  Object created
 
 
 
  *** Object name:  dual_cut_coor
  *** Class name :  coor_sys
  *** Message    :  New values in object
 
  Origin :  -0.226541E+03 m     0.000000E+00 m     0.916447E+02 m
  Base name : dual_global_coor
  Z_axis :     0.000000    0.000000    1.000000
 
 
  *** Object name:  dual_main_po
  *** Class name :  po_single_face_scatterer
  *** Message    :  Object created
 
 
 
  *** Object name:  dual_main_po
  *** Class name :  po_single_face_scatterer
  *** Message    :  New values in object
 
  Frequency : dual_frequencies
  Scatterer : dual_main_reflector
 
 
  *** Object name:  dual_sub_po
  *** Class name :  po_single_face_scatterer
  *** Message    :  Object created
 
 
 
  *** Object name:  dual_sub_po
  *** Class name :  po_single_face_scatterer
  *** Message    :  New values in object
 
  Frequency : dual_frequencies
  Scatterer : dual_sub_reflector
 
 
  *** Object name:  spherical_grid
  *** Class name :  spherical_grid
  *** Message    :  Object created
 
 
 
  *** Object name:  spherical_grid
  *** Class name :  spherical_grid
  *** Message    :  New values in object
 
  File name :
  Coor_sys : dual_cut_coor
  X range : start  -0.20000    end   0.20000    points   151
  Y range : start  -0.20000    end   0.20000    points   151
 
 
  *** Object name:  corneta_coor
  *** Class name :  coor_sys
  *** Message    :  Object created
 
 
 
  *** Object name:  corneta_coor
  *** Class name :  coor_sys
  *** Message    :  New values in object
 
  Origin :   0.000000E+00 cm    0.000000E+00 m     0.000000E+00 m
  Base name : dual_feed_coor
  X_axis :     1.000000    0.000000    0.000000
  Y_axis :     0.000000    1.000000    0.000000
  Z_axis :     0.000000    0.000000    1.000000
 
 
  *** Object name:  dual_sub_coor
  *** Class name :  coor_sys
  *** Message    :  Object created
 
 
 
  *** Object name:  dual_sub_coor
  *** Class name :  coor_sys
  *** Message    :  New values in object
 
  Origin :   0.226598E+03 m     0.000000E+00 m     0.483553E+02 m
  Base name : dual_cut_coor
  X_axis :     0.087156    0.000000   -0.996195
  Y_axis :     0.000000   -1.000000    0.000000
  Z_axis :    -0.996195    0.000000   -0.087156
 Program started at 16:07:22 on 14 November 2022
 
 
 ----- TASK No. 1 -----     Started at 16:07:22 on November 14, 2022
 dual_sub_po get_currents ( source : sequence(ref(dual_feed)))
 
 
  *** Object name:  dual_sub_po
  *** Class name :  po_single_face_scatterer
  *** Message    :  Get_currents message received
 
  Source : dual_feed
 
 
  *** Object name:  dual_sub_po
  *** Class name :  po_single_face_scatterer
  *** Message    :  Initialization
 
 
  Auto-convergence with desired accuracy of -80.00 dB.
 
  Face 1:
  Max. values: po1/po2 = 4410/10600
 
 PO convergence
  Test-grid  Ref-grid    Freq  Beam  Grid       P_max   P_level  Accuracy
    po1/po2   po1/po2                           [dBi]     [dBi]      [dB]
      20/10     10/10       1     1     1      -18.11    -18.11      2.42
      20/10     10/10       1     1     2       41.55     41.55     -0.51
      20/10     10/10       1     1     3       24.72     24.72      2.29
      40/10     20/10       1     1     1      -17.69    -17.69      1.12
      40/10     20/10       1     1     2       36.63     36.63      0.70
      40/10     20/10       1     1     3       22.57     22.57      3.48
      80/10     40/10       1     1     1      -19.96    -19.96      0.49
      80/10     40/10       1     1     2       33.70     33.70      4.01
      80/10     40/10       1     1     3       23.22     23.22      1.59
     160/10     80/10       1     1     1      -27.51    -27.51     -2.59
     160/10     80/10       1     1     2       31.49     31.49     -1.16
     160/10     80/10       1     1     3       12.70     12.70     -0.05
     320/10    160/10       1     1     1      -27.58    -27.58   -235.90  *
     320/10    160/10       1     1     2       27.96     27.96    -67.74
     320/10    160/10       1     1     3        1.74      1.74    -41.52
     640/10    320/10       1     1     2       27.96     27.96   -223.08  *
     640/10    320/10       1     1     3        1.75      1.75   -204.92  *
     240/10    640/10       1     1     2       27.96     27.96   -221.87  *
     240/10    640/10       1     1     3        1.75      1.75   -203.55  *
     200/10    640/10       1     1     2       27.96     27.96   -221.59  *
     200/10    640/10       1     1     3        1.75      1.75   -203.36  *
     180/10    640/10       1     1     2       27.96     27.96   -221.32  *
     180/10    640/10       1     1     3        1.75      1.75   -202.94  *
     170/10    640/10       1     1     2       27.96     27.96   -140.88  *
     170/10    640/10       1     1     3        1.75      1.75   -114.93  *
     165/10    640/10       1     1     2       27.96     27.96   -101.30  *
     165/10    640/10       1     1     3        1.75      1.75    -75.13
 
 PO convergence
  Test-grid  Ref-grid    Freq  Beam  Grid       P_max   P_level  Accuracy
    po1/po2   po1/po2                           [dBi]     [dBi]      [dB]
      10/20     10/10       1     1     1      -18.11    -18.11      1.88
      10/20     10/10       1     1     2       41.55     41.55      2.98
      10/20     10/10       1     1     3       24.72     24.72      1.85
      10/40     10/20       1     1     1      -16.13    -16.13     -0.30
      10/40     10/20       1     1     2       39.29     39.29      0.09
      10/40     10/20       1     1     3       23.98     23.98      3.50
      10/80     10/40       1     1     1      -21.83    -21.83     -0.90
      10/80     10/40       1     1     2       37.07     37.07     -0.36
      10/80     10/40       1     1     3       20.25     20.25      3.67
     10/160     10/80       1     1     1      -21.83    -21.83     -0.25
     10/160     10/80       1     1     2       32.08     32.08      0.51
     10/160     10/80       1     1     3       16.54     16.54      2.54
     10/320    10/160       1     1     1      -21.83    -21.83    -11.02
     10/320    10/160       1     1     2       31.88     31.88     -3.04
     10/320    10/160       1     1     3       16.00     16.00     -1.25
     10/640    10/320       1     1     1      -21.83    -21.83    -29.54
     10/640    10/320       1     1     2       24.62     27.96     -4.51
     10/640    10/320       1     1     3       12.59     12.59     -2.35
    10/1280    10/640       1     1     1      -21.83    -21.83   -252.81  *
    10/1280    10/640       1     1     2       23.50     27.96   -248.70  *
    10/1280    10/640       1     1     3        8.56      8.56   -243.80  *
     10/480   10/1280       1     1     1      -21.83    -21.83   -253.34  *
     10/480   10/1280       1     1     2       23.50     27.96    -18.55
     10/480   10/1280       1     1     3        8.56      8.56     -7.81
     10/560   10/1280       1     1     2       23.50     27.96    -95.10  *
     10/560   10/1280       1     1     3        8.56      8.56    -76.71
     10/600   10/1280       1     1     3        8.56      8.56   -232.14  *
     10/580   10/1280       1     1     1      -21.83    -21.83   -249.40  *
     10/580   10/1280       1     1     2       23.50     27.96   -164.66  *
     10/580   10/1280       1     1     3        8.56      8.56   -145.44  *
     10/570   10/1280       1     1     1      -21.83    -21.83   -253.31  *
     10/570   10/1280       1     1     2       23.50     27.96   -128.99  *
     10/570   10/1280       1     1     3        8.56      8.56   -109.27  *
  PO1 =  170  PO2 =  570  Face =    1, Final PO-values from auto-convergence
 
  Edge 1:
  Max. value: ptd = 10600
 
 PO convergence
  Test-grid  Ref-grid    Freq  Beam  Grid       P_max   P_level  Accuracy
        ptd       ptd                           [dBi]     [dBi]      [dB]
         20        10       1     1     1      -73.83    -21.83    -51.75
         20        10       1     1     2      -18.93     27.96    -47.67
         20        10       1     1     3      -17.74      8.56    -26.70
         40        20       1     1     1      -73.38    -21.83    -56.85
         40        20       1     1     2      -20.28     27.96    -52.55
         40        20       1     1     3      -21.45      8.56    -32.17
         80        40       1     1     1      -75.15    -21.83    -55.76
         80        40       1     1     2      -21.01     27.96    -51.65
         80        40       1     1     3      -23.00      8.56    -36.22
        160        80       1     1     1      -75.15    -21.83    -56.23
        160        80       1     1     2      -26.06     27.96    -57.75
        160        80       1     1     3      -29.92      8.56    -38.72
        320       160       1     1     1      -75.15    -21.83    -65.47
        320       160       1     1     2      -29.47     27.96    -59.14
        320       160       1     1     3      -31.09      8.56    -40.50
        640       320       1     1     1      -75.15    -21.83    -66.51
        640       320       1     1     2      -32.32     27.96    -61.61
        640       320       1     1     3      -34.40      8.56    -43.75
       1280       640       1     1     1      -75.15    -21.83   -313.50  *
       1280       640       1     1     2      -36.31     27.96   -160.29  *
       1280       640       1     1     3      -42.97      8.56    -88.92  *
        480      1280       1     1     1      -75.15    -21.83   -309.94  *
        480      1280       1     1     2      -36.31     27.96    -63.79
        480      1280       1     1     3      -42.97      8.56    -44.61
        560      1280       1     1     2      -36.31     27.96   -104.15  *
        560      1280       1     1     3      -42.97      8.56    -84.47  *
        520      1280       1     1     1      -75.15    -21.83   -311.16  *
        520      1280       1     1     2      -36.31     27.96    -68.86
        520      1280       1     1     3      -42.97      8.56    -48.17
        540      1280       1     1     2      -36.31     27.96    -74.18
        540      1280       1     1     3      -42.97      8.56    -57.96
        550      1280       1     1     2      -36.31     27.96    -84.08  *
        550      1280       1     1     3      -42.97      8.56    -66.39
  PTD =  560              Edge =    1, Final PTD-value from auto-convergence.
 
  Relative power hitting scatterer:    0.989868
  Spill-over:     0.0442 dB
 
 ----- TASK No. 2 -----     Started at 16:07:24 on November 14, 2022
 dual_main_po get_currents ( source : sequence(ref(dual_sub_po)))
 
 
  *** Object name:  dual_main_po
  *** Class name :  po_single_face_scatterer
  *** Message    :  Get_currents message received
 
  Source : dual_sub_po
 
 
  *** Object name:  dual_main_po
  *** Class name :  po_single_face_scatterer
  *** Message    :  Initialization
 
 
  Auto-convergence with desired accuracy of -80.00 dB.
 
  Face 1:
  Max. values: po1/po2 = 4890/11740
 
  Name of currents file: tmp_0000
 
  Control values found in the file:
    No. of frequencies: 1
    No. of beams      : 1
    No. of faces      : 1
    No. of edges      : 1
    No. of gaps       : 0
 
  Frequency number  1 :   1.100 GHz
 
    Face No.      PO1       PO2     Partitions
          1       170       570         7
 
    Edge No.     PTD1
          1       560
 
 
 PO convergence
  Test-grid  Ref-grid    Freq  Beam  Grid       P_max   P_level  Accuracy
    po1/po2   po1/po2                           [dBi]     [dBi]      [dB]
      20/10     10/10       1     1     1      -17.37    -17.37      2.69
      20/10     10/10       1     1     2       42.82     42.82      2.67
      20/10     10/10       1     1     3       51.67     51.67     -7.12
      40/10     20/10       1     1     1      -20.43    -20.43      3.16
      40/10     20/10       1     1     2       37.61     37.61      3.97
      40/10     20/10       1     1     3       51.62     51.62    -10.73
      80/10     40/10       1     1     1      -21.20    -21.20      1.11
      80/10     40/10       1     1     2       39.70     39.70     -1.16
      80/10     40/10       1     1     3       51.61     51.61    -53.67
     160/10     80/10       1     1     1      -23.30    -23.30      0.97
     160/10     80/10       1     1     2       35.98     35.98      1.60
     160/10     80/10       1     1     3       51.62     51.62    -65.20
     320/10    160/10       1     1     1      -27.65    -27.65     -1.93
     320/10    160/10       1     1     2       36.00     36.00     -5.37
     320/10    160/10       1     1     3       51.62     51.62   -220.83  *
     640/10    320/10       1     1     1      -31.61    -31.61   -167.70  *
     640/10    320/10       1     1     2       36.00     36.00   -229.37  *
     240/10    640/10       1     1     1      -31.61    -31.61    -14.42
     240/10    640/10       1     1     2       36.00     36.00    -54.08
     280/10    640/10       1     1     1      -31.61    -31.61    -46.99
     280/10    640/10       1     1     2       36.00     36.00    -89.80  *
     300/10    640/10       1     1     1      -31.61    -31.61    -73.25
     310/10    640/10       1     1     1      -31.61    -31.61   -110.42  *
     305/10    640/10       1     1     1      -31.61    -31.61    -88.85  *
     305/10    640/10       1     1     2       36.00     36.00   -229.00  *
 
 PO convergence
  Test-grid  Ref-grid    Freq  Beam  Grid       P_max   P_level  Accuracy
    po1/po2   po1/po2                           [dBi]     [dBi]      [dB]
      10/20     10/10       1     1     1      -17.37    -17.37      3.75
      10/20     10/10       1     1     2       42.82     42.82      1.05
      10/20     10/10       1     1     3       51.67     51.67     -9.17
      10/40     10/20       1     1     1      -14.98    -14.98      0.82
      10/40     10/20       1     1     2       41.82     41.82      1.70
      10/40     10/20       1     1     3       51.64     51.64    -12.77
      10/80     10/40       1     1     1      -18.47    -18.47     -1.34
      10/80     10/40       1     1     2       39.33     39.33      1.39
      10/80     10/40       1     1     3       51.64     51.64    -13.04
     10/160     10/80       1     1     1      -23.65    -23.65      1.92
     10/160     10/80       1     1     2       34.28     36.00     -0.57
     10/160     10/80       1     1     3       51.64     51.64    -25.55
     10/320    10/160       1     1     1      -25.57    -25.57      2.37
     10/320    10/160       1     1     2       32.26     36.00     -4.38
     10/320    10/160       1     1     3       51.64     51.64    -83.94  *
     10/640    10/320       1     1     1      -28.36    -28.36      0.56
     10/640    10/320       1     1     2       30.06     36.00     -7.98
    10/1280    10/640       1     1     1      -34.11    -31.61     -7.20
    10/1280    10/640       1     1     2       30.06     36.00    -18.16
    10/2560   10/1280       1     1     1      -35.95    -31.61   -252.77  *
    10/2560   10/1280       1     1     2       30.06     36.00   -258.38  *
     10/960   10/2560       1     1     1      -35.95    -31.61   -148.03  *
     10/960   10/2560       1     1     2       30.06     36.00   -260.05  *
     10/800   10/2560       1     1     1      -35.95    -31.61    -15.55
     10/800   10/2560       1     1     2       30.06     36.00    -35.25
     10/880   10/2560       1     1     1      -35.95    -31.61    -26.65
     10/880   10/2560       1     1     2       30.06     36.00    -76.30
     10/920   10/2560       1     1     1      -35.95    -31.61    -52.54
     10/920   10/2560       1     1     2       30.06     36.00   -183.50  *
     10/940   10/2560       1     1     1      -35.95    -31.61    -92.27  *
  PO1 =  305  PO2 =  940  Face =    1, Final PO-values from auto-convergence
 
  Edge 1:
  Max. value: ptd = 11740
 
 PO convergence
  Test-grid  Ref-grid    Freq  Beam  Grid       P_max   P_level  Accuracy
        ptd       ptd                           [dBi]     [dBi]      [dB]
         20        10       1     1     1      -79.27    -31.61    -50.81
         20        10       1     1     2      -21.09     36.00    -59.23
         20        10       1     1     3      -21.61     51.64    -77.38
         40        20       1     1     1      -81.44    -31.61    -51.72
         40        20       1     1     2      -23.75     36.00    -59.64
         40        20       1     1     3      -24.66     51.64    -77.21
         80        40       1     1     1      -83.51    -31.61    -57.00
         80        40       1     1     2      -26.39     36.00    -65.65
         80        40       1     1     3      -27.46     51.64    -79.20
        160        80       1     1     1      -87.18    -31.61    -56.12
        160        80       1     1     2      -26.54     36.00    -64.14
        160        80       1     1     3      -28.93     51.64    -82.20  *
        320       160       1     1     1      -90.80    -31.61    -60.58
        320       160       1     1     2      -28.44     36.00    -70.26
        320       160       1     1     3      -34.30     51.64   -114.25  *
        640       320       1     1     1      -92.71    -31.61    -66.93
        640       320       1     1     2      -28.44     36.00    -74.49
       1280       640       1     1     1      -92.82    -31.61    -61.05
       1280       640       1     1     2      -28.44     36.00    -79.44
       2560      1280       1     1     1     -102.35    -31.61   -289.09  *
       2560      1280       1     1     2      -28.44     36.00   -278.69  *
        960      2560       1     1     1     -102.35    -31.61   -121.33  *
        960      2560       1     1     2      -28.44     36.00   -140.82  *
        800      2560       1     1     1     -102.35    -31.61    -64.30
        800      2560       1     1     2      -28.44     36.00    -74.92
        880      2560       1     1     1     -102.35    -31.61    -70.60
        880      2560       1     1     2      -28.44     36.00    -97.68  *
        920      2560       1     1     1     -102.35    -31.61    -78.99
        940      2560       1     1     1     -102.35    -31.61   -111.20  *
  PTD =  940              Edge =    1, Final PTD-value from auto-convergence.
 
  Relative power hitting scatterer:    0.988245
  Spill-over:     0.0514 dB
 
 ----- TASK No. 3 -----     Started at 16:25:20 on November 14, 2022
 dual_cut get_field ( source : sequence(ref(dual_main_po)))
 
 
  *** Object name:  dual_cut
  *** Class name :  spherical_cut
  *** Message    :  Get_field message received
 
  Source : dual_main_po
 
  Name of currents file: tmp_0001
 
  Control values found in the file:
    No. of frequencies: 1
    No. of beams      : 1
    No. of faces      : 1
    No. of edges      : 1
    No. of gaps       : 0
 
  Frequency number  1 :   1.100 GHz
 
    Face No.      PO1       PO2     Partitions
          1       305       940        19
 
    Edge No.     PTD1
          1       940
 
 
 
  *** Object name:  dual_cut
  *** Class name :  spherical_cut
  *** Message    :  Field calculated
 
  Frequency No. :     1
  Beam No. :     1
 
 ----- TASK No. 4 -----     Started at 16:25:26 on November 14, 2022
 dual_cut add_field ( source : sequence(ref(dual_sub_po), ref(dual_feed)))
 
 
  *** Object name:  dual_cut
  *** Class name :  spherical_cut
  *** Message    :  Add_field message received
 
  Source : dual_sub_po
  Source : dual_feed
 
  Name of currents file: tmp_0000
 
  Control values found in the file:
    No. of frequencies: 1
    No. of beams      : 1
    No. of faces      : 1
    No. of edges      : 1
    No. of gaps       : 0
 
  Frequency number  1 :   1.100 GHz
 
    Face No.      PO1       PO2     Partitions
          1       170       570         7
 
    Edge No.     PTD1
          1       560
 
 
 
  *** Object name:  dual_cut
  *** Class name :  spherical_cut
  *** Message    :  Field calculated
 
  Frequency No. :     1
  Beam No. :     1
 
 
  *** Object name:  dual_cut
  *** Class name :  spherical_cut
  *** Message    :  Field calculated
 
  Frequency No. :     1
  Beam No. :     1
 
 ----- END OF TASKS -----     Completed at 16:25:28 on November 14, 2022
 Total time was 18:06 min
 Program stopped at 16:25:28 on 14 November 2022
 
