1668009080.191225 2022-11-09 12:51:20 MainProcess-64066 MainThread-140572690736960 parsl.dataflow.dflow:87 __init__ INFO: Starting DataFlowKernel with config
Config(
    app_cache=True, 
    checkpoint_files=None, 
    checkpoint_mode=None, 
    checkpoint_period=None, 
    executors=[ThreadPoolExecutor(
        label='threads', 
        managed=True, 
        max_threads=2, 
        storage_access=None, 
        thread_name_prefix='', 
        working_dir=None
    )], 
    garbage_collect=True, 
    initialize_logging=True, 
    internal_tasks_max_threads=10, 
    max_idletime=120.0, 
    monitoring=None, 
    retries=0, 
    retry_handler=None, 
    run_dir='runinfo', 
    strategy='simple', 
    usage_tracking=False
)
1668009080.191437 2022-11-09 12:51:20 MainProcess-64066 MainThread-140572690736960 parsl.dataflow.dflow:89 __init__ INFO: Parsl version: 2022.11.07
1668009080.191569 2022-11-09 12:51:20 MainProcess-64066 MainThread-140572690736960 parsl.dataflow.usage_tracking.usage:129 __init__ DEBUG: Tracking status: False
1668009080.191747 2022-11-09 12:51:20 MainProcess-64066 MainThread-140572690736960 parsl.dataflow.dflow:115 __init__ INFO: Run id is: afdc995f-a9c3-4dfb-8195-bf291cf1b4e1
1668009080.314452 2022-11-09 12:51:20 MainProcess-64066 MainThread-140572690736960 parsl.dataflow.dflow:122 __init__ DEBUG: Considering candidate for workflow name: /opt/miniconda3/envs/uirapuru/lib/python3.8/site-packages/parsl/dataflow/dflow.py
1668009080.314570 2022-11-09 12:51:20 MainProcess-64066 MainThread-140572690736960 parsl.dataflow.dflow:122 __init__ DEBUG: Considering candidate for workflow name: /opt/miniconda3/envs/uirapuru/lib/python3.8/site-packages/parsl/dataflow/dflow.py
1668009080.314641 2022-11-09 12:51:20 MainProcess-64066 MainThread-140572690736960 parsl.dataflow.dflow:122 __init__ DEBUG: Considering candidate for workflow name: /opt/miniconda3/envs/uirapuru/lib/python3.8/site-packages/typeguard/__init__.py
1668009080.314712 2022-11-09 12:51:20 MainProcess-64066 MainThread-140572690736960 parsl.dataflow.dflow:122 __init__ DEBUG: Considering candidate for workflow name: /tmp/ipykernel_64066/562115998.py
1668009080.314784 2022-11-09 12:51:20 MainProcess-64066 MainThread-140572690736960 parsl.dataflow.dflow:128 __init__ DEBUG: Using 562115998.py as workflow name
1668009080.315011 2022-11-09 12:51:20 MainProcess-64066 MainThread-140572690736960 parsl.dataflow.memoization:174 __init__ INFO: App caching initialized
1668009080.315110 2022-11-09 12:51:20 MainProcess-64066 MainThread-140572690736960 parsl.dataflow.strategy:127 __init__ DEBUG: Scaling strategy: simple
1668009081.315495 2022-11-09 12:51:21 MainProcess-64066 FlowControl-Thread-140570811225664 parsl.dataflow.strategy:166 _general_strategy DEBUG: general strategy starting with strategy_type simple for 0 executors
1668009081.315692 2022-11-09 12:51:21 MainProcess-64066 FlowControl-Thread-140570811225664 parsl.process_loggers:28 wrapped DEBUG: Normal ending for _general_strategy on thread FlowControl-Thread
1668009086.315608 2022-11-09 12:51:26 MainProcess-64066 FlowControl-Thread-140570811225664 parsl.dataflow.strategy:166 _general_strategy DEBUG: general strategy starting with strategy_type simple for 0 executors
1668009086.315791 2022-11-09 12:51:26 MainProcess-64066 FlowControl-Thread-140570811225664 parsl.process_loggers:28 wrapped DEBUG: Normal ending for _general_strategy on thread FlowControl-Thread
1668009091.315778 2022-11-09 12:51:31 MainProcess-64066 FlowControl-Thread-140570811225664 parsl.dataflow.strategy:166 _general_strategy DEBUG: general strategy starting with strategy_type simple for 0 executors
1668009091.316012 2022-11-09 12:51:31 MainProcess-64066 FlowControl-Thread-140570811225664 parsl.process_loggers:28 wrapped DEBUG: Normal ending for _general_strategy on thread FlowControl-Thread
1668009096.316008 2022-11-09 12:51:36 MainProcess-64066 FlowControl-Thread-140570811225664 parsl.dataflow.strategy:166 _general_strategy DEBUG: general strategy starting with strategy_type simple for 0 executors
1668009096.316324 2022-11-09 12:51:36 MainProcess-64066 FlowControl-Thread-140570811225664 parsl.process_loggers:28 wrapped DEBUG: Normal ending for _general_strategy on thread FlowControl-Thread
1668009101.316188 2022-11-09 12:51:41 MainProcess-64066 FlowControl-Thread-140570811225664 parsl.dataflow.strategy:166 _general_strategy DEBUG: general strategy starting with strategy_type simple for 0 executors
1668009101.316487 2022-11-09 12:51:41 MainProcess-64066 FlowControl-Thread-140570811225664 parsl.process_loggers:28 wrapped DEBUG: Normal ending for _general_strategy on thread FlowControl-Thread
1668009106.316442 2022-11-09 12:51:46 MainProcess-64066 FlowControl-Thread-140570811225664 parsl.dataflow.strategy:166 _general_strategy DEBUG: general strategy starting with strategy_type simple for 0 executors
1668009106.316675 2022-11-09 12:51:46 MainProcess-64066 FlowControl-Thread-140570811225664 parsl.process_loggers:28 wrapped DEBUG: Normal ending for _general_strategy on thread FlowControl-Thread
1668009111.316573 2022-11-09 12:51:51 MainProcess-64066 FlowControl-Thread-140570811225664 parsl.dataflow.strategy:166 _general_strategy DEBUG: general strategy starting with strategy_type simple for 0 executors
1668009111.316810 2022-11-09 12:51:51 MainProcess-64066 FlowControl-Thread-140570811225664 parsl.process_loggers:28 wrapped DEBUG: Normal ending for _general_strategy on thread FlowControl-Thread
1668009116.316731 2022-11-09 12:51:56 MainProcess-64066 FlowControl-Thread-140570811225664 parsl.dataflow.strategy:166 _general_strategy DEBUG: general strategy starting with strategy_type simple for 0 executors
1668009116.316963 2022-11-09 12:51:56 MainProcess-64066 FlowControl-Thread-140570811225664 parsl.process_loggers:28 wrapped DEBUG: Normal ending for _general_strategy on thread FlowControl-Thread
1668009121.316929 2022-11-09 12:52:01 MainProcess-64066 FlowControl-Thread-140570811225664 parsl.dataflow.strategy:166 _general_strategy DEBUG: general strategy starting with strategy_type simple for 0 executors
1668009121.317171 2022-11-09 12:52:01 MainProcess-64066 FlowControl-Thread-140570811225664 parsl.process_loggers:28 wrapped DEBUG: Normal ending for _general_strategy on thread FlowControl-Thread
1668009126.317120 2022-11-09 12:52:06 MainProcess-64066 FlowControl-Thread-140570811225664 parsl.dataflow.strategy:166 _general_strategy DEBUG: general strategy starting with strategy_type simple for 0 executors
1668009126.317351 2022-11-09 12:52:06 MainProcess-64066 FlowControl-Thread-140570811225664 parsl.process_loggers:28 wrapped DEBUG: Normal ending for _general_strategy on thread FlowControl-Thread
1668009131.317218 2022-11-09 12:52:11 MainProcess-64066 FlowControl-Thread-140570811225664 parsl.dataflow.strategy:166 _general_strategy DEBUG: general strategy starting with strategy_type simple for 0 executors
1668009131.317383 2022-11-09 12:52:11 MainProcess-64066 FlowControl-Thread-140570811225664 parsl.process_loggers:28 wrapped DEBUG: Normal ending for _general_strategy on thread FlowControl-Thread
1668009136.317331 2022-11-09 12:52:16 MainProcess-64066 FlowControl-Thread-140570811225664 parsl.dataflow.strategy:166 _general_strategy DEBUG: general strategy starting with strategy_type simple for 0 executors
1668009136.317503 2022-11-09 12:52:16 MainProcess-64066 FlowControl-Thread-140570811225664 parsl.process_loggers:28 wrapped DEBUG: Normal ending for _general_strategy on thread FlowControl-Thread
1668009141.317516 2022-11-09 12:52:21 MainProcess-64066 FlowControl-Thread-140570811225664 parsl.dataflow.strategy:166 _general_strategy DEBUG: general strategy starting with strategy_type simple for 0 executors
1668009141.317748 2022-11-09 12:52:21 MainProcess-64066 FlowControl-Thread-140570811225664 parsl.process_loggers:28 wrapped DEBUG: Normal ending for _general_strategy on thread FlowControl-Thread
1668009146.317700 2022-11-09 12:52:26 MainProcess-64066 FlowControl-Thread-140570811225664 parsl.dataflow.strategy:166 _general_strategy DEBUG: general strategy starting with strategy_type simple for 0 executors
1668009146.317945 2022-11-09 12:52:26 MainProcess-64066 FlowControl-Thread-140570811225664 parsl.process_loggers:28 wrapped DEBUG: Normal ending for _general_strategy on thread FlowControl-Thread
1668009151.317853 2022-11-09 12:52:31 MainProcess-64066 FlowControl-Thread-140570811225664 parsl.dataflow.strategy:166 _general_strategy DEBUG: general strategy starting with strategy_type simple for 0 executors
1668009151.318102 2022-11-09 12:52:31 MainProcess-64066 FlowControl-Thread-140570811225664 parsl.process_loggers:28 wrapped DEBUG: Normal ending for _general_strategy on thread FlowControl-Thread
1668009156.318004 2022-11-09 12:52:36 MainProcess-64066 FlowControl-Thread-140570811225664 parsl.dataflow.strategy:166 _general_strategy DEBUG: general strategy starting with strategy_type simple for 0 executors
1668009156.318237 2022-11-09 12:52:36 MainProcess-64066 FlowControl-Thread-140570811225664 parsl.process_loggers:28 wrapped DEBUG: Normal ending for _general_strategy on thread FlowControl-Thread
1668009161.318210 2022-11-09 12:52:41 MainProcess-64066 FlowControl-Thread-140570811225664 parsl.dataflow.strategy:166 _general_strategy DEBUG: general strategy starting with strategy_type simple for 0 executors
1668009161.318451 2022-11-09 12:52:41 MainProcess-64066 FlowControl-Thread-140570811225664 parsl.process_loggers:28 wrapped DEBUG: Normal ending for _general_strategy on thread FlowControl-Thread
1668009166.318415 2022-11-09 12:52:46 MainProcess-64066 FlowControl-Thread-140570811225664 parsl.dataflow.strategy:166 _general_strategy DEBUG: general strategy starting with strategy_type simple for 0 executors
1668009166.318660 2022-11-09 12:52:46 MainProcess-64066 FlowControl-Thread-140570811225664 parsl.process_loggers:28 wrapped DEBUG: Normal ending for _general_strategy on thread FlowControl-Thread
1668009171.318612 2022-11-09 12:52:51 MainProcess-64066 FlowControl-Thread-140570811225664 parsl.dataflow.strategy:166 _general_strategy DEBUG: general strategy starting with strategy_type simple for 0 executors
1668009171.318849 2022-11-09 12:52:51 MainProcess-64066 FlowControl-Thread-140570811225664 parsl.process_loggers:28 wrapped DEBUG: Normal ending for _general_strategy on thread FlowControl-Thread
1668009176.318769 2022-11-09 12:52:56 MainProcess-64066 FlowControl-Thread-140570811225664 parsl.dataflow.strategy:166 _general_strategy DEBUG: general strategy starting with strategy_type simple for 0 executors
1668009176.319017 2022-11-09 12:52:56 MainProcess-64066 FlowControl-Thread-140570811225664 parsl.process_loggers:28 wrapped DEBUG: Normal ending for _general_strategy on thread FlowControl-Thread
1668009181.318967 2022-11-09 12:53:01 MainProcess-64066 FlowControl-Thread-140570811225664 parsl.dataflow.strategy:166 _general_strategy DEBUG: general strategy starting with strategy_type simple for 0 executors
1668009181.319199 2022-11-09 12:53:01 MainProcess-64066 FlowControl-Thread-140570811225664 parsl.process_loggers:28 wrapped DEBUG: Normal ending for _general_strategy on thread FlowControl-Thread
1668009186.319152 2022-11-09 12:53:06 MainProcess-64066 FlowControl-Thread-140570811225664 parsl.dataflow.strategy:166 _general_strategy DEBUG: general strategy starting with strategy_type simple for 0 executors
1668009186.319399 2022-11-09 12:53:06 MainProcess-64066 FlowControl-Thread-140570811225664 parsl.process_loggers:28 wrapped DEBUG: Normal ending for _general_strategy on thread FlowControl-Thread
1668009191.319305 2022-11-09 12:53:11 MainProcess-64066 FlowControl-Thread-140570811225664 parsl.dataflow.strategy:166 _general_strategy DEBUG: general strategy starting with strategy_type simple for 0 executors
1668009191.319537 2022-11-09 12:53:11 MainProcess-64066 FlowControl-Thread-140570811225664 parsl.process_loggers:28 wrapped DEBUG: Normal ending for _general_strategy on thread FlowControl-Thread
1668009196.319456 2022-11-09 12:53:16 MainProcess-64066 FlowControl-Thread-140570811225664 parsl.dataflow.strategy:166 _general_strategy DEBUG: general strategy starting with strategy_type simple for 0 executors
1668009196.319690 2022-11-09 12:53:16 MainProcess-64066 FlowControl-Thread-140570811225664 parsl.process_loggers:28 wrapped DEBUG: Normal ending for _general_strategy on thread FlowControl-Thread
1668009201.319596 2022-11-09 12:53:21 MainProcess-64066 FlowControl-Thread-140570811225664 parsl.dataflow.strategy:166 _general_strategy DEBUG: general strategy starting with strategy_type simple for 0 executors
1668009201.319843 2022-11-09 12:53:21 MainProcess-64066 FlowControl-Thread-140570811225664 parsl.process_loggers:28 wrapped DEBUG: Normal ending for _general_strategy on thread FlowControl-Thread
1668009205.058886 2022-11-09 12:53:25 MainProcess-64066 MainThread-140572690736960 parsl.dataflow.dflow:1037 atexit_cleanup INFO: DFK cleanup because python process is exiting
1668009205.059144 2022-11-09 12:53:25 MainProcess-64066 MainThread-140572690736960 parsl.dataflow.dflow:1073 cleanup INFO: DFK cleanup initiated
1668009205.059241 2022-11-09 12:53:25 MainProcess-64066 MainThread-140572690736960 parsl.dataflow.dflow:975 log_task_states INFO: Summary of tasks in DFK:
1668009205.059349 2022-11-09 12:53:25 MainProcess-64066 MainThread-140572690736960 parsl.dataflow.dflow:979 log_task_states INFO: Tasks in state States.unsched: 0
1668009205.059448 2022-11-09 12:53:25 MainProcess-64066 MainThread-140572690736960 parsl.dataflow.dflow:979 log_task_states INFO: Tasks in state States.pending: 0
1668009205.059659 2022-11-09 12:53:25 MainProcess-64066 MainThread-140572690736960 parsl.dataflow.dflow:979 log_task_states INFO: Tasks in state States.running: 0
1668009205.059767 2022-11-09 12:53:25 MainProcess-64066 MainThread-140572690736960 parsl.dataflow.dflow:979 log_task_states INFO: Tasks in state States.exec_done: 0
1668009205.059865 2022-11-09 12:53:25 MainProcess-64066 MainThread-140572690736960 parsl.dataflow.dflow:979 log_task_states INFO: Tasks in state States.failed: 0
1668009205.059962 2022-11-09 12:53:25 MainProcess-64066 MainThread-140572690736960 parsl.dataflow.dflow:979 log_task_states INFO: Tasks in state States.dep_fail: 0
1668009205.060058 2022-11-09 12:53:25 MainProcess-64066 MainThread-140572690736960 parsl.dataflow.dflow:979 log_task_states INFO: Tasks in state States.launched: 0
1668009205.060154 2022-11-09 12:53:25 MainProcess-64066 MainThread-140572690736960 parsl.dataflow.dflow:979 log_task_states INFO: Tasks in state States.fail_retryable: 0
1668009205.060281 2022-11-09 12:53:25 MainProcess-64066 MainThread-140572690736960 parsl.dataflow.dflow:979 log_task_states INFO: Tasks in state States.memo_done: 0
1668009205.060380 2022-11-09 12:53:25 MainProcess-64066 MainThread-140572690736960 parsl.dataflow.dflow:979 log_task_states INFO: Tasks in state States.joining: 0
1668009205.060479 2022-11-09 12:53:25 MainProcess-64066 MainThread-140572690736960 parsl.dataflow.dflow:979 log_task_states INFO: Tasks in state States.running_ended: 0
1668009205.060576 2022-11-09 12:53:25 MainProcess-64066 MainThread-140572690736960 parsl.dataflow.dflow:981 log_task_states INFO: End of summary
1668009205.060740 2022-11-09 12:53:25 MainProcess-64066 MainThread-140572690736960 parsl.dataflow.dflow:1097 cleanup INFO: Closing flowcontrol
1668009205.061583 2022-11-09 12:53:25 MainProcess-64066 MainThread-140572690736960 parsl.dataflow.dflow:1099 cleanup INFO: Terminated flow control
1668009205.061727 2022-11-09 12:53:25 MainProcess-64066 MainThread-140572690736960 parsl.dataflow.dflow:1101 cleanup INFO: Scaling in and shutting down executors
1668009205.061853 2022-11-09 12:53:25 MainProcess-64066 MainThread-140572690736960 parsl.dataflow.dflow:1116 cleanup INFO: Shutting down executor threads
1668009205.061974 2022-11-09 12:53:25 MainProcess-64066 MainThread-140572690736960 parsl.executors.threads:105 shutdown DEBUG: Shutting down executor, which involves waiting for running tasks to complete
1668009205.062081 2022-11-09 12:53:25 MainProcess-64066 MainThread-140572690736960 parsl.executors.threads:107 shutdown DEBUG: Done with executor shutdown
1668009205.062179 2022-11-09 12:53:25 MainProcess-64066 MainThread-140572690736960 parsl.dataflow.dflow:1118 cleanup INFO: Shut down executor threads
1668009205.062279 2022-11-09 12:53:25 MainProcess-64066 MainThread-140572690736960 parsl.dataflow.dflow:1116 cleanup INFO: Shutting down executor _parsl_internal
1668009205.062389 2022-11-09 12:53:25 MainProcess-64066 MainThread-140572690736960 parsl.executors.threads:105 shutdown DEBUG: Shutting down executor, which involves waiting for running tasks to complete
1668009205.062489 2022-11-09 12:53:25 MainProcess-64066 MainThread-140572690736960 parsl.executors.threads:107 shutdown DEBUG: Done with executor shutdown
1668009205.062581 2022-11-09 12:53:25 MainProcess-64066 MainThread-140572690736960 parsl.dataflow.dflow:1118 cleanup INFO: Shut down executor _parsl_internal
1668009205.062679 2022-11-09 12:53:25 MainProcess-64066 MainThread-140572690736960 parsl.dataflow.dflow:1124 cleanup INFO: Terminated executors
1668009205.062774 2022-11-09 12:53:25 MainProcess-64066 MainThread-140572690736960 parsl.dataflow.dflow:1141 cleanup INFO: DFK cleanup complete
1668009205.062865 2022-11-09 12:53:25 MainProcess-64066 MainThread-140572690736960 parsl.process_loggers:28 wrapped DEBUG: Normal ending for cleanup on thread MainThread
