1668001113.428625 2022-11-09 10:38:33 MainProcess-50839 MainThread-140546592249664 parsl.dataflow.dflow:87 __init__ INFO: Starting DataFlowKernel with config
Config(
    app_cache=True, 
    checkpoint_files=None, 
    checkpoint_mode=None, 
    checkpoint_period=None, 
    executors=[ThreadPoolExecutor(
        label='threads', 
        managed=True, 
        max_threads=2, 
        storage_access=None, 
        thread_name_prefix='', 
        working_dir=None
    )], 
    garbage_collect=True, 
    initialize_logging=True, 
    internal_tasks_max_threads=10, 
    max_idletime=120.0, 
    monitoring=None, 
    retries=0, 
    retry_handler=None, 
    run_dir='runinfo', 
    strategy='simple', 
    usage_tracking=False
)
1668001113.428824 2022-11-09 10:38:33 MainProcess-50839 MainThread-140546592249664 parsl.dataflow.dflow:89 __init__ INFO: Parsl version: 2022.11.07
1668001113.428946 2022-11-09 10:38:33 MainProcess-50839 MainThread-140546592249664 parsl.dataflow.usage_tracking.usage:129 __init__ DEBUG: Tracking status: False
1668001113.429111 2022-11-09 10:38:33 MainProcess-50839 MainThread-140546592249664 parsl.dataflow.dflow:115 __init__ INFO: Run id is: 516d6664-f3bd-4488-87ba-6e2a1b31ce19
1668001113.552944 2022-11-09 10:38:33 MainProcess-50839 MainThread-140546592249664 parsl.dataflow.dflow:122 __init__ DEBUG: Considering candidate for workflow name: /opt/miniconda3/envs/uirapuru/lib/python3.8/site-packages/parsl/dataflow/dflow.py
1668001113.553054 2022-11-09 10:38:33 MainProcess-50839 MainThread-140546592249664 parsl.dataflow.dflow:122 __init__ DEBUG: Considering candidate for workflow name: /opt/miniconda3/envs/uirapuru/lib/python3.8/site-packages/parsl/dataflow/dflow.py
1668001113.553118 2022-11-09 10:38:33 MainProcess-50839 MainThread-140546592249664 parsl.dataflow.dflow:122 __init__ DEBUG: Considering candidate for workflow name: /opt/miniconda3/envs/uirapuru/lib/python3.8/site-packages/typeguard/__init__.py
1668001113.553188 2022-11-09 10:38:33 MainProcess-50839 MainThread-140546592249664 parsl.dataflow.dflow:122 __init__ DEBUG: Considering candidate for workflow name: /tmp/ipykernel_50839/562115998.py
1668001113.553257 2022-11-09 10:38:33 MainProcess-50839 MainThread-140546592249664 parsl.dataflow.dflow:128 __init__ DEBUG: Using 562115998.py as workflow name
1668001113.553477 2022-11-09 10:38:33 MainProcess-50839 MainThread-140546592249664 parsl.dataflow.memoization:174 __init__ INFO: App caching initialized
1668001113.553567 2022-11-09 10:38:33 MainProcess-50839 MainThread-140546592249664 parsl.dataflow.strategy:127 __init__ DEBUG: Scaling strategy: simple
1668001114.553973 2022-11-09 10:38:34 MainProcess-50839 FlowControl-Thread-140544712742464 parsl.dataflow.strategy:166 _general_strategy DEBUG: general strategy starting with strategy_type simple for 0 executors
1668001114.554184 2022-11-09 10:38:34 MainProcess-50839 FlowControl-Thread-140544712742464 parsl.process_loggers:28 wrapped DEBUG: Normal ending for _general_strategy on thread FlowControl-Thread
1668001119.554315 2022-11-09 10:38:39 MainProcess-50839 FlowControl-Thread-140544712742464 parsl.dataflow.strategy:166 _general_strategy DEBUG: general strategy starting with strategy_type simple for 0 executors
1668001119.554646 2022-11-09 10:38:39 MainProcess-50839 FlowControl-Thread-140544712742464 parsl.process_loggers:28 wrapped DEBUG: Normal ending for _general_strategy on thread FlowControl-Thread
1668001124.554489 2022-11-09 10:38:44 MainProcess-50839 FlowControl-Thread-140544712742464 parsl.dataflow.strategy:166 _general_strategy DEBUG: general strategy starting with strategy_type simple for 0 executors
1668001124.554721 2022-11-09 10:38:44 MainProcess-50839 FlowControl-Thread-140544712742464 parsl.process_loggers:28 wrapped DEBUG: Normal ending for _general_strategy on thread FlowControl-Thread
1668001129.554740 2022-11-09 10:38:49 MainProcess-50839 FlowControl-Thread-140544712742464 parsl.dataflow.strategy:166 _general_strategy DEBUG: general strategy starting with strategy_type simple for 0 executors
1668001129.554977 2022-11-09 10:38:49 MainProcess-50839 FlowControl-Thread-140544712742464 parsl.process_loggers:28 wrapped DEBUG: Normal ending for _general_strategy on thread FlowControl-Thread
1668001134.555005 2022-11-09 10:38:54 MainProcess-50839 FlowControl-Thread-140544712742464 parsl.dataflow.strategy:166 _general_strategy DEBUG: general strategy starting with strategy_type simple for 0 executors
1668001134.555236 2022-11-09 10:38:54 MainProcess-50839 FlowControl-Thread-140544712742464 parsl.process_loggers:28 wrapped DEBUG: Normal ending for _general_strategy on thread FlowControl-Thread
1668001139.555229 2022-11-09 10:38:59 MainProcess-50839 FlowControl-Thread-140544712742464 parsl.dataflow.strategy:166 _general_strategy DEBUG: general strategy starting with strategy_type simple for 0 executors
1668001139.555466 2022-11-09 10:38:59 MainProcess-50839 FlowControl-Thread-140544712742464 parsl.process_loggers:28 wrapped DEBUG: Normal ending for _general_strategy on thread FlowControl-Thread
1668001144.555348 2022-11-09 10:39:04 MainProcess-50839 FlowControl-Thread-140544712742464 parsl.dataflow.strategy:166 _general_strategy DEBUG: general strategy starting with strategy_type simple for 0 executors
1668001144.555586 2022-11-09 10:39:04 MainProcess-50839 FlowControl-Thread-140544712742464 parsl.process_loggers:28 wrapped DEBUG: Normal ending for _general_strategy on thread FlowControl-Thread
1668001149.555564 2022-11-09 10:39:09 MainProcess-50839 FlowControl-Thread-140544712742464 parsl.dataflow.strategy:166 _general_strategy DEBUG: general strategy starting with strategy_type simple for 0 executors
1668001149.555805 2022-11-09 10:39:09 MainProcess-50839 FlowControl-Thread-140544712742464 parsl.process_loggers:28 wrapped DEBUG: Normal ending for _general_strategy on thread FlowControl-Thread
1668001154.555822 2022-11-09 10:39:14 MainProcess-50839 FlowControl-Thread-140544712742464 parsl.dataflow.strategy:166 _general_strategy DEBUG: general strategy starting with strategy_type simple for 0 executors
1668001154.556060 2022-11-09 10:39:14 MainProcess-50839 FlowControl-Thread-140544712742464 parsl.process_loggers:28 wrapped DEBUG: Normal ending for _general_strategy on thread FlowControl-Thread
1668001159.556040 2022-11-09 10:39:19 MainProcess-50839 FlowControl-Thread-140544712742464 parsl.dataflow.strategy:166 _general_strategy DEBUG: general strategy starting with strategy_type simple for 0 executors
1668001159.556295 2022-11-09 10:39:19 MainProcess-50839 FlowControl-Thread-140544712742464 parsl.process_loggers:28 wrapped DEBUG: Normal ending for _general_strategy on thread FlowControl-Thread
1668001164.556297 2022-11-09 10:39:24 MainProcess-50839 FlowControl-Thread-140544712742464 parsl.dataflow.strategy:166 _general_strategy DEBUG: general strategy starting with strategy_type simple for 0 executors
1668001164.556529 2022-11-09 10:39:24 MainProcess-50839 FlowControl-Thread-140544712742464 parsl.process_loggers:28 wrapped DEBUG: Normal ending for _general_strategy on thread FlowControl-Thread
1668001169.556542 2022-11-09 10:39:29 MainProcess-50839 FlowControl-Thread-140544712742464 parsl.dataflow.strategy:166 _general_strategy DEBUG: general strategy starting with strategy_type simple for 0 executors
1668001169.556800 2022-11-09 10:39:29 MainProcess-50839 FlowControl-Thread-140544712742464 parsl.process_loggers:28 wrapped DEBUG: Normal ending for _general_strategy on thread FlowControl-Thread
1668001174.556807 2022-11-09 10:39:34 MainProcess-50839 FlowControl-Thread-140544712742464 parsl.dataflow.strategy:166 _general_strategy DEBUG: general strategy starting with strategy_type simple for 0 executors
1668001174.557043 2022-11-09 10:39:34 MainProcess-50839 FlowControl-Thread-140544712742464 parsl.process_loggers:28 wrapped DEBUG: Normal ending for _general_strategy on thread FlowControl-Thread
1668001179.557029 2022-11-09 10:39:39 MainProcess-50839 FlowControl-Thread-140544712742464 parsl.dataflow.strategy:166 _general_strategy DEBUG: general strategy starting with strategy_type simple for 0 executors
1668001179.557270 2022-11-09 10:39:39 MainProcess-50839 FlowControl-Thread-140544712742464 parsl.process_loggers:28 wrapped DEBUG: Normal ending for _general_strategy on thread FlowControl-Thread
1668001184.557233 2022-11-09 10:39:44 MainProcess-50839 FlowControl-Thread-140544712742464 parsl.dataflow.strategy:166 _general_strategy DEBUG: general strategy starting with strategy_type simple for 0 executors
1668001184.557463 2022-11-09 10:39:44 MainProcess-50839 FlowControl-Thread-140544712742464 parsl.process_loggers:28 wrapped DEBUG: Normal ending for _general_strategy on thread FlowControl-Thread
1668001189.557422 2022-11-09 10:39:49 MainProcess-50839 FlowControl-Thread-140544712742464 parsl.dataflow.strategy:166 _general_strategy DEBUG: general strategy starting with strategy_type simple for 0 executors
1668001189.557664 2022-11-09 10:39:49 MainProcess-50839 FlowControl-Thread-140544712742464 parsl.process_loggers:28 wrapped DEBUG: Normal ending for _general_strategy on thread FlowControl-Thread
1668001194.557680 2022-11-09 10:39:54 MainProcess-50839 FlowControl-Thread-140544712742464 parsl.dataflow.strategy:166 _general_strategy DEBUG: general strategy starting with strategy_type simple for 0 executors
1668001194.557919 2022-11-09 10:39:54 MainProcess-50839 FlowControl-Thread-140544712742464 parsl.process_loggers:28 wrapped DEBUG: Normal ending for _general_strategy on thread FlowControl-Thread
1668001199.557876 2022-11-09 10:39:59 MainProcess-50839 FlowControl-Thread-140544712742464 parsl.dataflow.strategy:166 _general_strategy DEBUG: general strategy starting with strategy_type simple for 0 executors
1668001199.558115 2022-11-09 10:39:59 MainProcess-50839 FlowControl-Thread-140544712742464 parsl.process_loggers:28 wrapped DEBUG: Normal ending for _general_strategy on thread FlowControl-Thread
1668001204.558021 2022-11-09 10:40:04 MainProcess-50839 FlowControl-Thread-140544712742464 parsl.dataflow.strategy:166 _general_strategy DEBUG: general strategy starting with strategy_type simple for 0 executors
1668001204.558268 2022-11-09 10:40:04 MainProcess-50839 FlowControl-Thread-140544712742464 parsl.process_loggers:28 wrapped DEBUG: Normal ending for _general_strategy on thread FlowControl-Thread
1668001209.558241 2022-11-09 10:40:09 MainProcess-50839 FlowControl-Thread-140544712742464 parsl.dataflow.strategy:166 _general_strategy DEBUG: general strategy starting with strategy_type simple for 0 executors
1668001209.558477 2022-11-09 10:40:09 MainProcess-50839 FlowControl-Thread-140544712742464 parsl.process_loggers:28 wrapped DEBUG: Normal ending for _general_strategy on thread FlowControl-Thread
1668001214.558298 2022-11-09 10:40:14 MainProcess-50839 FlowControl-Thread-140544712742464 parsl.dataflow.strategy:166 _general_strategy DEBUG: general strategy starting with strategy_type simple for 0 executors
1668001214.558529 2022-11-09 10:40:14 MainProcess-50839 FlowControl-Thread-140544712742464 parsl.process_loggers:28 wrapped DEBUG: Normal ending for _general_strategy on thread FlowControl-Thread
1668001219.558495 2022-11-09 10:40:19 MainProcess-50839 FlowControl-Thread-140544712742464 parsl.dataflow.strategy:166 _general_strategy DEBUG: general strategy starting with strategy_type simple for 0 executors
1668001219.558738 2022-11-09 10:40:19 MainProcess-50839 FlowControl-Thread-140544712742464 parsl.process_loggers:28 wrapped DEBUG: Normal ending for _general_strategy on thread FlowControl-Thread
1668001224.558699 2022-11-09 10:40:24 MainProcess-50839 FlowControl-Thread-140544712742464 parsl.dataflow.strategy:166 _general_strategy DEBUG: general strategy starting with strategy_type simple for 0 executors
1668001224.558943 2022-11-09 10:40:24 MainProcess-50839 FlowControl-Thread-140544712742464 parsl.process_loggers:28 wrapped DEBUG: Normal ending for _general_strategy on thread FlowControl-Thread
1668001229.558896 2022-11-09 10:40:29 MainProcess-50839 FlowControl-Thread-140544712742464 parsl.dataflow.strategy:166 _general_strategy DEBUG: general strategy starting with strategy_type simple for 0 executors
1668001229.559135 2022-11-09 10:40:29 MainProcess-50839 FlowControl-Thread-140544712742464 parsl.process_loggers:28 wrapped DEBUG: Normal ending for _general_strategy on thread FlowControl-Thread
1668001234.559086 2022-11-09 10:40:34 MainProcess-50839 FlowControl-Thread-140544712742464 parsl.dataflow.strategy:166 _general_strategy DEBUG: general strategy starting with strategy_type simple for 0 executors
1668001234.559319 2022-11-09 10:40:34 MainProcess-50839 FlowControl-Thread-140544712742464 parsl.process_loggers:28 wrapped DEBUG: Normal ending for _general_strategy on thread FlowControl-Thread
1668001239.559177 2022-11-09 10:40:39 MainProcess-50839 FlowControl-Thread-140544712742464 parsl.dataflow.strategy:166 _general_strategy DEBUG: general strategy starting with strategy_type simple for 0 executors
1668001239.559343 2022-11-09 10:40:39 MainProcess-50839 FlowControl-Thread-140544712742464 parsl.process_loggers:28 wrapped DEBUG: Normal ending for _general_strategy on thread FlowControl-Thread
1668001244.559404 2022-11-09 10:40:44 MainProcess-50839 FlowControl-Thread-140544712742464 parsl.dataflow.strategy:166 _general_strategy DEBUG: general strategy starting with strategy_type simple for 0 executors
1668001244.559636 2022-11-09 10:40:44 MainProcess-50839 FlowControl-Thread-140544712742464 parsl.process_loggers:28 wrapped DEBUG: Normal ending for _general_strategy on thread FlowControl-Thread
1668001249.559534 2022-11-09 10:40:49 MainProcess-50839 FlowControl-Thread-140544712742464 parsl.dataflow.strategy:166 _general_strategy DEBUG: general strategy starting with strategy_type simple for 0 executors
1668001249.559765 2022-11-09 10:40:49 MainProcess-50839 FlowControl-Thread-140544712742464 parsl.process_loggers:28 wrapped DEBUG: Normal ending for _general_strategy on thread FlowControl-Thread
1668001254.559733 2022-11-09 10:40:54 MainProcess-50839 FlowControl-Thread-140544712742464 parsl.dataflow.strategy:166 _general_strategy DEBUG: general strategy starting with strategy_type simple for 0 executors
1668001254.559943 2022-11-09 10:40:54 MainProcess-50839 FlowControl-Thread-140544712742464 parsl.process_loggers:28 wrapped DEBUG: Normal ending for _general_strategy on thread FlowControl-Thread
1668001259.559887 2022-11-09 10:40:59 MainProcess-50839 FlowControl-Thread-140544712742464 parsl.dataflow.strategy:166 _general_strategy DEBUG: general strategy starting with strategy_type simple for 0 executors
1668001259.560127 2022-11-09 10:40:59 MainProcess-50839 FlowControl-Thread-140544712742464 parsl.process_loggers:28 wrapped DEBUG: Normal ending for _general_strategy on thread FlowControl-Thread
1668001264.560060 2022-11-09 10:41:04 MainProcess-50839 FlowControl-Thread-140544712742464 parsl.dataflow.strategy:166 _general_strategy DEBUG: general strategy starting with strategy_type simple for 0 executors
1668001264.560336 2022-11-09 10:41:04 MainProcess-50839 FlowControl-Thread-140544712742464 parsl.process_loggers:28 wrapped DEBUG: Normal ending for _general_strategy on thread FlowControl-Thread
1668001269.560304 2022-11-09 10:41:09 MainProcess-50839 FlowControl-Thread-140544712742464 parsl.dataflow.strategy:166 _general_strategy DEBUG: general strategy starting with strategy_type simple for 0 executors
1668001269.560478 2022-11-09 10:41:09 MainProcess-50839 FlowControl-Thread-140544712742464 parsl.process_loggers:28 wrapped DEBUG: Normal ending for _general_strategy on thread FlowControl-Thread
1668001274.560491 2022-11-09 10:41:14 MainProcess-50839 FlowControl-Thread-140544712742464 parsl.dataflow.strategy:166 _general_strategy DEBUG: general strategy starting with strategy_type simple for 0 executors
1668001274.560724 2022-11-09 10:41:14 MainProcess-50839 FlowControl-Thread-140544712742464 parsl.process_loggers:28 wrapped DEBUG: Normal ending for _general_strategy on thread FlowControl-Thread
1668001279.560686 2022-11-09 10:41:19 MainProcess-50839 FlowControl-Thread-140544712742464 parsl.dataflow.strategy:166 _general_strategy DEBUG: general strategy starting with strategy_type simple for 0 executors
1668001279.560922 2022-11-09 10:41:19 MainProcess-50839 FlowControl-Thread-140544712742464 parsl.process_loggers:28 wrapped DEBUG: Normal ending for _general_strategy on thread FlowControl-Thread
1668001284.560846 2022-11-09 10:41:24 MainProcess-50839 FlowControl-Thread-140544712742464 parsl.dataflow.strategy:166 _general_strategy DEBUG: general strategy starting with strategy_type simple for 0 executors
1668001284.561076 2022-11-09 10:41:24 MainProcess-50839 FlowControl-Thread-140544712742464 parsl.process_loggers:28 wrapped DEBUG: Normal ending for _general_strategy on thread FlowControl-Thread
1668001289.561002 2022-11-09 10:41:29 MainProcess-50839 FlowControl-Thread-140544712742464 parsl.dataflow.strategy:166 _general_strategy DEBUG: general strategy starting with strategy_type simple for 0 executors
1668001289.561237 2022-11-09 10:41:29 MainProcess-50839 FlowControl-Thread-140544712742464 parsl.process_loggers:28 wrapped DEBUG: Normal ending for _general_strategy on thread FlowControl-Thread
1668001294.561242 2022-11-09 10:41:34 MainProcess-50839 FlowControl-Thread-140544712742464 parsl.dataflow.strategy:166 _general_strategy DEBUG: general strategy starting with strategy_type simple for 0 executors
1668001294.561472 2022-11-09 10:41:34 MainProcess-50839 FlowControl-Thread-140544712742464 parsl.process_loggers:28 wrapped DEBUG: Normal ending for _general_strategy on thread FlowControl-Thread
1668001296.212613 2022-11-09 10:41:36 MainProcess-50839 MainThread-140546592249664 parsl.dataflow.dflow:1037 atexit_cleanup INFO: DFK cleanup because python process is exiting
1668001296.212826 2022-11-09 10:41:36 MainProcess-50839 MainThread-140546592249664 parsl.dataflow.dflow:1073 cleanup INFO: DFK cleanup initiated
1668001296.213009 2022-11-09 10:41:36 MainProcess-50839 MainThread-140546592249664 parsl.dataflow.dflow:975 log_task_states INFO: Summary of tasks in DFK:
1668001296.213356 2022-11-09 10:41:36 MainProcess-50839 MainThread-140546592249664 parsl.dataflow.dflow:979 log_task_states INFO: Tasks in state States.unsched: 0
1668001296.213650 2022-11-09 10:41:36 MainProcess-50839 MainThread-140546592249664 parsl.dataflow.dflow:979 log_task_states INFO: Tasks in state States.pending: 0
1668001296.214147 2022-11-09 10:41:36 MainProcess-50839 MainThread-140546592249664 parsl.dataflow.dflow:979 log_task_states INFO: Tasks in state States.running: 0
1668001296.214337 2022-11-09 10:41:36 MainProcess-50839 MainThread-140546592249664 parsl.dataflow.dflow:979 log_task_states INFO: Tasks in state States.exec_done: 0
1668001296.214853 2022-11-09 10:41:36 MainProcess-50839 MainThread-140546592249664 parsl.dataflow.dflow:979 log_task_states INFO: Tasks in state States.failed: 0
1668001296.215040 2022-11-09 10:41:36 MainProcess-50839 MainThread-140546592249664 parsl.dataflow.dflow:979 log_task_states INFO: Tasks in state States.dep_fail: 0
1668001296.215204 2022-11-09 10:41:36 MainProcess-50839 MainThread-140546592249664 parsl.dataflow.dflow:979 log_task_states INFO: Tasks in state States.launched: 0
1668001296.215365 2022-11-09 10:41:36 MainProcess-50839 MainThread-140546592249664 parsl.dataflow.dflow:979 log_task_states INFO: Tasks in state States.fail_retryable: 0
1668001296.215524 2022-11-09 10:41:36 MainProcess-50839 MainThread-140546592249664 parsl.dataflow.dflow:979 log_task_states INFO: Tasks in state States.memo_done: 0
1668001296.215682 2022-11-09 10:41:36 MainProcess-50839 MainThread-140546592249664 parsl.dataflow.dflow:979 log_task_states INFO: Tasks in state States.joining: 0
1668001296.215849 2022-11-09 10:41:36 MainProcess-50839 MainThread-140546592249664 parsl.dataflow.dflow:979 log_task_states INFO: Tasks in state States.running_ended: 0
1668001296.216001 2022-11-09 10:41:36 MainProcess-50839 MainThread-140546592249664 parsl.dataflow.dflow:981 log_task_states INFO: End of summary
1668001296.216318 2022-11-09 10:41:36 MainProcess-50839 MainThread-140546592249664 parsl.dataflow.dflow:1097 cleanup INFO: Closing flowcontrol
1668001296.216620 2022-11-09 10:41:36 MainProcess-50839 MainThread-140546592249664 parsl.dataflow.dflow:1099 cleanup INFO: Terminated flow control
1668001296.216767 2022-11-09 10:41:36 MainProcess-50839 MainThread-140546592249664 parsl.dataflow.dflow:1101 cleanup INFO: Scaling in and shutting down executors
1668001296.216968 2022-11-09 10:41:36 MainProcess-50839 MainThread-140546592249664 parsl.dataflow.dflow:1116 cleanup INFO: Shutting down executor threads
1668001296.217117 2022-11-09 10:41:36 MainProcess-50839 MainThread-140546592249664 parsl.executors.threads:105 shutdown DEBUG: Shutting down executor, which involves waiting for running tasks to complete
1668001296.217247 2022-11-09 10:41:36 MainProcess-50839 MainThread-140546592249664 parsl.executors.threads:107 shutdown DEBUG: Done with executor shutdown
1668001296.217349 2022-11-09 10:41:36 MainProcess-50839 MainThread-140546592249664 parsl.dataflow.dflow:1118 cleanup INFO: Shut down executor threads
1668001296.217441 2022-11-09 10:41:36 MainProcess-50839 MainThread-140546592249664 parsl.dataflow.dflow:1116 cleanup INFO: Shutting down executor _parsl_internal
1668001296.217509 2022-11-09 10:41:36 MainProcess-50839 MainThread-140546592249664 parsl.executors.threads:105 shutdown DEBUG: Shutting down executor, which involves waiting for running tasks to complete
1668001296.217583 2022-11-09 10:41:36 MainProcess-50839 MainThread-140546592249664 parsl.executors.threads:107 shutdown DEBUG: Done with executor shutdown
1668001296.217652 2022-11-09 10:41:36 MainProcess-50839 MainThread-140546592249664 parsl.dataflow.dflow:1118 cleanup INFO: Shut down executor _parsl_internal
1668001296.217720 2022-11-09 10:41:36 MainProcess-50839 MainThread-140546592249664 parsl.dataflow.dflow:1124 cleanup INFO: Terminated executors
1668001296.217790 2022-11-09 10:41:36 MainProcess-50839 MainThread-140546592249664 parsl.dataflow.dflow:1141 cleanup INFO: DFK cleanup complete
1668001296.217859 2022-11-09 10:41:36 MainProcess-50839 MainThread-140546592249664 parsl.process_loggers:28 wrapped DEBUG: Normal ending for cleanup on thread MainThread
