 
 
                                    G R A S P 9 - S E
                                    =================
 
  Student edition of General multi-reflector analysis program
 
 GRASP-SE version 10.3.0 (Linux amd64/em64t 64-bit)
 
 
 GRASP-SE found  20 CPU cores
 (Student edition limited to 1 CPU core)
 
  Reading tor-file: bingo.tor
 
 
  *** Object name:  dual_main_reflector
  *** Class name :  reflector
  *** Message    :  Object created
 
 
 
  *** Object name:  dual_main_reflector
  *** Class name :  reflector
  *** Message    :  New values in object
 
  Coordinate system: dual_global_coor
  Surface: dual_main_surface
  Rim: dual_main_rim
 
 
  *** Object name:  dual_global_coor
  *** Class name :  coor_sys
  *** Message    :  Object created
 
 
 
  *** Object name:  dual_global_coor
  *** Class name :  coor_sys
  *** Message    :  New values in object
 
  Z_axis :     0.000000    0.000000    1.000000
 
 
  *** Object name:  dual_main_surface
  *** Class name :  paraboloid
  *** Message    :  Object created
 
 
 
  *** Object name:  dual_main_surface
  *** Class name :  paraboloid
  *** Message    :  New values in object
 
 
  Focal length     :    140.000 m
   and in SI units :    140.000 meter
 
 
  *** Object name:  dual_main_rim
  *** Class name :  elliptical_rim
  *** Message    :  Object created
 
 
 
  *** Object name:  dual_main_rim
  *** Class name :  elliptical_rim
  *** Message    :  Definition of elliptical_rim
 
  The rim centre is placed at
    x :   -226.541 m
    y :    0.00000 m
  and in SI units
    x :   -226.541     meter
    y :    0.00000     meter
 
  The half axes of the ellipse are defined by
    in x-direction :    20.0000 m
    in y-direction :    20.0000 m
  and in SI units
    in x-direction :    20.0000     meter
    in y-direction :    20.0000     meter
 
  The rim limits in radii are
    minimum :    20.0000     meter
    maximum :    20.0000     meter
 
  The rim limits in x direction are
    minimum :   -246.541     meter
    maximum :   -206.541     meter
 
  The rim limits in y direction are
    minimum :   -20.0000     meter
    maximum :    20.0000     meter
 
 
  *** Object name:  dual_sub_reflector
  *** Class name :  reflector
  *** Message    :  Object created
 
 
 
  *** Object name:  dual_sub_reflector
  *** Class name :  reflector
  *** Message    :  New values in object
 
  Coordinate system: dual_sub_coor
  Surface: dual_sub_surface
  Rim: dual_sub_rim
 
 
  *** Object name:  dual_sub_surface
  *** Class name :  hyperboloid
  *** Message    :  Object created
 
 
 
  *** Object name:  dual_sub_surface
  *** Class name :  hyperboloid
  *** Message    :  New values in object
 
 
  Distance between the vertices, 2a :   -148.235 m
   and in SI units                  :   -148.235 meter
 
  Distance between the foci, 2c     :    252.000 m
   and in SI units                  :    252.000 meter
 
    giving the eccentricity         :   -1.70000
 
 
  *** Object name:  dual_sub_rim
  *** Class name :  elliptical_rim
  *** Message    :  Object created
 
 
 
  *** Object name:  dual_sub_rim
  *** Class name :  elliptical_rim
  *** Message    :  Definition of elliptical_rim
 
  The rim centre is placed at
    x :    26.2883 m
    y :    0.00000 m
  and in SI units
    x :    26.2883     meter
    y :    0.00000     meter
 
  The half axes of the ellipse are defined by
    in x-direction :    18.3404 m
    in y-direction :    17.7753 m
  and in SI units
    in x-direction :    18.3404     meter
    in y-direction :    17.7753     meter
 
  The rim limits in radii are
    minimum :    17.7753     meter
    maximum :    18.3404     meter
 
  The rim limits in x direction are
    minimum :    7.94790     meter
    maximum :    44.6287     meter
 
  The rim limits in y direction are
    minimum :   -17.7753     meter
    maximum :    17.7753     meter
 
 
  *** Object name:  dual_feed
  *** Class name :  gaussian_beam_pattern
  *** Message    :  Object created
 
 
 
  *** Object name:  dual_feed
  *** Class name :  gaussian_beam_pattern
  *** Message    :  Object created
 
 
 
  *** Object name:  dual_feed
  *** Class name :  gaussian_beam_pattern
  *** Message    :  New values in object
 
  Frequency : dual_frequencies
  Coor_sys : corneta_coor
 
 
  *** Object name:  dual_feed
  *** Class name :  gaussian_beam_pattern
  *** Message    :  Definition of common feed attributes
 
 
 
  *** Object name:  dual_feed
  *** Class name :  gaussian_beam_pattern
  *** Message    :  Definition of gaussian feed
 
 
  Taper angle :   17.9809 degrees
 
  Taper compared to on-axis level :  -20.0000 dB
 
  The imaginary displacement along the negative z-axis
    is   7.42280 wavelengths
 
 
  *** Object name:  dual_frequencies
  *** Class name :  frequency
  *** Message    :  Object created
 
 
 
  *** Object name:  dual_frequencies
  *** Class name :  frequency
  *** Message    :  New values in object
 
  Frequency No.    1  :   0.110000E+01 GHz
 
 
  *** Object name:  dual_feed_coor
  *** Class name :  coor_sys
  *** Message    :  Object created
 
 
 
  *** Object name:  dual_feed_coor
  *** Class name :  coor_sys
  *** Message    :  New values in object
 
  Origin :  -0.244996E+02 m     0.000000E+00 m     0.263920E+02 m
  Base name : dual_cut_coor
  X_axis :    -0.370197    0.000000   -0.928953
  Y_axis :     0.000000    1.000000    0.000000
  Z_axis :     0.928953    0.000000   -0.370197
 
 
  *** Object name:  dual_cut
  *** Class name :  spherical_cut
  *** Message    :  Object created
 
 
 
  *** Object name:  dual_cut
  *** Class name :  spherical_cut
  *** Message    :  New values in object
 
  File name : bingo.cut
  Coor_sys : dual_cut_coor
  Theta range : start  -5.00000    end  95.00000    points  3001
  Phi range : start   0.00000    end   0.00000    points     1
 
 
  *** Object name:  dual_cut_coor
  *** Class name :  coor_sys
  *** Message    :  Object created
 
 
 
  *** Object name:  dual_cut_coor
  *** Class name :  coor_sys
  *** Message    :  New values in object
 
  Origin :  -0.226541E+03 m     0.000000E+00 m     0.916447E+02 m
  Base name : dual_global_coor
  Z_axis :     0.000000    0.000000    1.000000
 
 
  *** Object name:  dual_main_po
  *** Class name :  po_single_face_scatterer
  *** Message    :  Object created
 
 
 
  *** Object name:  dual_main_po
  *** Class name :  po_single_face_scatterer
  *** Message    :  New values in object
 
  Frequency : dual_frequencies
  Scatterer : dual_main_reflector
 
 
  *** Object name:  dual_sub_po
  *** Class name :  po_single_face_scatterer
  *** Message    :  Object created
 
 
 
  *** Object name:  dual_sub_po
  *** Class name :  po_single_face_scatterer
  *** Message    :  New values in object
 
  Frequency : dual_frequencies
  Scatterer : dual_sub_reflector
 
 
  *** Object name:  spherical_grid
  *** Class name :  spherical_grid
  *** Message    :  Object created
 
 
 
  *** Object name:  spherical_grid
  *** Class name :  spherical_grid
  *** Message    :  New values in object
 
  File name :
  Coor_sys : dual_cut_coor
  X range : start  -0.20000    end   0.20000    points   151
  Y range : start  -0.20000    end   0.20000    points   151
 
 
  *** Object name:  corneta_coor
  *** Class name :  coor_sys
  *** Message    :  Object created
 
 
 
  *** Object name:  corneta_coor
  *** Class name :  coor_sys
  *** Message    :  New values in object
 
  Origin :   0.000000E+00 cm    0.000000E+00 m     0.000000E+00 m
  Base name : dual_feed_coor
  X_axis :     1.000000    0.000000    0.000000
  Y_axis :     0.000000    1.000000    0.000000
  Z_axis :     0.000000    0.000000    1.000000
 
 
  *** Object name:  dual_sub_coor
  *** Class name :  coor_sys
  *** Message    :  Object created
 
 
 
  *** Object name:  dual_sub_coor
  *** Class name :  coor_sys
  *** Message    :  New values in object
 
  Origin :   0.226545E+03 m     0.000000E+00 m     0.483553E+02 m
  Base name : dual_cut_coor
  X_axis :     0.087156    0.000000   -0.996195
  Y_axis :     0.000000   -1.000000    0.000000
  Z_axis :    -0.996195    0.000000   -0.087156
 Program started at 17:06:50 on 14 November 2022
 
 
 ----- TASK No. 1 -----     Started at 17:06:50 on November 14, 2022
 dual_sub_po get_currents ( source : sequence(ref(dual_feed)))
 
 
  *** Object name:  dual_sub_po
  *** Class name :  po_single_face_scatterer
  *** Message    :  Get_currents message received
 
  Source : dual_feed
 
 
  *** Object name:  dual_sub_po
  *** Class name :  po_single_face_scatterer
  *** Message    :  Initialization
 
 
  Auto-convergence with desired accuracy of -80.00 dB.
 
  Face 1:
  Max. values: po1/po2 = 4410/10600
 
 PO convergence
  Test-grid  Ref-grid    Freq  Beam  Grid       P_max   P_level  Accuracy
    po1/po2   po1/po2                           [dBi]     [dBi]      [dB]
      20/10     10/10       1     1     1      -18.58    -18.58      2.99
      20/10     10/10       1     1     2       41.17     41.17     -0.09
      20/10     10/10       1     1     3       24.65     24.65      2.19
      40/10     20/10       1     1     1      -18.01    -18.01      1.64
      40/10     20/10       1     1     2       36.65     36.65      0.92
      40/10     20/10       1     1     3       22.58     22.58      3.70
      80/10     40/10       1     1     1      -20.04    -20.04      0.63
      80/10     40/10       1     1     2       34.09     34.09      3.58
      80/10     40/10       1     1     3       23.59     23.59      1.58
     160/10     80/10       1     1     1      -27.53    -27.53     -2.40
     160/10     80/10       1     1     2       31.42     31.42     -1.10
     160/10     80/10       1     1     3       12.88     12.88     -0.05
     320/10    160/10       1     1     1      -27.59    -27.59   -234.84  *
     320/10    160/10       1     1     2       27.96     27.96    -67.48
     320/10    160/10       1     1     3        1.74      1.74    -41.25
     640/10    320/10       1     1     2       27.96     27.96   -223.62  *
     640/10    320/10       1     1     3        1.74      1.74   -205.39  *
     240/10    640/10       1     1     2       27.96     27.96   -222.27  *
     240/10    640/10       1     1     3        1.74      1.74   -204.09  *
     200/10    640/10       1     1     2       27.96     27.96   -222.00  *
     200/10    640/10       1     1     3        1.74      1.74   -203.91  *
     180/10    640/10       1     1     2       27.96     27.96   -221.80  *
     180/10    640/10       1     1     3        1.74      1.74   -203.55  *
     170/10    640/10       1     1     2       27.96     27.96   -140.49  *
     170/10    640/10       1     1     3        1.74      1.74   -114.53  *
     165/10    640/10       1     1     2       27.96     27.96   -100.97  *
     165/10    640/10       1     1     3        1.74      1.74    -74.79
 
 PO convergence
  Test-grid  Ref-grid    Freq  Beam  Grid       P_max   P_level  Accuracy
    po1/po2   po1/po2                           [dBi]     [dBi]      [dB]
      10/20     10/10       1     1     1      -18.58    -18.58      2.77
      10/20     10/10       1     1     2       41.17     41.17      3.18
      10/20     10/10       1     1     3       24.65     24.65      1.82
      10/40     10/20       1     1     1      -16.51    -16.51      0.07
      10/40     10/20       1     1     2       39.40     39.40      0.08
      10/40     10/20       1     1     3       24.03     24.03      3.24
      10/80     10/40       1     1     1      -21.87    -21.87     -0.80
      10/80     10/40       1     1     2       36.96     36.96     -0.03
      10/80     10/40       1     1     3       20.15     20.15      3.76
     10/160     10/80       1     1     1      -21.87    -21.87     -0.17
     10/160     10/80       1     1     2       31.91     31.91      0.79
     10/160     10/80       1     1     3       16.91     16.91      1.45
     10/320    10/160       1     1     1      -21.87    -21.87    -10.93
     10/320    10/160       1     1     2       31.55     31.55     -2.53
     10/320    10/160       1     1     3       15.78     15.78     -1.07
     10/640    10/320       1     1     1      -21.87    -21.87    -29.79
     10/640    10/320       1     1     2       24.89     27.96     -4.19
     10/640    10/320       1     1     3       12.22     12.22     -2.35
    10/1280    10/640       1     1     1      -21.87    -21.87   -252.32  *
    10/1280    10/640       1     1     2       23.30     27.96   -252.70  *
    10/1280    10/640       1     1     3        8.45      8.45   -243.03  *
     10/480   10/1280       1     1     1      -21.87    -21.87   -252.62  *
     10/480   10/1280       1     1     2       23.30     27.96    -18.59
     10/480   10/1280       1     1     3        8.45      8.45     -7.88
     10/560   10/1280       1     1     2       23.30     27.96    -94.80  *
     10/560   10/1280       1     1     3        8.45      8.45    -76.15
     10/600   10/1280       1     1     3        8.45      8.45   -232.00  *
     10/580   10/1280       1     1     1      -21.87    -21.87   -249.96  *
     10/580   10/1280       1     1     2       23.30     27.96   -164.17  *
     10/580   10/1280       1     1     3        8.45      8.45   -144.85  *
     10/570   10/1280       1     1     1      -21.87    -21.87   -253.08  *
     10/570   10/1280       1     1     2       23.30     27.96   -128.56  *
     10/570   10/1280       1     1     3        8.45      8.45   -108.88  *
  PO1 =  170  PO2 =  570  Face =    1, Final PO-values from auto-convergence
 
  Edge 1:
  Max. value: ptd = 10600
 
 PO convergence
  Test-grid  Ref-grid    Freq  Beam  Grid       P_max   P_level  Accuracy
        ptd       ptd                           [dBi]     [dBi]      [dB]
         20        10       1     1     1      -74.38    -21.87    -51.92
         20        10       1     1     2      -19.01     27.96    -47.58
         20        10       1     1     3      -17.52      8.45    -26.63
         40        20       1     1     1      -73.73    -21.87    -56.32
         40        20       1     1     2      -20.58     27.96    -53.02
         40        20       1     1     3      -21.12      8.45    -32.00
         80        40       1     1     1      -75.28    -21.87    -55.78
         80        40       1     1     2      -21.15     27.96    -51.81
         80        40       1     1     3      -23.09      8.45    -36.04
        160        80       1     1     1      -75.28    -21.87    -56.45
        160        80       1     1     2      -25.94     27.96    -58.06
        160        80       1     1     3      -30.02      8.45    -38.48
        320       160       1     1     1      -75.28    -21.87    -65.28
        320       160       1     1     2      -29.13     27.96    -59.47
        320       160       1     1     3      -31.47      8.45    -40.02
        640       320       1     1     1      -75.28    -21.87    -65.64
        640       320       1     1     2      -31.79     27.96    -61.70
        640       320       1     1     3      -34.34      8.45    -43.57
       1280       640       1     1     1      -75.28    -21.87   -313.72  *
       1280       640       1     1     2      -36.73     27.96   -160.32  *
       1280       640       1     1     3      -43.01      8.45    -88.87  *
        480      1280       1     1     1      -75.28    -21.87   -310.22  *
        480      1280       1     1     2      -36.73     27.96    -63.75
        480      1280       1     1     3      -43.01      8.45    -44.47
        560      1280       1     1     2      -36.73     27.96   -103.84  *
        560      1280       1     1     3      -43.01      8.45    -84.36  *
        520      1280       1     1     1      -75.28    -21.87   -310.50  *
        520      1280       1     1     2      -36.73     27.96    -68.94
        520      1280       1     1     3      -43.01      8.45    -47.90
        540      1280       1     1     2      -36.73     27.96    -74.23
        540      1280       1     1     3      -43.01      8.45    -57.92
        550      1280       1     1     2      -36.73     27.96    -83.87  *
        550      1280       1     1     3      -43.01      8.45    -66.19
  PTD =  560              Edge =    1, Final PTD-value from auto-convergence.
 
  Relative power hitting scatterer:    0.989941
  Spill-over:     0.0439 dB
 
 ----- TASK No. 2 -----     Started at 17:06:51 on November 14, 2022
 dual_main_po get_currents ( source : sequence(ref(dual_sub_po)))
 
 
  *** Object name:  dual_main_po
  *** Class name :  po_single_face_scatterer
  *** Message    :  Get_currents message received
 
  Source : dual_sub_po
 
 
  *** Object name:  dual_main_po
  *** Class name :  po_single_face_scatterer
  *** Message    :  Initialization
 
 
  Auto-convergence with desired accuracy of -80.00 dB.
 
  Face 1:
  Max. values: po1/po2 = 4890/11740
 
  Name of currents file: tmp_0000
 
  Control values found in the file:
    No. of frequencies: 1
    No. of beams      : 1
    No. of faces      : 1
    No. of edges      : 1
    No. of gaps       : 0
 
  Frequency number  1 :   1.100 GHz
 
    Face No.      PO1       PO2     Partitions
          1       170       570         7
 
    Edge No.     PTD1
          1       560
 
 
 PO convergence
  Test-grid  Ref-grid    Freq  Beam  Grid       P_max   P_level  Accuracy
    po1/po2   po1/po2                           [dBi]     [dBi]      [dB]
      20/10     10/10       1     1     1      -17.40    -17.40      2.73
      20/10     10/10       1     1     2       42.97     42.97      2.66
      20/10     10/10       1     1     3       51.68     51.68     -7.53
      40/10     20/10       1     1     1      -20.50    -20.50      2.69
      40/10     20/10       1     1     2       37.77     37.77      4.10
      40/10     20/10       1     1     3       51.64     51.64    -11.14
      80/10     40/10       1     1     1      -21.50    -21.50      1.58
      80/10     40/10       1     1     2       39.50     39.50     -1.05
      80/10     40/10       1     1     3       51.63     51.63    -54.11
     160/10     80/10       1     1     1      -24.31    -24.31      1.51
     160/10     80/10       1     1     2       35.77     35.77      1.66
     160/10     80/10       1     1     3       51.64     51.64    -64.97
     320/10    160/10       1     1     1      -27.64    -27.64     -2.01
     320/10    160/10       1     1     2       35.79     35.79     -5.27
     320/10    160/10       1     1     3       51.64     51.64   -219.15  *
     640/10    320/10       1     1     1      -31.53    -31.53   -167.71  *
     640/10    320/10       1     1     2       35.79     35.79   -229.30  *
     240/10    640/10       1     1     1      -31.53    -31.53    -14.42
     240/10    640/10       1     1     2       35.79     35.79    -54.21
     280/10    640/10       1     1     1      -31.53    -31.53    -47.08
     280/10    640/10       1     1     2       35.79     35.79    -89.60  *
     300/10    640/10       1     1     1      -31.53    -31.53    -73.35
     310/10    640/10       1     1     1      -31.53    -31.53   -110.47  *
     305/10    640/10       1     1     1      -31.53    -31.53    -88.93  *
     305/10    640/10       1     1     2       35.79     35.79   -228.94  *
 
 PO convergence
  Test-grid  Ref-grid    Freq  Beam  Grid       P_max   P_level  Accuracy
    po1/po2   po1/po2                           [dBi]     [dBi]      [dB]
      10/20     10/10       1     1     1      -17.40    -17.40      3.97
      10/20     10/10       1     1     2       42.97     42.97      1.01
      10/20     10/10       1     1     3       51.68     51.68     -8.91
      10/40     10/20       1     1     1      -15.04    -15.04      0.12
      10/40     10/20       1     1     2       41.70     41.70      1.73
      10/40     10/20       1     1     3       51.65     51.65    -13.24
      10/80     10/40       1     1     1      -18.99    -18.99     -0.88
      10/80     10/40       1     1     2       39.14     39.14      1.45
      10/80     10/40       1     1     3       51.66     51.66    -13.24
     10/160     10/80       1     1     1      -23.85    -23.85      2.39
     10/160     10/80       1     1     2       34.33     35.79     -0.20
     10/160     10/80       1     1     3       51.66     51.66    -25.58
     10/320    10/160       1     1     1      -24.49    -24.49      0.75
     10/320    10/160       1     1     2       32.28     35.79     -4.10
     10/320    10/160       1     1     3       51.66     51.66    -84.25  *
     10/640    10/320       1     1     1      -29.40    -29.40      0.81
     10/640    10/320       1     1     2       30.04     35.79     -7.71
    10/1280    10/640       1     1     1      -34.23    -31.53     -7.89
    10/1280    10/640       1     1     2       30.04     35.79    -18.45
    10/2560   10/1280       1     1     1      -36.17    -31.53   -252.13  *
    10/2560   10/1280       1     1     2       30.04     35.79   -258.20  *
     10/960   10/2560       1     1     1      -36.17    -31.53   -148.57  *
     10/960   10/2560       1     1     2       30.04     35.79   -259.54  *
     10/800   10/2560       1     1     1      -36.17    -31.53    -15.66
     10/800   10/2560       1     1     2       30.04     35.79    -35.24
     10/880   10/2560       1     1     1      -36.17    -31.53    -26.79
     10/880   10/2560       1     1     2       30.04     35.79    -76.41
     10/920   10/2560       1     1     1      -36.17    -31.53    -52.82
     10/920   10/2560       1     1     2       30.04     35.79   -183.82  *
     10/940   10/2560       1     1     1      -36.17    -31.53    -92.69  *
  PO1 =  305  PO2 =  940  Face =    1, Final PO-values from auto-convergence
 
  Edge 1:
  Max. value: ptd = 11740
 
 PO convergence
  Test-grid  Ref-grid    Freq  Beam  Grid       P_max   P_level  Accuracy
        ptd       ptd                           [dBi]     [dBi]      [dB]
         20        10       1     1     1      -79.22    -31.53    -50.85
         20        10       1     1     2      -21.09     35.79    -58.64
         20        10       1     1     3      -21.77     51.66    -77.80
         40        20       1     1     1      -80.67    -31.53    -51.47
         40        20       1     1     2      -23.70     35.79    -59.38
         40        20       1     1     3      -24.54     51.66    -77.56
         80        40       1     1     1      -84.47    -31.53    -56.92
         80        40       1     1     2      -26.23     35.79    -65.13
         80        40       1     1     3      -27.31     51.66    -79.11
        160        80       1     1     1      -86.98    -31.53    -56.62
        160        80       1     1     2      -26.50     35.79    -63.89
        160        80       1     1     3      -28.82     51.66    -82.46  *
        320       160       1     1     1      -90.95    -31.53    -60.35
        320       160       1     1     2      -28.39     35.79    -70.17
        320       160       1     1     3      -36.46     51.66   -114.61  *
        640       320       1     1     1      -92.79    -31.53    -66.86
        640       320       1     1     2      -28.39     35.79    -74.31
       1280       640       1     1     1      -92.32    -31.53    -61.43
       1280       640       1     1     2      -28.39     35.79    -79.35
       2560      1280       1     1     1     -102.41    -31.53   -289.82  *
       2560      1280       1     1     2      -28.39     35.79   -306.54  *
        960      2560       1     1     1     -102.41    -31.53   -121.36  *
        960      2560       1     1     2      -28.39     35.79   -140.79  *
        800      2560       1     1     1     -102.41    -31.53    -64.19
        800      2560       1     1     2      -28.39     35.79    -74.54
        880      2560       1     1     1     -102.41    -31.53    -70.60
        880      2560       1     1     2      -28.39     35.79    -97.65  *
        920      2560       1     1     1     -102.41    -31.53    -79.22
        940      2560       1     1     1     -102.41    -31.53   -111.40  *
  PTD =  940              Edge =    1, Final PTD-value from auto-convergence.
 
  Relative power hitting scatterer:    0.988326
  Spill-over:     0.0510 dB
 
 ----- TASK No. 3 -----     Started at 17:13:45 on November 14, 2022
 dual_cut get_field ( source : sequence(ref(dual_main_po)))
 
 
  *** Object name:  dual_cut
  *** Class name :  spherical_cut
  *** Message    :  Get_field message received
 
  Source : dual_main_po
 
  Name of currents file: tmp_0001
 
  Control values found in the file:
    No. of frequencies: 1
    No. of beams      : 1
    No. of faces      : 1
    No. of edges      : 1
    No. of gaps       : 0
 
  Frequency number  1 :   1.100 GHz
 
    Face No.      PO1       PO2     Partitions
          1       305       940        19
 
    Edge No.     PTD1
          1       940
 
 
 
  *** Object name:  dual_cut
  *** Class name :  spherical_cut
  *** Message    :  Field calculated
 
  Frequency No. :     1
  Beam No. :     1
 
 ----- TASK No. 4 -----     Started at 17:13:50 on November 14, 2022
 dual_cut add_field ( source : sequence(ref(dual_sub_po), ref(dual_feed)))
 
 
  *** Object name:  dual_cut
  *** Class name :  spherical_cut
  *** Message    :  Add_field message received
 
  Source : dual_sub_po
  Source : dual_feed
 
  Name of currents file: tmp_0000
 
  Control values found in the file:
    No. of frequencies: 1
    No. of beams      : 1
    No. of faces      : 1
    No. of edges      : 1
    No. of gaps       : 0
 
  Frequency number  1 :   1.100 GHz
 
    Face No.      PO1       PO2     Partitions
          1       170       570         7
 
    Edge No.     PTD1
          1       560
 
 
 
  *** Object name:  dual_cut
  *** Class name :  spherical_cut
  *** Message    :  Field calculated
 
  Frequency No. :     1
  Beam No. :     1
 
 
  *** Object name:  dual_cut
  *** Class name :  spherical_cut
  *** Message    :  Field calculated
 
  Frequency No. :     1
  Beam No. :     1
 
 ----- END OF TASKS -----     Completed at 17:13:52 on November 14, 2022
 Total time was 7:02 min
 Program stopped at 17:13:52 on 14 November 2022
 
