 
 
                                    G R A S P 9 - S E
                                    =================
 
  Student edition of General multi-reflector analysis program
 
 GRASP-SE version 10.3.0 (Linux amd64/em64t 64-bit)
 
 
 GRASP-SE found  20 CPU cores
 (Student edition limited to 1 CPU core)
 
  Reading tor-file: bingo.tor
 
 
  *** Object name:  dual_main_reflector
  *** Class name :  reflector
  *** Message    :  Object created
 
 
 
  *** Object name:  dual_main_reflector
  *** Class name :  reflector
  *** Message    :  New values in object
 
  Coordinate system: dual_global_coor
  Surface: dual_main_surface
  Rim: dual_main_rim
 
 
  *** Object name:  dual_global_coor
  *** Class name :  coor_sys
  *** Message    :  Object created
 
 
 
  *** Object name:  dual_global_coor
  *** Class name :  coor_sys
  *** Message    :  New values in object
 
  Z_axis :     0.000000    0.000000    1.000000
 
 
  *** Object name:  dual_main_surface
  *** Class name :  paraboloid
  *** Message    :  Object created
 
 
 
  *** Object name:  dual_main_surface
  *** Class name :  paraboloid
  *** Message    :  New values in object
 
 
  Focal length     :    140.000 m
   and in SI units :    140.000 meter
 
 
  *** Object name:  dual_main_rim
  *** Class name :  elliptical_rim
  *** Message    :  Object created
 
 
 
  *** Object name:  dual_main_rim
  *** Class name :  elliptical_rim
  *** Message    :  Definition of elliptical_rim
 
  The rim centre is placed at
    x :   -226.541 m
    y :    0.00000 m
  and in SI units
    x :   -226.541     meter
    y :    0.00000     meter
 
  The half axes of the ellipse are defined by
    in x-direction :    20.0000 m
    in y-direction :    20.0000 m
  and in SI units
    in x-direction :    20.0000     meter
    in y-direction :    20.0000     meter
 
  The rim limits in radii are
    minimum :    20.0000     meter
    maximum :    20.0000     meter
 
  The rim limits in x direction are
    minimum :   -246.541     meter
    maximum :   -206.541     meter
 
  The rim limits in y direction are
    minimum :   -20.0000     meter
    maximum :    20.0000     meter
 
 
  *** Object name:  dual_sub_reflector
  *** Class name :  reflector
  *** Message    :  Object created
 
 
 
  *** Object name:  dual_sub_reflector
  *** Class name :  reflector
  *** Message    :  New values in object
 
  Coordinate system: dual_sub_coor
  Surface: dual_sub_surface
  Rim: dual_sub_rim
 
 
  *** Object name:  dual_sub_surface
  *** Class name :  hyperboloid
  *** Message    :  Object created
 
 
 
  *** Object name:  dual_sub_surface
  *** Class name :  hyperboloid
  *** Message    :  New values in object
 
 
  Distance between the vertices, 2a :   -148.235 m
   and in SI units                  :   -148.235 meter
 
  Distance between the foci, 2c     :    252.000 m
   and in SI units                  :    252.000 meter
 
    giving the eccentricity         :   -1.70000
 
 
  *** Object name:  dual_sub_rim
  *** Class name :  elliptical_rim
  *** Message    :  Object created
 
 
 
  *** Object name:  dual_sub_rim
  *** Class name :  elliptical_rim
  *** Message    :  Definition of elliptical_rim
 
  The rim centre is placed at
    x :    26.2883 m
    y :    0.00000 m
  and in SI units
    x :    26.2883     meter
    y :    0.00000     meter
 
  The half axes of the ellipse are defined by
    in x-direction :    18.3404 m
    in y-direction :    17.7753 m
  and in SI units
    in x-direction :    18.3404     meter
    in y-direction :    17.7753     meter
 
  The rim limits in radii are
    minimum :    17.7753     meter
    maximum :    18.3404     meter
 
  The rim limits in x direction are
    minimum :    7.94790     meter
    maximum :    44.6287     meter
 
  The rim limits in y direction are
    minimum :   -17.7753     meter
    maximum :    17.7753     meter
 
 
  *** Object name:  dual_feed
  *** Class name :  gaussian_beam_pattern
  *** Message    :  Object created
 
 
 
  *** Object name:  dual_feed
  *** Class name :  gaussian_beam_pattern
  *** Message    :  Object created
 
 
 
  *** Object name:  dual_feed
  *** Class name :  gaussian_beam_pattern
  *** Message    :  New values in object
 
  Frequency : dual_frequencies
  Coor_sys : corneta_coor
 
 
  *** Object name:  dual_feed
  *** Class name :  gaussian_beam_pattern
  *** Message    :  Definition of common feed attributes
 
 
 
  *** Object name:  dual_feed
  *** Class name :  gaussian_beam_pattern
  *** Message    :  Definition of gaussian feed
 
 
  Taper angle :   17.9809 degrees
 
  Taper compared to on-axis level :  -20.0000 dB
 
  The imaginary displacement along the negative z-axis
    is   7.42280 wavelengths
 
 
  *** Object name:  dual_frequencies
  *** Class name :  frequency
  *** Message    :  Object created
 
 
 
  *** Object name:  dual_frequencies
  *** Class name :  frequency
  *** Message    :  New values in object
 
  Frequency No.    1  :   0.110000E+01 GHz
 
 
  *** Object name:  dual_feed_coor
  *** Class name :  coor_sys
  *** Message    :  Object created
 
 
 
  *** Object name:  dual_feed_coor
  *** Class name :  coor_sys
  *** Message    :  New values in object
 
  Origin :  -0.244996E+02 m     0.000000E+00 m     0.263920E+02 m
  Base name : dual_cut_coor
  X_axis :    -0.370197    0.000000   -0.928953
  Y_axis :     0.000000    1.000000    0.000000
  Z_axis :     0.928953    0.000000   -0.370197
 
 
  *** Object name:  dual_cut
  *** Class name :  spherical_cut
  *** Message    :  Object created
 
 
 
  *** Object name:  dual_cut
  *** Class name :  spherical_cut
  *** Message    :  New values in object
 
  File name : bingo.cut
  Coor_sys : dual_cut_coor
  Theta range : start  -5.00000    end  95.00000    points  3001
  Phi range : start   0.00000    end   0.00000    points     1
 
 
  *** Object name:  dual_cut_coor
  *** Class name :  coor_sys
  *** Message    :  Object created
 
 
 
  *** Object name:  dual_cut_coor
  *** Class name :  coor_sys
  *** Message    :  New values in object
 
  Origin :  -0.226541E+03 m     0.000000E+00 m     0.916447E+02 m
  Base name : dual_global_coor
  Z_axis :     0.000000    0.000000    1.000000
 
 
  *** Object name:  dual_main_po
  *** Class name :  po_single_face_scatterer
  *** Message    :  Object created
 
 
 
  *** Object name:  dual_main_po
  *** Class name :  po_single_face_scatterer
  *** Message    :  New values in object
 
  Frequency : dual_frequencies
  Scatterer : dual_main_reflector
 
 
  *** Object name:  dual_sub_po
  *** Class name :  po_single_face_scatterer
  *** Message    :  Object created
 
 
 
  *** Object name:  dual_sub_po
  *** Class name :  po_single_face_scatterer
  *** Message    :  New values in object
 
  Frequency : dual_frequencies
  Scatterer : dual_sub_reflector
 
 
  *** Object name:  spherical_grid
  *** Class name :  spherical_grid
  *** Message    :  Object created
 
 
 
  *** Object name:  spherical_grid
  *** Class name :  spherical_grid
  *** Message    :  New values in object
 
  File name :
  Coor_sys : dual_cut_coor
  X range : start  -0.20000    end   0.20000    points   151
  Y range : start  -0.20000    end   0.20000    points   151
 
 
  *** Object name:  corneta_coor
  *** Class name :  coor_sys
  *** Message    :  Object created
 
 
 
  *** Object name:  corneta_coor
  *** Class name :  coor_sys
  *** Message    :  New values in object
 
  Origin :   0.000000E+00 cm    0.000000E+00 m     0.000000E+00 m
  Base name : dual_feed_coor
  X_axis :     1.000000    0.000000    0.000000
  Y_axis :     0.000000    1.000000    0.000000
  Z_axis :     0.000000    0.000000    1.000000
 
 
  *** Object name:  dual_sub_coor
  *** Class name :  coor_sys
  *** Message    :  Object created
 
 
 
  *** Object name:  dual_sub_coor
  *** Class name :  coor_sys
  *** Message    :  New values in object
 
  Origin :   0.226575E+03 m     0.000000E+00 m     0.483553E+02 m
  Base name : dual_cut_coor
  X_axis :     0.087156    0.000000   -0.996195
  Y_axis :     0.000000   -1.000000    0.000000
  Z_axis :    -0.996195    0.000000   -0.087156
 Program started at 16:07:22 on 14 November 2022
 
 
 ----- TASK No. 1 -----     Started at 16:07:22 on November 14, 2022
 dual_sub_po get_currents ( source : sequence(ref(dual_feed)))
 
 
  *** Object name:  dual_sub_po
  *** Class name :  po_single_face_scatterer
  *** Message    :  Get_currents message received
 
  Source : dual_feed
 
 
  *** Object name:  dual_sub_po
  *** Class name :  po_single_face_scatterer
  *** Message    :  Initialization
 
 
  Auto-convergence with desired accuracy of -80.00 dB.
 
  Face 1:
  Max. values: po1/po2 = 4410/10600
 
 PO convergence
  Test-grid  Ref-grid    Freq  Beam  Grid       P_max   P_level  Accuracy
    po1/po2   po1/po2                           [dBi]     [dBi]      [dB]
      20/10     10/10       1     1     1      -18.29    -18.29      2.65
      20/10     10/10       1     1     2       41.39     41.39     -0.43
      20/10     10/10       1     1     3       24.69     24.69      2.25
      40/10     20/10       1     1     1      -17.82    -17.82      1.34
      40/10     20/10       1     1     2       36.64     36.64      0.75
      40/10     20/10       1     1     3       22.58     22.58      3.58
      80/10     40/10       1     1     1      -19.98    -19.98      0.55
      80/10     40/10       1     1     2       33.87     33.87      3.82
      80/10     40/10       1     1     3       23.38     23.38      1.59
     160/10     80/10       1     1     1      -27.51    -27.51     -2.51
     160/10     80/10       1     1     2       31.46     31.46     -1.14
     160/10     80/10       1     1     3       12.79     12.79     -0.05
     320/10    160/10       1     1     1      -27.58    -27.58   -235.54  *
     320/10    160/10       1     1     2       27.96     27.96    -67.63
     320/10    160/10       1     1     3        1.74      1.74    -41.40
     640/10    320/10       1     1     2       27.96     27.96   -223.30  *
     640/10    320/10       1     1     3        1.74      1.74   -205.04  *
     240/10    640/10       1     1     2       27.96     27.96   -222.04  *
     240/10    640/10       1     1     3        1.74      1.74   -203.58  *
     200/10    640/10       1     1     2       27.96     27.96   -221.75  *
     200/10    640/10       1     1     3        1.74      1.74   -203.41  *
     180/10    640/10       1     1     2       27.96     27.96   -221.54  *
     180/10    640/10       1     1     3        1.74      1.74   -203.23  *
     170/10    640/10       1     1     2       27.96     27.96   -140.71  *
     170/10    640/10       1     1     3        1.74      1.74   -114.76  *
     165/10    640/10       1     1     2       27.96     27.96   -101.16  *
     165/10    640/10       1     1     3        1.74      1.74    -74.98
 
 PO convergence
  Test-grid  Ref-grid    Freq  Beam  Grid       P_max   P_level  Accuracy
    po1/po2   po1/po2                           [dBi]     [dBi]      [dB]
      10/20     10/10       1     1     1      -18.29    -18.29      2.25
      10/20     10/10       1     1     2       41.39     41.39      3.07
      10/20     10/10       1     1     3       24.69     24.69      1.83
      10/40     10/20       1     1     1      -16.29    -16.29     -0.14
      10/40     10/20       1     1     2       39.34     39.34      0.09
      10/40     10/20       1     1     3       24.01     24.01      3.39
      10/80     10/40       1     1     1      -21.84    -21.84     -0.86
      10/80     10/40       1     1     2       37.03     37.03     -0.21
      10/80     10/40       1     1     3       20.21     20.21      3.71
     10/160     10/80       1     1     1      -21.84    -21.84     -0.20
     10/160     10/80       1     1     2       31.84     31.84      0.80
     10/160     10/80       1     1     3       16.71     16.71      2.07
     10/320    10/160       1     1     1      -21.84    -21.84    -10.97
     10/320    10/160       1     1     2       31.74     31.74     -2.89
     10/320    10/160       1     1     3       15.91     15.91     -1.17
     10/640    10/320       1     1     1      -21.84    -21.84    -29.63
     10/640    10/320       1     1     2       24.74     27.96     -4.36
     10/640    10/320       1     1     3       12.43     12.43     -2.35
    10/1280    10/640       1     1     1      -21.84    -21.84   -252.05  *
    10/1280    10/640       1     1     2       23.42     27.96   -250.99  *
    10/1280    10/640       1     1     3        8.52      8.52   -243.27  *
     10/480   10/1280       1     1     1      -21.84    -21.84   -250.81  *
     10/480   10/1280       1     1     2       23.42     27.96    -18.57
     10/480   10/1280       1     1     3        8.52      8.52     -7.84
     10/560   10/1280       1     1     2       23.42     27.96    -94.97  *
     10/560   10/1280       1     1     3        8.52      8.52    -76.47
     10/600   10/1280       1     1     3        8.52      8.52   -232.34  *
     10/580   10/1280       1     1     1      -21.84    -21.84   -249.25  *
     10/580   10/1280       1     1     2       23.42     27.96   -164.44  *
     10/580   10/1280       1     1     3        8.52      8.52   -145.19  *
     10/570   10/1280       1     1     1      -21.84    -21.84   -252.33  *
     10/570   10/1280       1     1     2       23.42     27.96   -128.80  *
     10/570   10/1280       1     1     3        8.52      8.52   -109.10  *
  PO1 =  170  PO2 =  570  Face =    1, Final PO-values from auto-convergence
 
  Edge 1:
  Max. value: ptd = 10600
 
 PO convergence
  Test-grid  Ref-grid    Freq  Beam  Grid       P_max   P_level  Accuracy
        ptd       ptd                           [dBi]     [dBi]      [dB]
         20        10       1     1     1      -73.95    -21.84    -51.77
         20        10       1     1     2      -18.96     27.96    -47.62
         20        10       1     1     3      -17.64      8.52    -26.67
         40        20       1     1     1      -73.47    -21.84    -56.53
         40        20       1     1     2      -20.54     27.96    -52.75
         40        20       1     1     3      -21.29      8.52    -32.09
         80        40       1     1     1      -75.21    -21.84    -55.71
         80        40       1     1     2      -21.06     27.96    -51.71
         80        40       1     1     3      -23.04      8.52    -36.14
        160        80       1     1     1      -75.21    -21.84    -56.29
        160        80       1     1     2      -26.00     27.96    -57.87
        160        80       1     1     3      -30.05      8.52    -38.61
        320       160       1     1     1      -75.21    -21.84    -65.38
        320       160       1     1     2      -29.31     27.96    -59.27
        320       160       1     1     3      -31.35      8.52    -40.29
        640       320       1     1     1      -75.21    -21.84    -66.13
        640       320       1     1     2      -32.07     27.96    -61.64
        640       320       1     1     3      -34.37      8.52    -43.66
       1280       640       1     1     1      -75.21    -21.84   -313.03  *
       1280       640       1     1     2      -36.47     27.96   -160.30  *
       1280       640       1     1     3      -42.99      8.52    -88.90  *
        480      1280       1     1     1      -75.21    -21.84   -310.56  *
        480      1280       1     1     2      -36.47     27.96    -63.77
        480      1280       1     1     3      -42.99      8.52    -44.55
        560      1280       1     1     2      -36.47     27.96   -104.01  *
        560      1280       1     1     3      -42.99      8.52    -84.42  *
        520      1280       1     1     1      -75.21    -21.84   -310.68  *
        520      1280       1     1     2      -36.47     27.96    -68.89
        520      1280       1     1     3      -42.99      8.52    -48.06
        540      1280       1     1     2      -36.47     27.96    -74.20
        540      1280       1     1     3      -42.99      8.52    -57.94
        550      1280       1     1     2      -36.47     27.96    -83.99  *
        550      1280       1     1     3      -42.99      8.52    -66.31
  PTD =  560              Edge =    1, Final PTD-value from auto-convergence.
 
  Relative power hitting scatterer:    0.989900
  Spill-over:     0.0441 dB
 
 ----- TASK No. 2 -----     Started at 16:07:24 on November 14, 2022
 dual_main_po get_currents ( source : sequence(ref(dual_sub_po)))
 
 
  *** Object name:  dual_main_po
  *** Class name :  po_single_face_scatterer
  *** Message    :  Get_currents message received
 
  Source : dual_sub_po
 
 
  *** Object name:  dual_main_po
  *** Class name :  po_single_face_scatterer
  *** Message    :  Initialization
 
 
  Auto-convergence with desired accuracy of -80.00 dB.
 
  Face 1:
  Max. values: po1/po2 = 4890/11740
 
  Name of currents file: tmp_0000
 
  Control values found in the file:
    No. of frequencies: 1
    No. of beams      : 1
    No. of faces      : 1
    No. of edges      : 1
    No. of gaps       : 0
 
  Frequency number  1 :   1.100 GHz
 
    Face No.      PO1       PO2     Partitions
          1       170       570         7
 
    Edge No.     PTD1
          1       560
 
 
 PO convergence
  Test-grid  Ref-grid    Freq  Beam  Grid       P_max   P_level  Accuracy
    po1/po2   po1/po2                           [dBi]     [dBi]      [dB]
      20/10     10/10       1     1     1      -17.40    -17.40      2.42
      20/10     10/10       1     1     2       42.89     42.89      2.67
      20/10     10/10       1     1     3       51.68     51.68     -7.30
      40/10     20/10       1     1     1      -20.45    -20.45      3.00
      40/10     20/10       1     1     2       37.68     37.68      4.03
      40/10     20/10       1     1     3       51.63     51.63    -10.91
      80/10     40/10       1     1     1      -21.26    -21.26      1.27
      80/10     40/10       1     1     2       39.61     39.61     -1.11
      80/10     40/10       1     1     3       51.63     51.63    -53.82
     160/10     80/10       1     1     1      -23.71    -23.71      1.17
     160/10     80/10       1     1     2       35.89     35.89      1.63
     160/10     80/10       1     1     3       51.64     51.64    -65.25
     320/10    160/10       1     1     1      -27.77    -27.77     -1.96
     320/10    160/10       1     1     2       35.91     35.91     -5.32
     320/10    160/10       1     1     3       51.63     51.63   -220.10  *
     640/10    320/10       1     1     1      -31.57    -31.57   -167.71  *
     640/10    320/10       1     1     2       35.91     35.91   -229.33  *
     240/10    640/10       1     1     1      -31.57    -31.57    -14.42
     240/10    640/10       1     1     2       35.91     35.91    -54.13
     280/10    640/10       1     1     1      -31.57    -31.57    -47.03
     280/10    640/10       1     1     2       35.91     35.91    -89.71  *
     300/10    640/10       1     1     1      -31.57    -31.57    -73.30
     310/10    640/10       1     1     1      -31.57    -31.57   -110.45  *
     305/10    640/10       1     1     1      -31.57    -31.57    -88.89  *
     305/10    640/10       1     1     2       35.91     35.91   -228.98  *
 
 PO convergence
  Test-grid  Ref-grid    Freq  Beam  Grid       P_max   P_level  Accuracy
    po1/po2   po1/po2                           [dBi]     [dBi]      [dB]
      10/20     10/10       1     1     1      -17.40    -17.40      3.94
      10/20     10/10       1     1     2       42.89     42.89      1.03
      10/20     10/10       1     1     3       51.68     51.68     -9.06
      10/40     10/20       1     1     1      -14.96    -14.96      0.52
      10/40     10/20       1     1     2       41.77     41.77      1.71
      10/40     10/20       1     1     3       51.65     51.65    -12.97
      10/80     10/40       1     1     1      -18.69    -18.69     -1.17
      10/80     10/40       1     1     2       39.25     39.25      1.42
      10/80     10/40       1     1     3       51.66     51.66    -13.13
     10/160     10/80       1     1     1      -23.68    -23.68      2.09
     10/160     10/80       1     1     2       34.31     35.91     -0.40
     10/160     10/80       1     1     3       51.66     51.66    -25.56
     10/320    10/160       1     1     1      -25.08    -25.08      1.68
     10/320    10/160       1     1     2       32.27     35.91     -4.25
     10/320    10/160       1     1     3       51.66     51.66    -84.08  *
     10/640    10/320       1     1     1      -28.93    -28.93      0.81
     10/640    10/320       1     1     2       30.05     35.91     -7.86
    10/1280    10/640       1     1     1      -34.14    -31.57     -7.49
    10/1280    10/640       1     1     2       30.05     35.91    -18.28
    10/2560   10/1280       1     1     1      -36.31    -31.57   -252.49  *
    10/2560   10/1280       1     1     2       30.05     35.91   -258.64  *
     10/960   10/2560       1     1     1      -36.31    -31.57   -148.27  *
     10/960   10/2560       1     1     2       30.05     35.91   -259.52  *
     10/800   10/2560       1     1     1      -36.31    -31.57    -15.60
     10/800   10/2560       1     1     2       30.05     35.91    -35.25
     10/880   10/2560       1     1     1      -36.31    -31.57    -26.72
     10/880   10/2560       1     1     2       30.05     35.91    -76.35
     10/920   10/2560       1     1     1      -36.31    -31.57    -52.67
     10/920   10/2560       1     1     2       30.05     35.91   -183.64  *
     10/940   10/2560       1     1     1      -36.31    -31.57    -92.46  *
  PO1 =  305  PO2 =  940  Face =    1, Final PO-values from auto-convergence
 
  Edge 1:
  Max. value: ptd = 11740
 
 PO convergence
  Test-grid  Ref-grid    Freq  Beam  Grid       P_max   P_level  Accuracy
        ptd       ptd                           [dBi]     [dBi]      [dB]
         20        10       1     1     1      -79.29    -31.57    -50.90
         20        10       1     1     2      -21.09     35.91    -58.96
         20        10       1     1     3      -21.67     51.66    -77.55
         40        20       1     1     1      -81.09    -31.57    -51.62
         40        20       1     1     2      -23.72     35.91    -59.51
         40        20       1     1     3      -24.60     51.66    -77.35
         80        40       1     1     1      -83.94    -31.57    -56.93
         80        40       1     1     2      -26.32     35.91    -65.41
         80        40       1     1     3      -27.37     51.66    -79.14
        160        80       1     1     1      -87.26    -31.57    -56.31
        160        80       1     1     2      -26.51     35.91    -64.02
        160        80       1     1     3      -28.88     51.66    -82.32  *
        320       160       1     1     1      -90.72    -31.57    -60.37
        320       160       1     1     2      -28.41     35.91    -70.22
        320       160       1     1     3      -35.54     51.66   -114.40  *
        640       320       1     1     1      -92.79    -31.57    -66.94
        640       320       1     1     2      -28.42     35.91    -74.42
       1280       640       1     1     1      -92.63    -31.57    -61.22
       1280       640       1     1     2      -28.42     35.91    -79.40
       2560      1280       1     1     1     -102.38    -31.57   -289.51  *
       2560      1280       1     1     2      -28.42     35.91   -289.15  *
        960      2560       1     1     1     -102.38    -31.57   -121.35  *
        960      2560       1     1     2      -28.42     35.91   -140.81  *
        800      2560       1     1     1     -102.38    -31.57    -64.26
        800      2560       1     1     2      -28.42     35.91    -74.76
        880      2560       1     1     1     -102.38    -31.57    -70.61
        880      2560       1     1     2      -28.42     35.91    -97.68  *
        920      2560       1     1     1     -102.38    -31.57    -79.10
        940      2560       1     1     1     -102.38    -31.57   -111.25  *
  PTD =  940              Edge =    1, Final PTD-value from auto-convergence.
 
  Relative power hitting scatterer:    0.988280
  Spill-over:     0.0512 dB
 
 ----- TASK No. 3 -----     Started at 16:25:50 on November 14, 2022
 dual_cut get_field ( source : sequence(ref(dual_main_po)))
 
 
  *** Object name:  dual_cut
  *** Class name :  spherical_cut
  *** Message    :  Get_field message received
 
  Source : dual_main_po
 
  Name of currents file: tmp_0001
 
  Control values found in the file:
    No. of frequencies: 1
    No. of beams      : 1
    No. of faces      : 1
    No. of edges      : 1
    No. of gaps       : 0
 
  Frequency number  1 :   1.100 GHz
 
    Face No.      PO1       PO2     Partitions
          1       305       940        19
 
    Edge No.     PTD1
          1       940
 
 
 
  *** Object name:  dual_cut
  *** Class name :  spherical_cut
  *** Message    :  Field calculated
 
  Frequency No. :     1
  Beam No. :     1
 
 ----- TASK No. 4 -----     Started at 16:25:56 on November 14, 2022
 dual_cut add_field ( source : sequence(ref(dual_sub_po), ref(dual_feed)))
 
 
  *** Object name:  dual_cut
  *** Class name :  spherical_cut
  *** Message    :  Add_field message received
 
  Source : dual_sub_po
  Source : dual_feed
 
  Name of currents file: tmp_0000
 
  Control values found in the file:
    No. of frequencies: 1
    No. of beams      : 1
    No. of faces      : 1
    No. of edges      : 1
    No. of gaps       : 0
 
  Frequency number  1 :   1.100 GHz
 
    Face No.      PO1       PO2     Partitions
          1       170       570         7
 
    Edge No.     PTD1
          1       560
 
 
 
  *** Object name:  dual_cut
  *** Class name :  spherical_cut
  *** Message    :  Field calculated
 
  Frequency No. :     1
  Beam No. :     1
 
 
  *** Object name:  dual_cut
  *** Class name :  spherical_cut
  *** Message    :  Field calculated
 
  Frequency No. :     1
  Beam No. :     1
 
 ----- END OF TASKS -----     Completed at 16:25:59 on November 14, 2022
 Total time was 18:36 min
 Program stopped at 16:25:59 on 14 November 2022
 
