 
 
                                    G R A S P 9 - S E
                                    =================
 
  Student edition of General multi-reflector analysis program
 
 GRASP-SE version 10.3.0 (Linux amd64/em64t 64-bit)
 
 
 GRASP-SE found  20 CPU cores
 (Student edition limited to 1 CPU core)
 
  Reading tor-file: bingo.tor
 
 
  *** Object name:  dual_main_reflector
  *** Class name :  reflector
  *** Message    :  Object created
 
 
 
  *** Object name:  dual_main_reflector
  *** Class name :  reflector
  *** Message    :  New values in object
 
  Coordinate system: dual_global_coor
  Surface: dual_main_surface
  Rim: dual_main_rim
 
 
  *** Object name:  dual_global_coor
  *** Class name :  coor_sys
  *** Message    :  Object created
 
 
 
  *** Object name:  dual_global_coor
  *** Class name :  coor_sys
  *** Message    :  New values in object
 
  Z_axis :     0.000000    0.000000    1.000000
 
 
  *** Object name:  dual_main_surface
  *** Class name :  paraboloid
  *** Message    :  Object created
 
 
 
  *** Object name:  dual_main_surface
  *** Class name :  paraboloid
  *** Message    :  New values in object
 
 
  Focal length     :    140.000 m
   and in SI units :    140.000 meter
 
 
  *** Object name:  dual_main_rim
  *** Class name :  elliptical_rim
  *** Message    :  Object created
 
 
 
  *** Object name:  dual_main_rim
  *** Class name :  elliptical_rim
  *** Message    :  Definition of elliptical_rim
 
  The rim centre is placed at
    x :   -226.541 m
    y :    0.00000 m
  and in SI units
    x :   -226.541     meter
    y :    0.00000     meter
 
  The half axes of the ellipse are defined by
    in x-direction :    20.0000 m
    in y-direction :    20.0000 m
  and in SI units
    in x-direction :    20.0000     meter
    in y-direction :    20.0000     meter
 
  The rim limits in radii are
    minimum :    20.0000     meter
    maximum :    20.0000     meter
 
  The rim limits in x direction are
    minimum :   -246.541     meter
    maximum :   -206.541     meter
 
  The rim limits in y direction are
    minimum :   -20.0000     meter
    maximum :    20.0000     meter
 
 
  *** Object name:  dual_sub_reflector
  *** Class name :  reflector
  *** Message    :  Object created
 
 
 
  *** Object name:  dual_sub_reflector
  *** Class name :  reflector
  *** Message    :  New values in object
 
  Coordinate system: dual_sub_coor
  Surface: dual_sub_surface
  Rim: dual_sub_rim
 
 
  *** Object name:  dual_sub_surface
  *** Class name :  hyperboloid
  *** Message    :  Object created
 
 
 
  *** Object name:  dual_sub_surface
  *** Class name :  hyperboloid
  *** Message    :  New values in object
 
 
  Distance between the vertices, 2a :   -148.235 m
   and in SI units                  :   -148.235 meter
 
  Distance between the foci, 2c     :    252.000 m
   and in SI units                  :    252.000 meter
 
    giving the eccentricity         :   -1.70000
 
 
  *** Object name:  dual_sub_rim
  *** Class name :  elliptical_rim
  *** Message    :  Object created
 
 
 
  *** Object name:  dual_sub_rim
  *** Class name :  elliptical_rim
  *** Message    :  Definition of elliptical_rim
 
  The rim centre is placed at
    x :    26.2883 m
    y :    0.00000 m
  and in SI units
    x :    26.2883     meter
    y :    0.00000     meter
 
  The half axes of the ellipse are defined by
    in x-direction :    18.3404 m
    in y-direction :    17.7753 m
  and in SI units
    in x-direction :    18.3404     meter
    in y-direction :    17.7753     meter
 
  The rim limits in radii are
    minimum :    17.7753     meter
    maximum :    18.3404     meter
 
  The rim limits in x direction are
    minimum :    7.94790     meter
    maximum :    44.6287     meter
 
  The rim limits in y direction are
    minimum :   -17.7753     meter
    maximum :    17.7753     meter
 
 
  *** Object name:  dual_feed
  *** Class name :  gaussian_beam_pattern
  *** Message    :  Object created
 
 
 
  *** Object name:  dual_feed
  *** Class name :  gaussian_beam_pattern
  *** Message    :  Object created
 
 
 
  *** Object name:  dual_feed
  *** Class name :  gaussian_beam_pattern
  *** Message    :  New values in object
 
  Frequency : dual_frequencies
  Coor_sys : corneta_coor
 
 
  *** Object name:  dual_feed
  *** Class name :  gaussian_beam_pattern
  *** Message    :  Definition of common feed attributes
 
 
 
  *** Object name:  dual_feed
  *** Class name :  gaussian_beam_pattern
  *** Message    :  Definition of gaussian feed
 
 
  Taper angle :   17.9809 degrees
 
  Taper compared to on-axis level :  -20.0000 dB
 
  The imaginary displacement along the negative z-axis
    is   7.42280 wavelengths
 
 
  *** Object name:  dual_frequencies
  *** Class name :  frequency
  *** Message    :  Object created
 
 
 
  *** Object name:  dual_frequencies
  *** Class name :  frequency
  *** Message    :  New values in object
 
  Frequency No.    1  :   0.110000E+01 GHz
 
 
  *** Object name:  dual_feed_coor
  *** Class name :  coor_sys
  *** Message    :  Object created
 
 
 
  *** Object name:  dual_feed_coor
  *** Class name :  coor_sys
  *** Message    :  New values in object
 
  Origin :  -0.244996E+02 m     0.000000E+00 m     0.263920E+02 m
  Base name : dual_cut_coor
  X_axis :    -0.370197    0.000000   -0.928953
  Y_axis :     0.000000    1.000000    0.000000
  Z_axis :     0.928953    0.000000   -0.370197
 
 
  *** Object name:  dual_cut
  *** Class name :  spherical_cut
  *** Message    :  Object created
 
 
 
  *** Object name:  dual_cut
  *** Class name :  spherical_cut
  *** Message    :  New values in object
 
  File name : bingo.cut
  Coor_sys : dual_cut_coor
  Theta range : start  -5.00000    end  95.00000    points  3001
  Phi range : start   0.00000    end   0.00000    points     1
 
 
  *** Object name:  dual_cut_coor
  *** Class name :  coor_sys
  *** Message    :  Object created
 
 
 
  *** Object name:  dual_cut_coor
  *** Class name :  coor_sys
  *** Message    :  New values in object
 
  Origin :  -0.226541E+03 m     0.000000E+00 m     0.916447E+02 m
  Base name : dual_global_coor
  Z_axis :     0.000000    0.000000    1.000000
 
 
  *** Object name:  dual_main_po
  *** Class name :  po_single_face_scatterer
  *** Message    :  Object created
 
 
 
  *** Object name:  dual_main_po
  *** Class name :  po_single_face_scatterer
  *** Message    :  New values in object
 
  Frequency : dual_frequencies
  Scatterer : dual_main_reflector
 
 
  *** Object name:  dual_sub_po
  *** Class name :  po_single_face_scatterer
  *** Message    :  Object created
 
 
 
  *** Object name:  dual_sub_po
  *** Class name :  po_single_face_scatterer
  *** Message    :  New values in object
 
  Frequency : dual_frequencies
  Scatterer : dual_sub_reflector
 
 
  *** Object name:  spherical_grid
  *** Class name :  spherical_grid
  *** Message    :  Object created
 
 
 
  *** Object name:  spherical_grid
  *** Class name :  spherical_grid
  *** Message    :  New values in object
 
  File name :
  Coor_sys : dual_cut_coor
  X range : start  -0.20000    end   0.20000    points   151
  Y range : start  -0.20000    end   0.20000    points   151
 
 
  *** Object name:  corneta_coor
  *** Class name :  coor_sys
  *** Message    :  Object created
 
 
 
  *** Object name:  corneta_coor
  *** Class name :  coor_sys
  *** Message    :  New values in object
 
  Origin :   0.000000E+00 cm    0.000000E+00 m     0.000000E+00 m
  Base name : dual_feed_coor
  X_axis :     1.000000    0.000000    0.000000
  Y_axis :     0.000000    1.000000    0.000000
  Z_axis :     0.000000    0.000000    1.000000
 
 
  *** Object name:  dual_sub_coor
  *** Class name :  coor_sys
  *** Message    :  Object created
 
 
 
  *** Object name:  dual_sub_coor
  *** Class name :  coor_sys
  *** Message    :  New values in object
 
  Origin :   0.226551E+03 m     0.000000E+00 m     0.483553E+02 m
  Base name : dual_cut_coor
  X_axis :     0.087156    0.000000   -0.996195
  Y_axis :     0.000000   -1.000000    0.000000
  Z_axis :    -0.996195    0.000000   -0.087156
 Program started at 17:06:50 on 14 November 2022
 
 
 ----- TASK No. 1 -----     Started at 17:06:50 on November 14, 2022
 dual_sub_po get_currents ( source : sequence(ref(dual_feed)))
 
 
  *** Object name:  dual_sub_po
  *** Class name :  po_single_face_scatterer
  *** Message    :  Get_currents message received
 
  Source : dual_feed
 
 
  *** Object name:  dual_sub_po
  *** Class name :  po_single_face_scatterer
  *** Message    :  Initialization
 
 
  Auto-convergence with desired accuracy of -80.00 dB.
 
  Face 1:
  Max. values: po1/po2 = 4410/10600
 
 PO convergence
  Test-grid  Ref-grid    Freq  Beam  Grid       P_max   P_level  Accuracy
    po1/po2   po1/po2                           [dBi]     [dBi]      [dB]
      20/10     10/10       1     1     1      -18.52    -18.52      2.92
      20/10     10/10       1     1     2       41.22     41.22     -0.16
      20/10     10/10       1     1     3       24.66     24.66      2.20
      40/10     20/10       1     1     1      -17.97    -17.97      1.58
      40/10     20/10       1     1     2       36.65     36.65      0.88
      40/10     20/10       1     1     3       22.58     22.58      3.68
      80/10     40/10       1     1     1      -20.02    -20.02      0.61
      80/10     40/10       1     1     2       34.04     34.04      3.63
      80/10     40/10       1     1     3       23.55     23.55      1.58
     160/10     80/10       1     1     1      -27.52    -27.52     -2.42
     160/10     80/10       1     1     2       31.43     31.43     -1.11
     160/10     80/10       1     1     3       12.86     12.86     -0.05
     320/10    160/10       1     1     1      -27.59    -27.59   -234.99  *
     320/10    160/10       1     1     2       27.96     27.96    -67.51
     320/10    160/10       1     1     3        1.74      1.74    -41.28
     640/10    320/10       1     1     2       27.96     27.96   -223.47  *
     640/10    320/10       1     1     3        1.74      1.74   -205.29  *
     240/10    640/10       1     1     2       27.96     27.96   -222.19  *
     240/10    640/10       1     1     3        1.74      1.74   -204.03  *
     200/10    640/10       1     1     2       27.96     27.96   -221.89  *
     200/10    640/10       1     1     3        1.74      1.74   -203.89  *
     180/10    640/10       1     1     2       27.96     27.96   -221.88  *
     180/10    640/10       1     1     3        1.74      1.74   -203.41  *
     170/10    640/10       1     1     2       27.96     27.96   -140.53  *
     170/10    640/10       1     1     3        1.74      1.74   -114.58  *
     165/10    640/10       1     1     2       27.96     27.96   -101.01  *
     165/10    640/10       1     1     3        1.74      1.74    -74.83
 
 PO convergence
  Test-grid  Ref-grid    Freq  Beam  Grid       P_max   P_level  Accuracy
    po1/po2   po1/po2                           [dBi]     [dBi]      [dB]
      10/20     10/10       1     1     1      -18.52    -18.52      2.66
      10/20     10/10       1     1     2       41.22     41.22      3.16
      10/20     10/10       1     1     3       24.66     24.66      1.82
      10/40     10/20       1     1     1      -16.46    -16.46      0.02
      10/40     10/20       1     1     2       39.38     39.38      0.09
      10/40     10/20       1     1     3       24.03     24.03      3.27
      10/80     10/40       1     1     1      -21.86    -21.86     -0.81
      10/80     10/40       1     1     2       36.98     36.98     -0.06
      10/80     10/40       1     1     3       20.16     20.16      3.75
     10/160     10/80       1     1     1      -21.86    -21.86     -0.17
     10/160     10/80       1     1     2       31.88     31.88      0.81
     10/160     10/80       1     1     3       16.87     16.87      1.57
     10/320    10/160       1     1     1      -21.86    -21.86    -10.93
     10/320    10/160       1     1     2       31.59     31.59     -2.60
     10/320    10/160       1     1     3       15.81     15.81     -1.09
     10/640    10/320       1     1     1      -21.86    -21.86    -29.75
     10/640    10/320       1     1     2       24.86     27.96     -4.22
     10/640    10/320       1     1     3       12.27     12.27     -2.35
    10/1280    10/640       1     1     1      -21.86    -21.86   -252.06  *
    10/1280    10/640       1     1     2       23.33     27.96   -251.35  *
    10/1280    10/640       1     1     3        8.46      8.46   -242.58  *
     10/480   10/1280       1     1     1      -21.86    -21.86   -252.82  *
     10/480   10/1280       1     1     2       23.33     27.96    -18.59
     10/480   10/1280       1     1     3        8.46      8.46     -7.87
     10/560   10/1280       1     1     2       23.33     27.96    -94.83  *
     10/560   10/1280       1     1     3        8.46      8.46    -76.21
     10/600   10/1280       1     1     3        8.46      8.46   -231.65  *
     10/580   10/1280       1     1     1      -21.86    -21.86   -250.91  *
     10/580   10/1280       1     1     2       23.33     27.96   -164.22  *
     10/580   10/1280       1     1     3        8.46      8.46   -144.91  *
     10/570   10/1280       1     1     1      -21.86    -21.86   -252.18  *
     10/570   10/1280       1     1     2       23.33     27.96   -128.61  *
     10/570   10/1280       1     1     3        8.46      8.46   -108.92  *
  PO1 =  170  PO2 =  570  Face =    1, Final PO-values from auto-convergence
 
  Edge 1:
  Max. value: ptd = 10600
 
 PO convergence
  Test-grid  Ref-grid    Freq  Beam  Grid       P_max   P_level  Accuracy
        ptd       ptd                           [dBi]     [dBi]      [dB]
         20        10       1     1     1      -74.27    -21.86    -51.88
         20        10       1     1     2      -19.00     27.96    -47.59
         20        10       1     1     3      -17.54      8.46    -26.64
         40        20       1     1     1      -73.66    -21.86    -56.34
         40        20       1     1     2      -20.64     27.96    -52.97
         40        20       1     1     3      -21.15      8.46    -32.01
         80        40       1     1     1      -75.27    -21.86    -55.75
         80        40       1     1     2      -21.13     27.96    -51.79
         80        40       1     1     3      -23.08      8.46    -36.06
        160        80       1     1     1      -75.27    -21.86    -56.42
        160        80       1     1     2      -25.95     27.96    -58.02
        160        80       1     1     3      -30.04      8.46    -38.50
        320       160       1     1     1      -75.27    -21.86    -65.29
        320       160       1     1     2      -29.17     27.96    -59.43
        320       160       1     1     3      -31.54      8.46    -40.07
        640       320       1     1     1      -75.27    -21.86    -65.74
        640       320       1     1     2      -31.84     27.96    -61.69
        640       320       1     1     3      -34.34      8.46    -43.59
       1280       640       1     1     1      -75.27    -21.86   -313.17  *
       1280       640       1     1     2      -36.67     27.96   -160.31  *
       1280       640       1     1     3      -43.01      8.46    -88.87  *
        480      1280       1     1     1      -75.27    -21.86   -311.47  *
        480      1280       1     1     2      -36.67     27.96    -63.75
        480      1280       1     1     3      -43.01      8.46    -44.49
        560      1280       1     1     2      -36.67     27.96   -103.87  *
        560      1280       1     1     3      -43.01      8.46    -84.37  *
        520      1280       1     1     1      -75.27    -21.86   -310.74  *
        520      1280       1     1     2      -36.67     27.96    -68.92
        520      1280       1     1     3      -43.01      8.46    -47.94
        540      1280       1     1     2      -36.67     27.96    -74.23
        540      1280       1     1     3      -43.01      8.46    -57.92
        550      1280       1     1     2      -36.67     27.96    -83.89  *
        550      1280       1     1     3      -43.01      8.46    -66.21
  PTD =  560              Edge =    1, Final PTD-value from auto-convergence.
 
  Relative power hitting scatterer:    0.989933
  Spill-over:     0.0439 dB
 
 ----- TASK No. 2 -----     Started at 17:06:50 on November 14, 2022
 dual_main_po get_currents ( source : sequence(ref(dual_sub_po)))
 
 
  *** Object name:  dual_main_po
  *** Class name :  po_single_face_scatterer
  *** Message    :  Get_currents message received
 
  Source : dual_sub_po
 
 
  *** Object name:  dual_main_po
  *** Class name :  po_single_face_scatterer
  *** Message    :  Initialization
 
 
  Auto-convergence with desired accuracy of -80.00 dB.
 
  Face 1:
  Max. values: po1/po2 = 4890/11740
 
  Name of currents file: tmp_0000
 
  Control values found in the file:
    No. of frequencies: 1
    No. of beams      : 1
    No. of faces      : 1
    No. of edges      : 1
    No. of gaps       : 0
 
  Frequency number  1 :   1.100 GHz
 
    Face No.      PO1       PO2     Partitions
          1       170       570         7
 
    Edge No.     PTD1
          1       560
 
 
 PO convergence
  Test-grid  Ref-grid    Freq  Beam  Grid       P_max   P_level  Accuracy
    po1/po2   po1/po2                           [dBi]     [dBi]      [dB]
      20/10     10/10       1     1     1      -17.48    -17.48      2.76
      20/10     10/10       1     1     2       42.95     42.95      2.66
      20/10     10/10       1     1     3       51.68     51.68     -7.49
      40/10     20/10       1     1     1      -20.49    -20.49      2.76
      40/10     20/10       1     1     2       37.75     37.75      4.09
      40/10     20/10       1     1     3       51.64     51.64    -11.10
      80/10     40/10       1     1     1      -21.44    -21.44      1.51
      80/10     40/10       1     1     2       39.52     39.52     -1.06
      80/10     40/10       1     1     3       51.63     51.63    -54.04
     160/10     80/10       1     1     1      -24.19    -24.19      1.43
     160/10     80/10       1     1     2       35.80     35.80      1.65
     160/10     80/10       1     1     3       51.64     51.64    -65.06
     320/10    160/10       1     1     1      -27.68    -27.68     -1.99
     320/10    160/10       1     1     2       35.81     35.81     -5.28
     320/10    160/10       1     1     3       51.64     51.64   -219.34  *
     640/10    320/10       1     1     1      -31.54    -31.54   -167.71  *
     640/10    320/10       1     1     2       35.81     35.81   -229.30  *
     240/10    640/10       1     1     1      -31.54    -31.54    -14.42
     240/10    640/10       1     1     2       35.81     35.81    -54.19
     280/10    640/10       1     1     1      -31.54    -31.54    -47.07
     280/10    640/10       1     1     2       35.81     35.81    -89.62  *
     300/10    640/10       1     1     1      -31.54    -31.54    -73.34
     310/10    640/10       1     1     1      -31.54    -31.54   -110.47  *
     305/10    640/10       1     1     1      -31.54    -31.54    -88.92  *
     305/10    640/10       1     1     2       35.81     35.81   -228.95  *
 
 PO convergence
  Test-grid  Ref-grid    Freq  Beam  Grid       P_max   P_level  Accuracy
    po1/po2   po1/po2                           [dBi]     [dBi]      [dB]
      10/20     10/10       1     1     1      -17.48    -17.48      4.06
      10/20     10/10       1     1     2       42.95     42.95      1.02
      10/20     10/10       1     1     3       51.68     51.68     -8.94
      10/40     10/20       1     1     1      -15.01    -15.01      0.20
      10/40     10/20       1     1     2       41.72     41.72      1.73
      10/40     10/20       1     1     3       51.65     51.65    -13.18
      10/80     10/40       1     1     1      -18.93    -18.93     -0.94
      10/80     10/40       1     1     2       39.15     39.15      1.45
      10/80     10/40       1     1     3       51.66     51.66    -13.22
     10/160     10/80       1     1     1      -23.80    -23.80      2.32
     10/160     10/80       1     1     2       34.33     35.81     -0.24
     10/160     10/80       1     1     3       51.66     51.66    -25.58
     10/320    10/160       1     1     1      -24.60    -24.60      0.94
     10/320    10/160       1     1     2       32.28     35.81     -4.13
     10/320    10/160       1     1     3       51.66     51.66    -84.22  *
     10/640    10/320       1     1     1      -29.34    -29.34      0.85
     10/640    10/320       1     1     2       30.05     35.81     -7.74
    10/1280    10/640       1     1     1      -34.21    -31.54     -7.81
    10/1280    10/640       1     1     2       30.05     35.81    -18.42
    10/2560   10/1280       1     1     1      -36.20    -31.54   -253.16  *
    10/2560   10/1280       1     1     2       30.05     35.81   -258.44  *
     10/960   10/2560       1     1     1      -36.20    -31.54   -148.51  *
     10/960   10/2560       1     1     2       30.05     35.81   -259.30  *
     10/800   10/2560       1     1     1      -36.20    -31.54    -15.65
     10/800   10/2560       1     1     2       30.05     35.81    -35.24
     10/880   10/2560       1     1     1      -36.20    -31.54    -26.78
     10/880   10/2560       1     1     2       30.05     35.81    -76.40
     10/920   10/2560       1     1     1      -36.20    -31.54    -52.79
     10/920   10/2560       1     1     2       30.05     35.81   -183.79  *
     10/940   10/2560       1     1     1      -36.20    -31.54    -92.65  *
  PO1 =  305  PO2 =  940  Face =    1, Final PO-values from auto-convergence
 
  Edge 1:
  Max. value: ptd = 11740
 
 PO convergence
  Test-grid  Ref-grid    Freq  Beam  Grid       P_max   P_level  Accuracy
        ptd       ptd                           [dBi]     [dBi]      [dB]
         20        10       1     1     1      -79.37    -31.54    -50.83
         20        10       1     1     2      -21.09     35.81    -58.70
         20        10       1     1     3      -21.75     51.66    -77.75
         40        20       1     1     1      -80.75    -31.54    -51.50
         40        20       1     1     2      -23.70     35.81    -59.40
         40        20       1     1     3      -24.55     51.66    -77.52
         80        40       1     1     1      -84.42    -31.54    -56.91
         80        40       1     1     2      -26.25     35.81    -65.18
         80        40       1     1     3      -27.32     51.66    -79.11
        160        80       1     1     1      -87.08    -31.54    -56.55
        160        80       1     1     2      -26.50     35.81    -63.92
        160        80       1     1     3      -28.83     51.66    -82.44  *
        320       160       1     1     1      -90.88    -31.54    -60.33
        320       160       1     1     2      -28.39     35.81    -70.18
        320       160       1     1     3      -36.50     51.66   -114.57  *
        640       320       1     1     1      -92.80    -31.54    -66.88
        640       320       1     1     2      -28.39     35.81    -74.33
       1280       640       1     1     1      -92.38    -31.54    -61.39
       1280       640       1     1     2      -28.39     35.81    -79.36
       2560      1280       1     1     1     -102.41    -31.54   -289.75  *
       2560      1280       1     1     2      -28.39     35.81   -302.59  *
        960      2560       1     1     1     -102.41    -31.54   -121.36  *
        960      2560       1     1     2      -28.39     35.81   -140.79  *
        800      2560       1     1     1     -102.41    -31.54    -64.21
        800      2560       1     1     2      -28.39     35.81    -74.58
        880      2560       1     1     1     -102.41    -31.54    -70.60
        880      2560       1     1     2      -28.39     35.81    -97.66  *
        920      2560       1     1     1     -102.41    -31.54    -79.20
        940      2560       1     1     1     -102.41    -31.54   -111.36  *
  PTD =  940              Edge =    1, Final PTD-value from auto-convergence.
 
  Relative power hitting scatterer:    0.988317
  Spill-over:     0.0510 dB
 
 ----- TASK No. 3 -----     Started at 17:13:46 on November 14, 2022
 dual_cut get_field ( source : sequence(ref(dual_main_po)))
 
 
  *** Object name:  dual_cut
  *** Class name :  spherical_cut
  *** Message    :  Get_field message received
 
  Source : dual_main_po
 
  Name of currents file: tmp_0001
 
  Control values found in the file:
    No. of frequencies: 1
    No. of beams      : 1
    No. of faces      : 1
    No. of edges      : 1
    No. of gaps       : 0
 
  Frequency number  1 :   1.100 GHz
 
    Face No.      PO1       PO2     Partitions
          1       305       940        19
 
    Edge No.     PTD1
          1       940
 
 
 
  *** Object name:  dual_cut
  *** Class name :  spherical_cut
  *** Message    :  Field calculated
 
  Frequency No. :     1
  Beam No. :     1
 
 ----- TASK No. 4 -----     Started at 17:13:51 on November 14, 2022
 dual_cut add_field ( source : sequence(ref(dual_sub_po), ref(dual_feed)))
 
 
  *** Object name:  dual_cut
  *** Class name :  spherical_cut
  *** Message    :  Add_field message received
 
  Source : dual_sub_po
  Source : dual_feed
 
  Name of currents file: tmp_0000
 
  Control values found in the file:
    No. of frequencies: 1
    No. of beams      : 1
    No. of faces      : 1
    No. of edges      : 1
    No. of gaps       : 0
 
  Frequency number  1 :   1.100 GHz
 
    Face No.      PO1       PO2     Partitions
          1       170       570         7
 
    Edge No.     PTD1
          1       560
 
 
 
  *** Object name:  dual_cut
  *** Class name :  spherical_cut
  *** Message    :  Field calculated
 
  Frequency No. :     1
  Beam No. :     1
 
 
  *** Object name:  dual_cut
  *** Class name :  spherical_cut
  *** Message    :  Field calculated
 
  Frequency No. :     1
  Beam No. :     1
 
 ----- END OF TASKS -----     Completed at 17:13:53 on November 14, 2022
 Total time was 7:02 min
 Program stopped at 17:13:53 on 14 November 2022
 
