 
 
                                    G R A S P 9 - S E
                                    =================
 
  Student edition of General multi-reflector analysis program
 
 GRASP-SE version 10.3.0 (Linux amd64/em64t 64-bit)
 
 
 GRASP-SE found  20 CPU cores
 (Student edition limited to 1 CPU core)
 
  Reading tor-file: bingo.tor
 
 
  *** Object name:  dual_main_reflector
  *** Class name :  reflector
  *** Message    :  Object created
 
 
 
  *** Object name:  dual_main_reflector
  *** Class name :  reflector
  *** Message    :  New values in object
 
  Coordinate system: dual_global_coor
  Surface: dual_main_surface
  Rim: dual_main_rim
 
 
  *** Object name:  dual_global_coor
  *** Class name :  coor_sys
  *** Message    :  Object created
 
 
 
  *** Object name:  dual_global_coor
  *** Class name :  coor_sys
  *** Message    :  New values in object
 
  Z_axis :     0.000000    0.000000    1.000000
 
 
  *** Object name:  dual_main_surface
  *** Class name :  paraboloid
  *** Message    :  Object created
 
 
 
  *** Object name:  dual_main_surface
  *** Class name :  paraboloid
  *** Message    :  New values in object
 
 
  Focal length     :    140.000 m
   and in SI units :    140.000 meter
 
 
  *** Object name:  dual_main_rim
  *** Class name :  elliptical_rim
  *** Message    :  Object created
 
 
 
  *** Object name:  dual_main_rim
  *** Class name :  elliptical_rim
  *** Message    :  Definition of elliptical_rim
 
  The rim centre is placed at
    x :   -226.541 m
    y :    0.00000 m
  and in SI units
    x :   -226.541     meter
    y :    0.00000     meter
 
  The half axes of the ellipse are defined by
    in x-direction :    20.0000 m
    in y-direction :    20.0000 m
  and in SI units
    in x-direction :    20.0000     meter
    in y-direction :    20.0000     meter
 
  The rim limits in radii are
    minimum :    20.0000     meter
    maximum :    20.0000     meter
 
  The rim limits in x direction are
    minimum :   -246.541     meter
    maximum :   -206.541     meter
 
  The rim limits in y direction are
    minimum :   -20.0000     meter
    maximum :    20.0000     meter
 
 
  *** Object name:  dual_sub_reflector
  *** Class name :  reflector
  *** Message    :  Object created
 
 
 
  *** Object name:  dual_sub_reflector
  *** Class name :  reflector
  *** Message    :  New values in object
 
  Coordinate system: dual_sub_coor
  Surface: dual_sub_surface
  Rim: dual_sub_rim
 
 
  *** Object name:  dual_sub_surface
  *** Class name :  hyperboloid
  *** Message    :  Object created
 
 
 
  *** Object name:  dual_sub_surface
  *** Class name :  hyperboloid
  *** Message    :  New values in object
 
 
  Distance between the vertices, 2a :   -148.235 m
   and in SI units                  :   -148.235 meter
 
  Distance between the foci, 2c     :    252.000 m
   and in SI units                  :    252.000 meter
 
    giving the eccentricity         :   -1.70000
 
 
  *** Object name:  dual_sub_rim
  *** Class name :  elliptical_rim
  *** Message    :  Object created
 
 
 
  *** Object name:  dual_sub_rim
  *** Class name :  elliptical_rim
  *** Message    :  Definition of elliptical_rim
 
  The rim centre is placed at
    x :    26.2883 m
    y :    0.00000 m
  and in SI units
    x :    26.2883     meter
    y :    0.00000     meter
 
  The half axes of the ellipse are defined by
    in x-direction :    18.3404 m
    in y-direction :    17.7753 m
  and in SI units
    in x-direction :    18.3404     meter
    in y-direction :    17.7753     meter
 
  The rim limits in radii are
    minimum :    17.7753     meter
    maximum :    18.3404     meter
 
  The rim limits in x direction are
    minimum :    7.94790     meter
    maximum :    44.6287     meter
 
  The rim limits in y direction are
    minimum :   -17.7753     meter
    maximum :    17.7753     meter
 
 
  *** Object name:  dual_feed
  *** Class name :  gaussian_beam_pattern
  *** Message    :  Object created
 
 
 
  *** Object name:  dual_feed
  *** Class name :  gaussian_beam_pattern
  *** Message    :  Object created
 
 
 
  *** Object name:  dual_feed
  *** Class name :  gaussian_beam_pattern
  *** Message    :  New values in object
 
  Frequency : dual_frequencies
  Coor_sys : corneta_coor
 
 
  *** Object name:  dual_feed
  *** Class name :  gaussian_beam_pattern
  *** Message    :  Definition of common feed attributes
 
 
 
  *** Object name:  dual_feed
  *** Class name :  gaussian_beam_pattern
  *** Message    :  Definition of gaussian feed
 
 
  Taper angle :   17.9809 degrees
 
  Taper compared to on-axis level :  -20.0000 dB
 
  The imaginary displacement along the negative z-axis
    is   7.42280 wavelengths
 
 
  *** Object name:  dual_frequencies
  *** Class name :  frequency
  *** Message    :  Object created
 
 
 
  *** Object name:  dual_frequencies
  *** Class name :  frequency
  *** Message    :  New values in object
 
  Frequency No.    1  :   0.110000E+01 GHz
 
 
  *** Object name:  dual_feed_coor
  *** Class name :  coor_sys
  *** Message    :  Object created
 
 
 
  *** Object name:  dual_feed_coor
  *** Class name :  coor_sys
  *** Message    :  New values in object
 
  Origin :  -0.244996E+02 m     0.000000E+00 m     0.263920E+02 m
  Base name : dual_cut_coor
  X_axis :    -0.370197    0.000000   -0.928953
  Y_axis :     0.000000    1.000000    0.000000
  Z_axis :     0.928953    0.000000   -0.370197
 
 
  *** Object name:  dual_cut
  *** Class name :  spherical_cut
  *** Message    :  Object created
 
 
 
  *** Object name:  dual_cut
  *** Class name :  spherical_cut
  *** Message    :  New values in object
 
  File name : bingo.cut
  Coor_sys : dual_cut_coor
  Theta range : start  -5.00000    end  95.00000    points  3001
  Phi range : start   0.00000    end   0.00000    points     1
 
 
  *** Object name:  dual_cut_coor
  *** Class name :  coor_sys
  *** Message    :  Object created
 
 
 
  *** Object name:  dual_cut_coor
  *** Class name :  coor_sys
  *** Message    :  New values in object
 
  Origin :  -0.226541E+03 m     0.000000E+00 m     0.916447E+02 m
  Base name : dual_global_coor
  Z_axis :     0.000000    0.000000    1.000000
 
 
  *** Object name:  dual_main_po
  *** Class name :  po_single_face_scatterer
  *** Message    :  Object created
 
 
 
  *** Object name:  dual_main_po
  *** Class name :  po_single_face_scatterer
  *** Message    :  New values in object
 
  Frequency : dual_frequencies
  Scatterer : dual_main_reflector
 
 
  *** Object name:  dual_sub_po
  *** Class name :  po_single_face_scatterer
  *** Message    :  Object created
 
 
 
  *** Object name:  dual_sub_po
  *** Class name :  po_single_face_scatterer
  *** Message    :  New values in object
 
  Frequency : dual_frequencies
  Scatterer : dual_sub_reflector
 
 
  *** Object name:  spherical_grid
  *** Class name :  spherical_grid
  *** Message    :  Object created
 
 
 
  *** Object name:  spherical_grid
  *** Class name :  spherical_grid
  *** Message    :  New values in object
 
  File name :
  Coor_sys : dual_cut_coor
  X range : start  -0.20000    end   0.20000    points   151
  Y range : start  -0.20000    end   0.20000    points   151
 
 
  *** Object name:  corneta_coor
  *** Class name :  coor_sys
  *** Message    :  Object created
 
 
 
  *** Object name:  corneta_coor
  *** Class name :  coor_sys
  *** Message    :  New values in object
 
  Origin :   0.000000E+00 cm    0.000000E+00 m     0.000000E+00 m
  Base name : dual_feed_coor
  X_axis :     1.000000    0.000000    0.000000
  Y_axis :     0.000000    1.000000    0.000000
  Z_axis :     0.000000    0.000000    1.000000
 
 
  *** Object name:  dual_sub_coor
  *** Class name :  coor_sys
  *** Message    :  Object created
 
 
 
  *** Object name:  dual_sub_coor
  *** Class name :  coor_sys
  *** Message    :  New values in object
 
  Origin :   0.226548E+03 m     0.000000E+00 m     0.483553E+02 m
  Base name : dual_cut_coor
  X_axis :     0.087156    0.000000   -0.996195
  Y_axis :     0.000000   -1.000000    0.000000
  Z_axis :    -0.996195    0.000000   -0.087156
 Program started at 17:06:50 on 14 November 2022
 
 
 ----- TASK No. 1 -----     Started at 17:06:50 on November 14, 2022
 dual_sub_po get_currents ( source : sequence(ref(dual_feed)))
 
 
  *** Object name:  dual_sub_po
  *** Class name :  po_single_face_scatterer
  *** Message    :  Get_currents message received
 
  Source : dual_feed
 
 
  *** Object name:  dual_sub_po
  *** Class name :  po_single_face_scatterer
  *** Message    :  Initialization
 
 
  Auto-convergence with desired accuracy of -80.00 dB.
 
  Face 1:
  Max. values: po1/po2 = 4410/10600
 
 PO convergence
  Test-grid  Ref-grid    Freq  Beam  Grid       P_max   P_level  Accuracy
    po1/po2   po1/po2                           [dBi]     [dBi]      [dB]
      20/10     10/10       1     1     1      -18.55    -18.55      2.96
      20/10     10/10       1     1     2       41.20     41.20     -0.12
      20/10     10/10       1     1     3       24.65     24.65      2.19
      40/10     20/10       1     1     1      -17.99    -17.99      1.61
      40/10     20/10       1     1     2       36.65     36.65      0.90
      40/10     20/10       1     1     3       22.58     22.58      3.69
      80/10     40/10       1     1     1      -20.03    -20.03      0.62
      80/10     40/10       1     1     2       34.06     34.06      3.60
      80/10     40/10       1     1     3       23.57     23.57      1.58
     160/10     80/10       1     1     1      -27.52    -27.52     -2.41
     160/10     80/10       1     1     2       31.43     31.43     -1.10
     160/10     80/10       1     1     3       12.87     12.87     -0.05
     320/10    160/10       1     1     1      -27.59    -27.59   -235.28  *
     320/10    160/10       1     1     2       27.96     27.96    -67.50
     320/10    160/10       1     1     3        1.74      1.74    -41.27
     640/10    320/10       1     1     2       27.96     27.96   -223.54  *
     640/10    320/10       1     1     3        1.74      1.74   -205.58  *
     240/10    640/10       1     1     2       27.96     27.96   -222.24  *
     240/10    640/10       1     1     3        1.74      1.74   -204.02  *
     200/10    640/10       1     1     2       27.96     27.96   -221.93  *
     200/10    640/10       1     1     3        1.74      1.74   -203.88  *
     180/10    640/10       1     1     2       27.96     27.96   -221.80  *
     180/10    640/10       1     1     3        1.74      1.74   -203.50  *
     170/10    640/10       1     1     2       27.96     27.96   -140.51  *
     170/10    640/10       1     1     3        1.74      1.74   -114.56  *
     165/10    640/10       1     1     2       27.96     27.96   -100.99  *
     165/10    640/10       1     1     3        1.74      1.74    -74.81
 
 PO convergence
  Test-grid  Ref-grid    Freq  Beam  Grid       P_max   P_level  Accuracy
    po1/po2   po1/po2                           [dBi]     [dBi]      [dB]
      10/20     10/10       1     1     1      -18.55    -18.55      2.71
      10/20     10/10       1     1     2       41.20     41.20      3.17
      10/20     10/10       1     1     3       24.65     24.65      1.82
      10/40     10/20       1     1     1      -16.49    -16.49      0.04
      10/40     10/20       1     1     2       39.39     39.39      0.08
      10/40     10/20       1     1     3       24.03     24.03      3.25
      10/80     10/40       1     1     1      -21.86    -21.86     -0.81
      10/80     10/40       1     1     2       36.97     36.97     -0.04
      10/80     10/40       1     1     3       20.16     20.16      3.75
     10/160     10/80       1     1     1      -21.86    -21.86     -0.17
     10/160     10/80       1     1     2       31.90     31.90      0.80
     10/160     10/80       1     1     3       16.89     16.89      1.51
     10/320    10/160       1     1     1      -21.86    -21.86    -10.93
     10/320    10/160       1     1     2       31.57     31.57     -2.57
     10/320    10/160       1     1     3       15.79     15.79     -1.08
     10/640    10/320       1     1     1      -21.86    -21.86    -29.77
     10/640    10/320       1     1     2       24.87     27.96     -4.21
     10/640    10/320       1     1     3       12.25     12.25     -2.35
    10/1280    10/640       1     1     1      -21.86    -21.86   -251.81  *
    10/1280    10/640       1     1     2       23.32     27.96   -249.87  *
    10/1280    10/640       1     1     3        8.46      8.46   -240.83  *
     10/480   10/1280       1     1     1      -21.86    -21.86   -253.39  *
     10/480   10/1280       1     1     2       23.32     27.96    -18.59
     10/480   10/1280       1     1     3        8.46      8.46     -7.87
     10/560   10/1280       1     1     2       23.32     27.96    -94.82  *
     10/560   10/1280       1     1     3        8.46      8.46    -76.18
     10/600   10/1280       1     1     3        8.46      8.46   -231.70  *
     10/580   10/1280       1     1     1      -21.86    -21.86   -249.70  *
     10/580   10/1280       1     1     2       23.32     27.96   -164.20  *
     10/580   10/1280       1     1     3        8.46      8.46   -144.88  *
     10/570   10/1280       1     1     1      -21.86    -21.86   -253.09  *
     10/570   10/1280       1     1     2       23.32     27.96   -128.59  *
     10/570   10/1280       1     1     3        8.46      8.46   -108.90  *
  PO1 =  170  PO2 =  570  Face =    1, Final PO-values from auto-convergence
 
  Edge 1:
  Max. value: ptd = 10600
 
 PO convergence
  Test-grid  Ref-grid    Freq  Beam  Grid       P_max   P_level  Accuracy
        ptd       ptd                           [dBi]     [dBi]      [dB]
         20        10       1     1     1      -74.32    -21.86    -51.90
         20        10       1     1     2      -19.00     27.96    -47.59
         20        10       1     1     3      -17.53      8.46    -26.64
         40        20       1     1     1      -73.70    -21.86    -56.33
         40        20       1     1     2      -20.61     27.96    -53.00
         40        20       1     1     3      -21.14      8.46    -32.00
         80        40       1     1     1      -75.28    -21.86    -55.77
         80        40       1     1     2      -21.14     27.96    -51.80
         80        40       1     1     3      -23.09      8.46    -36.05
        160        80       1     1     1      -75.28    -21.86    -56.43
        160        80       1     1     2      -25.95     27.96    -58.04
        160        80       1     1     3      -30.03      8.46    -38.49
        320       160       1     1     1      -75.28    -21.86    -65.29
        320       160       1     1     2      -29.15     27.96    -59.45
        320       160       1     1     3      -31.50      8.46    -40.05
        640       320       1     1     1      -75.28    -21.86    -65.69
        640       320       1     1     2      -31.81     27.96    -61.69
        640       320       1     1     3      -34.34      8.46    -43.58
       1280       640       1     1     1      -75.28    -21.86   -314.72  *
       1280       640       1     1     2      -36.70     27.96   -160.32  *
       1280       640       1     1     3      -43.01      8.46    -88.87  *
        480      1280       1     1     1      -75.28    -21.86   -309.60  *
        480      1280       1     1     2      -36.70     27.96    -63.75
        480      1280       1     1     3      -43.01      8.46    -44.48
        560      1280       1     1     2      -36.70     27.96   -103.86  *
        560      1280       1     1     3      -43.01      8.46    -84.36  *
        520      1280       1     1     1      -75.28    -21.86   -311.15  *
        520      1280       1     1     2      -36.70     27.96    -68.93
        520      1280       1     1     3      -43.01      8.46    -47.92
        540      1280       1     1     2      -36.70     27.96    -74.23
        540      1280       1     1     3      -43.01      8.46    -57.92
        550      1280       1     1     2      -36.70     27.96    -83.88  *
        550      1280       1     1     3      -43.01      8.46    -66.20
  PTD =  560              Edge =    1, Final PTD-value from auto-convergence.
 
  Relative power hitting scatterer:    0.989937
  Spill-over:     0.0439 dB
 
 ----- TASK No. 2 -----     Started at 17:06:50 on November 14, 2022
 dual_main_po get_currents ( source : sequence(ref(dual_sub_po)))
 
 
  *** Object name:  dual_main_po
  *** Class name :  po_single_face_scatterer
  *** Message    :  Get_currents message received
 
  Source : dual_sub_po
 
 
  *** Object name:  dual_main_po
  *** Class name :  po_single_face_scatterer
  *** Message    :  Initialization
 
 
  Auto-convergence with desired accuracy of -80.00 dB.
 
  Face 1:
  Max. values: po1/po2 = 4890/11740
 
  Name of currents file: tmp_0000
 
  Control values found in the file:
    No. of frequencies: 1
    No. of beams      : 1
    No. of faces      : 1
    No. of edges      : 1
    No. of gaps       : 0
 
  Frequency number  1 :   1.100 GHz
 
    Face No.      PO1       PO2     Partitions
          1       170       570         7
 
    Edge No.     PTD1
          1       560
 
 
 PO convergence
  Test-grid  Ref-grid    Freq  Beam  Grid       P_max   P_level  Accuracy
    po1/po2   po1/po2                           [dBi]     [dBi]      [dB]
      20/10     10/10       1     1     1      -17.46    -17.46      2.76
      20/10     10/10       1     1     2       42.96     42.96      2.66
      20/10     10/10       1     1     3       51.68     51.68     -7.51
      40/10     20/10       1     1     1      -20.49    -20.49      2.72
      40/10     20/10       1     1     2       37.76     37.76      4.09
      40/10     20/10       1     1     3       51.64     51.64    -11.12
      80/10     40/10       1     1     1      -21.47    -21.47      1.54
      80/10     40/10       1     1     2       39.51     39.51     -1.06
      80/10     40/10       1     1     3       51.63     51.63    -54.08
     160/10     80/10       1     1     1      -24.25    -24.25      1.47
     160/10     80/10       1     1     2       35.78     35.78      1.66
     160/10     80/10       1     1     3       51.64     51.64    -65.02
     320/10    160/10       1     1     1      -27.66    -27.66     -2.00
     320/10    160/10       1     1     2       35.80     35.80     -5.28
     320/10    160/10       1     1     3       51.64     51.64   -219.24  *
     640/10    320/10       1     1     1      -31.53    -31.53   -167.71  *
     640/10    320/10       1     1     2       35.80     35.80   -229.33  *
     240/10    640/10       1     1     1      -31.53    -31.53    -14.42
     240/10    640/10       1     1     2       35.80     35.80    -54.20
     280/10    640/10       1     1     1      -31.53    -31.53    -47.07
     280/10    640/10       1     1     2       35.80     35.80    -89.61  *
     300/10    640/10       1     1     1      -31.53    -31.53    -73.35
     310/10    640/10       1     1     1      -31.53    -31.53   -110.47  *
     305/10    640/10       1     1     1      -31.53    -31.53    -88.93  *
     305/10    640/10       1     1     2       35.80     35.80   -228.95  *
 
 PO convergence
  Test-grid  Ref-grid    Freq  Beam  Grid       P_max   P_level  Accuracy
    po1/po2   po1/po2                           [dBi]     [dBi]      [dB]
      10/20     10/10       1     1     1      -17.46    -17.46      4.03
      10/20     10/10       1     1     2       42.96     42.96      1.02
      10/20     10/10       1     1     3       51.68     51.68     -8.92
      10/40     10/20       1     1     1      -15.03    -15.03      0.16
      10/40     10/20       1     1     2       41.71     41.71      1.73
      10/40     10/20       1     1     3       51.65     51.65    -13.21
      10/80     10/40       1     1     1      -18.96    -18.96     -0.91
      10/80     10/40       1     1     2       39.14     39.14      1.46
      10/80     10/40       1     1     3       51.66     51.66    -13.23
     10/160     10/80       1     1     1      -23.83    -23.83      2.36
     10/160     10/80       1     1     2       34.33     35.80     -0.22
     10/160     10/80       1     1     3       51.66     51.66    -25.58
     10/320    10/160       1     1     1      -24.54    -24.54      0.85
     10/320    10/160       1     1     2       32.28     35.80     -4.11
     10/320    10/160       1     1     3       51.66     51.66    -84.24  *
     10/640    10/320       1     1     1      -29.37    -29.37      0.83
     10/640    10/320       1     1     2       30.04     35.80     -7.73
    10/1280    10/640       1     1     1      -34.22    -31.53     -7.85
    10/1280    10/640       1     1     2       30.04     35.80    -18.43
    10/2560   10/1280       1     1     1      -36.19    -31.53   -252.67  *
    10/2560   10/1280       1     1     2       30.04     35.80   -258.22  *
     10/960   10/2560       1     1     1      -36.19    -31.53   -148.54  *
     10/960   10/2560       1     1     2       30.04     35.80   -259.80  *
     10/800   10/2560       1     1     1      -36.19    -31.53    -15.66
     10/800   10/2560       1     1     2       30.04     35.80    -35.24
     10/880   10/2560       1     1     1      -36.19    -31.53    -26.78
     10/880   10/2560       1     1     2       30.04     35.80    -76.40
     10/920   10/2560       1     1     1      -36.19    -31.53    -52.81
     10/920   10/2560       1     1     2       30.04     35.80   -183.81  *
     10/940   10/2560       1     1     1      -36.19    -31.53    -92.67  *
  PO1 =  305  PO2 =  940  Face =    1, Final PO-values from auto-convergence
 
  Edge 1:
  Max. value: ptd = 11740
 
 PO convergence
  Test-grid  Ref-grid    Freq  Beam  Grid       P_max   P_level  Accuracy
        ptd       ptd                           [dBi]     [dBi]      [dB]
         20        10       1     1     1      -79.30    -31.53    -50.84
         20        10       1     1     2      -21.09     35.80    -58.67
         20        10       1     1     3      -21.76     51.66    -77.78
         40        20       1     1     1      -80.71    -31.53    -51.48
         40        20       1     1     2      -23.70     35.80    -59.39
         40        20       1     1     3      -24.55     51.66    -77.54
         80        40       1     1     1      -84.49    -31.53    -56.92
         80        40       1     1     2      -26.24     35.80    -65.16
         80        40       1     1     3      -27.32     51.66    -79.11
        160        80       1     1     1      -87.02    -31.53    -56.58
        160        80       1     1     2      -26.50     35.80    -63.90
        160        80       1     1     3      -28.83     51.66    -82.45  *
        320       160       1     1     1      -90.91    -31.53    -60.34
        320       160       1     1     2      -28.39     35.80    -70.18
        320       160       1     1     3      -36.48     51.66   -114.59  *
        640       320       1     1     1      -92.79    -31.53    -66.87
        640       320       1     1     2      -28.39     35.80    -74.32
       1280       640       1     1     1      -92.35    -31.53    -61.41
       1280       640       1     1     2      -28.39     35.80    -79.36
       2560      1280       1     1     1     -102.41    -31.53   -289.73  *
       2560      1280       1     1     2      -28.39     35.80   -304.56  *
        960      2560       1     1     1     -102.41    -31.53   -121.36  *
        960      2560       1     1     2      -28.39     35.80   -140.79  *
        800      2560       1     1     1     -102.41    -31.53    -64.20
        800      2560       1     1     2      -28.39     35.80    -74.56
        880      2560       1     1     1     -102.41    -31.53    -70.60
        880      2560       1     1     2      -28.39     35.80    -97.65  *
        920      2560       1     1     1     -102.41    -31.53    -79.21
        940      2560       1     1     1     -102.41    -31.53   -111.38  *
  PTD =  940              Edge =    1, Final PTD-value from auto-convergence.
 
  Relative power hitting scatterer:    0.988321
  Spill-over:     0.0510 dB
 
 ----- TASK No. 3 -----     Started at 17:13:45 on November 14, 2022
 dual_cut get_field ( source : sequence(ref(dual_main_po)))
 
 
  *** Object name:  dual_cut
  *** Class name :  spherical_cut
  *** Message    :  Get_field message received
 
  Source : dual_main_po
 
  Name of currents file: tmp_0001
 
  Control values found in the file:
    No. of frequencies: 1
    No. of beams      : 1
    No. of faces      : 1
    No. of edges      : 1
    No. of gaps       : 0
 
  Frequency number  1 :   1.100 GHz
 
    Face No.      PO1       PO2     Partitions
          1       305       940        19
 
    Edge No.     PTD1
          1       940
 
 
 
  *** Object name:  dual_cut
  *** Class name :  spherical_cut
  *** Message    :  Field calculated
 
  Frequency No. :     1
  Beam No. :     1
 
 ----- TASK No. 4 -----     Started at 17:13:50 on November 14, 2022
 dual_cut add_field ( source : sequence(ref(dual_sub_po), ref(dual_feed)))
 
 
  *** Object name:  dual_cut
  *** Class name :  spherical_cut
  *** Message    :  Add_field message received
 
  Source : dual_sub_po
  Source : dual_feed
 
  Name of currents file: tmp_0000
 
  Control values found in the file:
    No. of frequencies: 1
    No. of beams      : 1
    No. of faces      : 1
    No. of edges      : 1
    No. of gaps       : 0
 
  Frequency number  1 :   1.100 GHz
 
    Face No.      PO1       PO2     Partitions
          1       170       570         7
 
    Edge No.     PTD1
          1       560
 
 
 
  *** Object name:  dual_cut
  *** Class name :  spherical_cut
  *** Message    :  Field calculated
 
  Frequency No. :     1
  Beam No. :     1
 
 
  *** Object name:  dual_cut
  *** Class name :  spherical_cut
  *** Message    :  Field calculated
 
  Frequency No. :     1
  Beam No. :     1
 
 ----- END OF TASKS -----     Completed at 17:13:52 on November 14, 2022
 Total time was 7:01 min
 Program stopped at 17:13:52 on 14 November 2022
 
