1668009209.029853 2022-11-09 12:53:29 MainProcess-64701 MainThread-140604184217408 parsl.dataflow.dflow:87 __init__ INFO: Starting DataFlowKernel with config
Config(
    app_cache=True, 
    checkpoint_files=None, 
    checkpoint_mode=None, 
    checkpoint_period=None, 
    executors=[ThreadPoolExecutor(
        label='threads', 
        managed=True, 
        max_threads=2, 
        storage_access=None, 
        thread_name_prefix='', 
        working_dir=None
    )], 
    garbage_collect=True, 
    initialize_logging=True, 
    internal_tasks_max_threads=10, 
    max_idletime=120.0, 
    monitoring=None, 
    retries=0, 
    retry_handler=None, 
    run_dir='runinfo', 
    strategy='simple', 
    usage_tracking=False
)
1668009209.030047 2022-11-09 12:53:29 MainProcess-64701 MainThread-140604184217408 parsl.dataflow.dflow:89 __init__ INFO: Parsl version: 2022.11.07
1668009209.030166 2022-11-09 12:53:29 MainProcess-64701 MainThread-140604184217408 parsl.dataflow.usage_tracking.usage:129 __init__ DEBUG: Tracking status: False
1668009209.030324 2022-11-09 12:53:29 MainProcess-64701 MainThread-140604184217408 parsl.dataflow.dflow:115 __init__ INFO: Run id is: 6a42364a-0a04-4022-a907-2cd3cb153b26
1668009209.150850 2022-11-09 12:53:29 MainProcess-64701 MainThread-140604184217408 parsl.dataflow.dflow:122 __init__ DEBUG: Considering candidate for workflow name: /opt/miniconda3/envs/uirapuru/lib/python3.8/site-packages/parsl/dataflow/dflow.py
1668009209.150962 2022-11-09 12:53:29 MainProcess-64701 MainThread-140604184217408 parsl.dataflow.dflow:122 __init__ DEBUG: Considering candidate for workflow name: /opt/miniconda3/envs/uirapuru/lib/python3.8/site-packages/parsl/dataflow/dflow.py
1668009209.151042 2022-11-09 12:53:29 MainProcess-64701 MainThread-140604184217408 parsl.dataflow.dflow:122 __init__ DEBUG: Considering candidate for workflow name: /opt/miniconda3/envs/uirapuru/lib/python3.8/site-packages/typeguard/__init__.py
1668009209.151113 2022-11-09 12:53:29 MainProcess-64701 MainThread-140604184217408 parsl.dataflow.dflow:122 __init__ DEBUG: Considering candidate for workflow name: /tmp/ipykernel_64701/562115998.py
1668009209.151184 2022-11-09 12:53:29 MainProcess-64701 MainThread-140604184217408 parsl.dataflow.dflow:128 __init__ DEBUG: Using 562115998.py as workflow name
1668009209.151399 2022-11-09 12:53:29 MainProcess-64701 MainThread-140604184217408 parsl.dataflow.memoization:174 __init__ INFO: App caching initialized
1668009209.151490 2022-11-09 12:53:29 MainProcess-64701 MainThread-140604184217408 parsl.dataflow.strategy:127 __init__ DEBUG: Scaling strategy: simple
1668009210.151881 2022-11-09 12:53:30 MainProcess-64701 FlowControl-Thread-140602304706112 parsl.dataflow.strategy:166 _general_strategy DEBUG: general strategy starting with strategy_type simple for 0 executors
1668009210.152079 2022-11-09 12:53:30 MainProcess-64701 FlowControl-Thread-140602304706112 parsl.process_loggers:28 wrapped DEBUG: Normal ending for _general_strategy on thread FlowControl-Thread
1668009215.152049 2022-11-09 12:53:35 MainProcess-64701 FlowControl-Thread-140602304706112 parsl.dataflow.strategy:166 _general_strategy DEBUG: general strategy starting with strategy_type simple for 0 executors
1668009215.152241 2022-11-09 12:53:35 MainProcess-64701 FlowControl-Thread-140602304706112 parsl.process_loggers:28 wrapped DEBUG: Normal ending for _general_strategy on thread FlowControl-Thread
1668009220.152312 2022-11-09 12:53:40 MainProcess-64701 FlowControl-Thread-140602304706112 parsl.dataflow.strategy:166 _general_strategy DEBUG: general strategy starting with strategy_type simple for 0 executors
1668009220.152570 2022-11-09 12:53:40 MainProcess-64701 FlowControl-Thread-140602304706112 parsl.process_loggers:28 wrapped DEBUG: Normal ending for _general_strategy on thread FlowControl-Thread
1668009225.152480 2022-11-09 12:53:45 MainProcess-64701 FlowControl-Thread-140602304706112 parsl.dataflow.strategy:166 _general_strategy DEBUG: general strategy starting with strategy_type simple for 0 executors
1668009225.152725 2022-11-09 12:53:45 MainProcess-64701 FlowControl-Thread-140602304706112 parsl.process_loggers:28 wrapped DEBUG: Normal ending for _general_strategy on thread FlowControl-Thread
1668009230.152649 2022-11-09 12:53:50 MainProcess-64701 FlowControl-Thread-140602304706112 parsl.dataflow.strategy:166 _general_strategy DEBUG: general strategy starting with strategy_type simple for 0 executors
1668009230.152902 2022-11-09 12:53:50 MainProcess-64701 FlowControl-Thread-140602304706112 parsl.process_loggers:28 wrapped DEBUG: Normal ending for _general_strategy on thread FlowControl-Thread
1668009235.152803 2022-11-09 12:53:55 MainProcess-64701 FlowControl-Thread-140602304706112 parsl.dataflow.strategy:166 _general_strategy DEBUG: general strategy starting with strategy_type simple for 0 executors
1668009235.153039 2022-11-09 12:53:55 MainProcess-64701 FlowControl-Thread-140602304706112 parsl.process_loggers:28 wrapped DEBUG: Normal ending for _general_strategy on thread FlowControl-Thread
1668009240.152954 2022-11-09 12:54:00 MainProcess-64701 FlowControl-Thread-140602304706112 parsl.dataflow.strategy:166 _general_strategy DEBUG: general strategy starting with strategy_type simple for 0 executors
1668009240.153197 2022-11-09 12:54:00 MainProcess-64701 FlowControl-Thread-140602304706112 parsl.process_loggers:28 wrapped DEBUG: Normal ending for _general_strategy on thread FlowControl-Thread
1668009245.153133 2022-11-09 12:54:05 MainProcess-64701 FlowControl-Thread-140602304706112 parsl.dataflow.strategy:166 _general_strategy DEBUG: general strategy starting with strategy_type simple for 0 executors
1668009245.153366 2022-11-09 12:54:05 MainProcess-64701 FlowControl-Thread-140602304706112 parsl.process_loggers:28 wrapped DEBUG: Normal ending for _general_strategy on thread FlowControl-Thread
1668009250.153288 2022-11-09 12:54:10 MainProcess-64701 FlowControl-Thread-140602304706112 parsl.dataflow.strategy:166 _general_strategy DEBUG: general strategy starting with strategy_type simple for 0 executors
1668009250.153531 2022-11-09 12:54:10 MainProcess-64701 FlowControl-Thread-140602304706112 parsl.process_loggers:28 wrapped DEBUG: Normal ending for _general_strategy on thread FlowControl-Thread
1668009255.153510 2022-11-09 12:54:15 MainProcess-64701 FlowControl-Thread-140602304706112 parsl.dataflow.strategy:166 _general_strategy DEBUG: general strategy starting with strategy_type simple for 0 executors
1668009255.153743 2022-11-09 12:54:15 MainProcess-64701 FlowControl-Thread-140602304706112 parsl.process_loggers:28 wrapped DEBUG: Normal ending for _general_strategy on thread FlowControl-Thread
1668009260.153661 2022-11-09 12:54:20 MainProcess-64701 FlowControl-Thread-140602304706112 parsl.dataflow.strategy:166 _general_strategy DEBUG: general strategy starting with strategy_type simple for 0 executors
1668009260.153895 2022-11-09 12:54:20 MainProcess-64701 FlowControl-Thread-140602304706112 parsl.process_loggers:28 wrapped DEBUG: Normal ending for _general_strategy on thread FlowControl-Thread
1668009265.153888 2022-11-09 12:54:25 MainProcess-64701 FlowControl-Thread-140602304706112 parsl.dataflow.strategy:166 _general_strategy DEBUG: general strategy starting with strategy_type simple for 0 executors
1668009265.154121 2022-11-09 12:54:25 MainProcess-64701 FlowControl-Thread-140602304706112 parsl.process_loggers:28 wrapped DEBUG: Normal ending for _general_strategy on thread FlowControl-Thread
1668009270.154023 2022-11-09 12:54:30 MainProcess-64701 FlowControl-Thread-140602304706112 parsl.dataflow.strategy:166 _general_strategy DEBUG: general strategy starting with strategy_type simple for 0 executors
1668009270.154258 2022-11-09 12:54:30 MainProcess-64701 FlowControl-Thread-140602304706112 parsl.process_loggers:28 wrapped DEBUG: Normal ending for _general_strategy on thread FlowControl-Thread
1668009275.154199 2022-11-09 12:54:35 MainProcess-64701 FlowControl-Thread-140602304706112 parsl.dataflow.strategy:166 _general_strategy DEBUG: general strategy starting with strategy_type simple for 0 executors
1668009275.154440 2022-11-09 12:54:35 MainProcess-64701 FlowControl-Thread-140602304706112 parsl.process_loggers:28 wrapped DEBUG: Normal ending for _general_strategy on thread FlowControl-Thread
1668009278.170118 2022-11-09 12:54:38 MainProcess-64701 MainThread-140604184217408 parsl.dataflow.dflow:1037 atexit_cleanup INFO: DFK cleanup because python process is exiting
1668009278.170566 2022-11-09 12:54:38 MainProcess-64701 MainThread-140604184217408 parsl.dataflow.dflow:1073 cleanup INFO: DFK cleanup initiated
1668009278.171262 2022-11-09 12:54:38 MainProcess-64701 MainThread-140604184217408 parsl.dataflow.dflow:975 log_task_states INFO: Summary of tasks in DFK:
1668009278.171543 2022-11-09 12:54:38 MainProcess-64701 MainThread-140604184217408 parsl.dataflow.dflow:979 log_task_states INFO: Tasks in state States.unsched: 0
1668009278.171824 2022-11-09 12:54:38 MainProcess-64701 MainThread-140604184217408 parsl.dataflow.dflow:979 log_task_states INFO: Tasks in state States.pending: 0
1668009278.172198 2022-11-09 12:54:38 MainProcess-64701 MainThread-140604184217408 parsl.dataflow.dflow:979 log_task_states INFO: Tasks in state States.running: 0
1668009278.172857 2022-11-09 12:54:38 MainProcess-64701 MainThread-140604184217408 parsl.dataflow.dflow:979 log_task_states INFO: Tasks in state States.exec_done: 0
1668009278.173487 2022-11-09 12:54:38 MainProcess-64701 MainThread-140604184217408 parsl.dataflow.dflow:979 log_task_states INFO: Tasks in state States.failed: 0
1668009278.173664 2022-11-09 12:54:38 MainProcess-64701 MainThread-140604184217408 parsl.dataflow.dflow:979 log_task_states INFO: Tasks in state States.dep_fail: 0
1668009278.173999 2022-11-09 12:54:38 MainProcess-64701 MainThread-140604184217408 parsl.dataflow.dflow:979 log_task_states INFO: Tasks in state States.launched: 0
1668009278.174611 2022-11-09 12:54:38 MainProcess-64701 MainThread-140604184217408 parsl.dataflow.dflow:979 log_task_states INFO: Tasks in state States.fail_retryable: 0
1668009278.174856 2022-11-09 12:54:38 MainProcess-64701 MainThread-140604184217408 parsl.dataflow.dflow:979 log_task_states INFO: Tasks in state States.memo_done: 0
1668009278.175268 2022-11-09 12:54:38 MainProcess-64701 MainThread-140604184217408 parsl.dataflow.dflow:979 log_task_states INFO: Tasks in state States.joining: 0
1668009278.175639 2022-11-09 12:54:38 MainProcess-64701 MainThread-140604184217408 parsl.dataflow.dflow:979 log_task_states INFO: Tasks in state States.running_ended: 0
1668009278.175979 2022-11-09 12:54:38 MainProcess-64701 MainThread-140604184217408 parsl.dataflow.dflow:981 log_task_states INFO: End of summary
1668009278.176342 2022-11-09 12:54:38 MainProcess-64701 MainThread-140604184217408 parsl.dataflow.dflow:1097 cleanup INFO: Closing flowcontrol
1668009278.177533 2022-11-09 12:54:38 MainProcess-64701 MainThread-140604184217408 parsl.dataflow.dflow:1099 cleanup INFO: Terminated flow control
1668009278.177706 2022-11-09 12:54:38 MainProcess-64701 MainThread-140604184217408 parsl.dataflow.dflow:1101 cleanup INFO: Scaling in and shutting down executors
1668009278.177864 2022-11-09 12:54:38 MainProcess-64701 MainThread-140604184217408 parsl.dataflow.dflow:1116 cleanup INFO: Shutting down executor threads
1668009278.178025 2022-11-09 12:54:38 MainProcess-64701 MainThread-140604184217408 parsl.executors.threads:105 shutdown DEBUG: Shutting down executor, which involves waiting for running tasks to complete
1668009278.178182 2022-11-09 12:54:38 MainProcess-64701 MainThread-140604184217408 parsl.executors.threads:107 shutdown DEBUG: Done with executor shutdown
1668009278.178328 2022-11-09 12:54:38 MainProcess-64701 MainThread-140604184217408 parsl.dataflow.dflow:1118 cleanup INFO: Shut down executor threads
1668009278.178476 2022-11-09 12:54:38 MainProcess-64701 MainThread-140604184217408 parsl.dataflow.dflow:1116 cleanup INFO: Shutting down executor _parsl_internal
1668009278.178619 2022-11-09 12:54:38 MainProcess-64701 MainThread-140604184217408 parsl.executors.threads:105 shutdown DEBUG: Shutting down executor, which involves waiting for running tasks to complete
1668009278.178768 2022-11-09 12:54:38 MainProcess-64701 MainThread-140604184217408 parsl.executors.threads:107 shutdown DEBUG: Done with executor shutdown
1668009278.178938 2022-11-09 12:54:38 MainProcess-64701 MainThread-140604184217408 parsl.dataflow.dflow:1118 cleanup INFO: Shut down executor _parsl_internal
1668009278.179084 2022-11-09 12:54:38 MainProcess-64701 MainThread-140604184217408 parsl.dataflow.dflow:1124 cleanup INFO: Terminated executors
1668009278.179237 2022-11-09 12:54:38 MainProcess-64701 MainThread-140604184217408 parsl.dataflow.dflow:1141 cleanup INFO: DFK cleanup complete
1668009278.179382 2022-11-09 12:54:38 MainProcess-64701 MainThread-140604184217408 parsl.process_loggers:28 wrapped DEBUG: Normal ending for cleanup on thread MainThread
