1668001301.124395 2022-11-09 10:41:41 MainProcess-51231 MainThread-140365090514752 parsl.dataflow.dflow:87 __init__ INFO: Starting DataFlowKernel with config
Config(
    app_cache=True, 
    checkpoint_files=None, 
    checkpoint_mode=None, 
    checkpoint_period=None, 
    executors=[ThreadPoolExecutor(
        label='threads', 
        managed=True, 
        max_threads=2, 
        storage_access=None, 
        thread_name_prefix='', 
        working_dir=None
    )], 
    garbage_collect=True, 
    initialize_logging=True, 
    internal_tasks_max_threads=10, 
    max_idletime=120.0, 
    monitoring=None, 
    retries=0, 
    retry_handler=None, 
    run_dir='runinfo', 
    strategy='simple', 
    usage_tracking=False
)
1668001301.124597 2022-11-09 10:41:41 MainProcess-51231 MainThread-140365090514752 parsl.dataflow.dflow:89 __init__ INFO: Parsl version: 2022.11.07
1668001301.124715 2022-11-09 10:41:41 MainProcess-51231 MainThread-140365090514752 parsl.dataflow.usage_tracking.usage:129 __init__ DEBUG: Tracking status: False
1668001301.124875 2022-11-09 10:41:41 MainProcess-51231 MainThread-140365090514752 parsl.dataflow.dflow:115 __init__ INFO: Run id is: 52461d06-ea51-4ff6-9155-df3c9485ae91
1668001301.248950 2022-11-09 10:41:41 MainProcess-51231 MainThread-140365090514752 parsl.dataflow.dflow:122 __init__ DEBUG: Considering candidate for workflow name: /opt/miniconda3/envs/uirapuru/lib/python3.8/site-packages/parsl/dataflow/dflow.py
1668001301.249062 2022-11-09 10:41:41 MainProcess-51231 MainThread-140365090514752 parsl.dataflow.dflow:122 __init__ DEBUG: Considering candidate for workflow name: /opt/miniconda3/envs/uirapuru/lib/python3.8/site-packages/parsl/dataflow/dflow.py
1668001301.249137 2022-11-09 10:41:41 MainProcess-51231 MainThread-140365090514752 parsl.dataflow.dflow:122 __init__ DEBUG: Considering candidate for workflow name: /opt/miniconda3/envs/uirapuru/lib/python3.8/site-packages/typeguard/__init__.py
1668001301.249207 2022-11-09 10:41:41 MainProcess-51231 MainThread-140365090514752 parsl.dataflow.dflow:122 __init__ DEBUG: Considering candidate for workflow name: /tmp/ipykernel_51231/562115998.py
1668001301.249284 2022-11-09 10:41:41 MainProcess-51231 MainThread-140365090514752 parsl.dataflow.dflow:128 __init__ DEBUG: Using 562115998.py as workflow name
1668001301.249493 2022-11-09 10:41:41 MainProcess-51231 MainThread-140365090514752 parsl.dataflow.memoization:174 __init__ INFO: App caching initialized
1668001301.249584 2022-11-09 10:41:41 MainProcess-51231 MainThread-140365090514752 parsl.dataflow.strategy:127 __init__ DEBUG: Scaling strategy: simple
1668001302.249992 2022-11-09 10:41:42 MainProcess-51231 FlowControl-Thread-140363210982976 parsl.dataflow.strategy:166 _general_strategy DEBUG: general strategy starting with strategy_type simple for 0 executors
1668001302.250137 2022-11-09 10:41:42 MainProcess-51231 FlowControl-Thread-140363210982976 parsl.process_loggers:28 wrapped DEBUG: Normal ending for _general_strategy on thread FlowControl-Thread
1668001307.250307 2022-11-09 10:41:47 MainProcess-51231 FlowControl-Thread-140363210982976 parsl.dataflow.strategy:166 _general_strategy DEBUG: general strategy starting with strategy_type simple for 0 executors
1668001307.250521 2022-11-09 10:41:47 MainProcess-51231 FlowControl-Thread-140363210982976 parsl.process_loggers:28 wrapped DEBUG: Normal ending for _general_strategy on thread FlowControl-Thread
1668001312.250498 2022-11-09 10:41:52 MainProcess-51231 FlowControl-Thread-140363210982976 parsl.dataflow.strategy:166 _general_strategy DEBUG: general strategy starting with strategy_type simple for 0 executors
1668001312.250738 2022-11-09 10:41:52 MainProcess-51231 FlowControl-Thread-140363210982976 parsl.process_loggers:28 wrapped DEBUG: Normal ending for _general_strategy on thread FlowControl-Thread
1668001317.250749 2022-11-09 10:41:57 MainProcess-51231 FlowControl-Thread-140363210982976 parsl.dataflow.strategy:166 _general_strategy DEBUG: general strategy starting with strategy_type simple for 0 executors
1668001317.250989 2022-11-09 10:41:57 MainProcess-51231 FlowControl-Thread-140363210982976 parsl.process_loggers:28 wrapped DEBUG: Normal ending for _general_strategy on thread FlowControl-Thread
1668001322.250972 2022-11-09 10:42:02 MainProcess-51231 FlowControl-Thread-140363210982976 parsl.dataflow.strategy:166 _general_strategy DEBUG: general strategy starting with strategy_type simple for 0 executors
1668001322.251138 2022-11-09 10:42:02 MainProcess-51231 FlowControl-Thread-140363210982976 parsl.process_loggers:28 wrapped DEBUG: Normal ending for _general_strategy on thread FlowControl-Thread
1668001327.251204 2022-11-09 10:42:07 MainProcess-51231 FlowControl-Thread-140363210982976 parsl.dataflow.strategy:166 _general_strategy DEBUG: general strategy starting with strategy_type simple for 0 executors
1668001327.251343 2022-11-09 10:42:07 MainProcess-51231 FlowControl-Thread-140363210982976 parsl.process_loggers:28 wrapped DEBUG: Normal ending for _general_strategy on thread FlowControl-Thread
1668001332.251349 2022-11-09 10:42:12 MainProcess-51231 FlowControl-Thread-140363210982976 parsl.dataflow.strategy:166 _general_strategy DEBUG: general strategy starting with strategy_type simple for 0 executors
1668001332.251514 2022-11-09 10:42:12 MainProcess-51231 FlowControl-Thread-140363210982976 parsl.process_loggers:28 wrapped DEBUG: Normal ending for _general_strategy on thread FlowControl-Thread
1668001337.251528 2022-11-09 10:42:17 MainProcess-51231 FlowControl-Thread-140363210982976 parsl.dataflow.strategy:166 _general_strategy DEBUG: general strategy starting with strategy_type simple for 0 executors
1668001337.251706 2022-11-09 10:42:17 MainProcess-51231 FlowControl-Thread-140363210982976 parsl.process_loggers:28 wrapped DEBUG: Normal ending for _general_strategy on thread FlowControl-Thread
1668001342.251733 2022-11-09 10:42:22 MainProcess-51231 FlowControl-Thread-140363210982976 parsl.dataflow.strategy:166 _general_strategy DEBUG: general strategy starting with strategy_type simple for 0 executors
1668001342.251891 2022-11-09 10:42:22 MainProcess-51231 FlowControl-Thread-140363210982976 parsl.process_loggers:28 wrapped DEBUG: Normal ending for _general_strategy on thread FlowControl-Thread
1668001347.251960 2022-11-09 10:42:27 MainProcess-51231 FlowControl-Thread-140363210982976 parsl.dataflow.strategy:166 _general_strategy DEBUG: general strategy starting with strategy_type simple for 0 executors
1668001347.252104 2022-11-09 10:42:27 MainProcess-51231 FlowControl-Thread-140363210982976 parsl.process_loggers:28 wrapped DEBUG: Normal ending for _general_strategy on thread FlowControl-Thread
1668001352.252200 2022-11-09 10:42:32 MainProcess-51231 FlowControl-Thread-140363210982976 parsl.dataflow.strategy:166 _general_strategy DEBUG: general strategy starting with strategy_type simple for 0 executors
1668001352.252429 2022-11-09 10:42:32 MainProcess-51231 FlowControl-Thread-140363210982976 parsl.process_loggers:28 wrapped DEBUG: Normal ending for _general_strategy on thread FlowControl-Thread
1668001357.252448 2022-11-09 10:42:37 MainProcess-51231 FlowControl-Thread-140363210982976 parsl.dataflow.strategy:166 _general_strategy DEBUG: general strategy starting with strategy_type simple for 0 executors
1668001357.252588 2022-11-09 10:42:37 MainProcess-51231 FlowControl-Thread-140363210982976 parsl.process_loggers:28 wrapped DEBUG: Normal ending for _general_strategy on thread FlowControl-Thread
1668001362.252559 2022-11-09 10:42:42 MainProcess-51231 FlowControl-Thread-140363210982976 parsl.dataflow.strategy:166 _general_strategy DEBUG: general strategy starting with strategy_type simple for 0 executors
1668001362.252800 2022-11-09 10:42:42 MainProcess-51231 FlowControl-Thread-140363210982976 parsl.process_loggers:28 wrapped DEBUG: Normal ending for _general_strategy on thread FlowControl-Thread
1668001367.252717 2022-11-09 10:42:47 MainProcess-51231 FlowControl-Thread-140363210982976 parsl.dataflow.strategy:166 _general_strategy DEBUG: general strategy starting with strategy_type simple for 0 executors
1668001367.252898 2022-11-09 10:42:47 MainProcess-51231 FlowControl-Thread-140363210982976 parsl.process_loggers:28 wrapped DEBUG: Normal ending for _general_strategy on thread FlowControl-Thread
1668001372.252963 2022-11-09 10:42:52 MainProcess-51231 FlowControl-Thread-140363210982976 parsl.dataflow.strategy:166 _general_strategy DEBUG: general strategy starting with strategy_type simple for 0 executors
1668001372.253191 2022-11-09 10:42:52 MainProcess-51231 FlowControl-Thread-140363210982976 parsl.process_loggers:28 wrapped DEBUG: Normal ending for _general_strategy on thread FlowControl-Thread
1668001377.253122 2022-11-09 10:42:57 MainProcess-51231 FlowControl-Thread-140363210982976 parsl.dataflow.strategy:166 _general_strategy DEBUG: general strategy starting with strategy_type simple for 0 executors
1668001377.253438 2022-11-09 10:42:57 MainProcess-51231 FlowControl-Thread-140363210982976 parsl.process_loggers:28 wrapped DEBUG: Normal ending for _general_strategy on thread FlowControl-Thread
1668001382.253347 2022-11-09 10:43:02 MainProcess-51231 FlowControl-Thread-140363210982976 parsl.dataflow.strategy:166 _general_strategy DEBUG: general strategy starting with strategy_type simple for 0 executors
1668001382.253595 2022-11-09 10:43:02 MainProcess-51231 FlowControl-Thread-140363210982976 parsl.process_loggers:28 wrapped DEBUG: Normal ending for _general_strategy on thread FlowControl-Thread
1668001387.253525 2022-11-09 10:43:07 MainProcess-51231 FlowControl-Thread-140363210982976 parsl.dataflow.strategy:166 _general_strategy DEBUG: general strategy starting with strategy_type simple for 0 executors
1668001387.253757 2022-11-09 10:43:07 MainProcess-51231 FlowControl-Thread-140363210982976 parsl.process_loggers:28 wrapped DEBUG: Normal ending for _general_strategy on thread FlowControl-Thread
1668001392.253780 2022-11-09 10:43:12 MainProcess-51231 FlowControl-Thread-140363210982976 parsl.dataflow.strategy:166 _general_strategy DEBUG: general strategy starting with strategy_type simple for 0 executors
1668001392.254014 2022-11-09 10:43:12 MainProcess-51231 FlowControl-Thread-140363210982976 parsl.process_loggers:28 wrapped DEBUG: Normal ending for _general_strategy on thread FlowControl-Thread
1668001397.254045 2022-11-09 10:43:17 MainProcess-51231 FlowControl-Thread-140363210982976 parsl.dataflow.strategy:166 _general_strategy DEBUG: general strategy starting with strategy_type simple for 0 executors
1668001397.254285 2022-11-09 10:43:17 MainProcess-51231 FlowControl-Thread-140363210982976 parsl.process_loggers:28 wrapped DEBUG: Normal ending for _general_strategy on thread FlowControl-Thread
1668001402.254298 2022-11-09 10:43:22 MainProcess-51231 FlowControl-Thread-140363210982976 parsl.dataflow.strategy:166 _general_strategy DEBUG: general strategy starting with strategy_type simple for 0 executors
1668001402.254528 2022-11-09 10:43:22 MainProcess-51231 FlowControl-Thread-140363210982976 parsl.process_loggers:28 wrapped DEBUG: Normal ending for _general_strategy on thread FlowControl-Thread
1668001407.254555 2022-11-09 10:43:27 MainProcess-51231 FlowControl-Thread-140363210982976 parsl.dataflow.strategy:166 _general_strategy DEBUG: general strategy starting with strategy_type simple for 0 executors
1668001407.254792 2022-11-09 10:43:27 MainProcess-51231 FlowControl-Thread-140363210982976 parsl.process_loggers:28 wrapped DEBUG: Normal ending for _general_strategy on thread FlowControl-Thread
1668001412.254811 2022-11-09 10:43:32 MainProcess-51231 FlowControl-Thread-140363210982976 parsl.dataflow.strategy:166 _general_strategy DEBUG: general strategy starting with strategy_type simple for 0 executors
1668001412.255043 2022-11-09 10:43:32 MainProcess-51231 FlowControl-Thread-140363210982976 parsl.process_loggers:28 wrapped DEBUG: Normal ending for _general_strategy on thread FlowControl-Thread
1668001417.255072 2022-11-09 10:43:37 MainProcess-51231 FlowControl-Thread-140363210982976 parsl.dataflow.strategy:166 _general_strategy DEBUG: general strategy starting with strategy_type simple for 0 executors
1668001417.255322 2022-11-09 10:43:37 MainProcess-51231 FlowControl-Thread-140363210982976 parsl.process_loggers:28 wrapped DEBUG: Normal ending for _general_strategy on thread FlowControl-Thread
1668001422.255323 2022-11-09 10:43:42 MainProcess-51231 FlowControl-Thread-140363210982976 parsl.dataflow.strategy:166 _general_strategy DEBUG: general strategy starting with strategy_type simple for 0 executors
1668001422.255569 2022-11-09 10:43:42 MainProcess-51231 FlowControl-Thread-140363210982976 parsl.process_loggers:28 wrapped DEBUG: Normal ending for _general_strategy on thread FlowControl-Thread
1668001427.255577 2022-11-09 10:43:47 MainProcess-51231 FlowControl-Thread-140363210982976 parsl.dataflow.strategy:166 _general_strategy DEBUG: general strategy starting with strategy_type simple for 0 executors
1668001427.255807 2022-11-09 10:43:47 MainProcess-51231 FlowControl-Thread-140363210982976 parsl.process_loggers:28 wrapped DEBUG: Normal ending for _general_strategy on thread FlowControl-Thread
1668001432.255833 2022-11-09 10:43:52 MainProcess-51231 FlowControl-Thread-140363210982976 parsl.dataflow.strategy:166 _general_strategy DEBUG: general strategy starting with strategy_type simple for 0 executors
1668001432.256058 2022-11-09 10:43:52 MainProcess-51231 FlowControl-Thread-140363210982976 parsl.process_loggers:28 wrapped DEBUG: Normal ending for _general_strategy on thread FlowControl-Thread
1668001437.256093 2022-11-09 10:43:57 MainProcess-51231 FlowControl-Thread-140363210982976 parsl.dataflow.strategy:166 _general_strategy DEBUG: general strategy starting with strategy_type simple for 0 executors
1668001437.256281 2022-11-09 10:43:57 MainProcess-51231 FlowControl-Thread-140363210982976 parsl.process_loggers:28 wrapped DEBUG: Normal ending for _general_strategy on thread FlowControl-Thread
1668001442.256320 2022-11-09 10:44:02 MainProcess-51231 FlowControl-Thread-140363210982976 parsl.dataflow.strategy:166 _general_strategy DEBUG: general strategy starting with strategy_type simple for 0 executors
1668001442.256464 2022-11-09 10:44:02 MainProcess-51231 FlowControl-Thread-140363210982976 parsl.process_loggers:28 wrapped DEBUG: Normal ending for _general_strategy on thread FlowControl-Thread
1668001447.256455 2022-11-09 10:44:07 MainProcess-51231 FlowControl-Thread-140363210982976 parsl.dataflow.strategy:166 _general_strategy DEBUG: general strategy starting with strategy_type simple for 0 executors
1668001447.256590 2022-11-09 10:44:07 MainProcess-51231 FlowControl-Thread-140363210982976 parsl.process_loggers:28 wrapped DEBUG: Normal ending for _general_strategy on thread FlowControl-Thread
1668001452.256673 2022-11-09 10:44:12 MainProcess-51231 FlowControl-Thread-140363210982976 parsl.dataflow.strategy:166 _general_strategy DEBUG: general strategy starting with strategy_type simple for 0 executors
1668001452.256917 2022-11-09 10:44:12 MainProcess-51231 FlowControl-Thread-140363210982976 parsl.process_loggers:28 wrapped DEBUG: Normal ending for _general_strategy on thread FlowControl-Thread
1668001457.256928 2022-11-09 10:44:17 MainProcess-51231 FlowControl-Thread-140363210982976 parsl.dataflow.strategy:166 _general_strategy DEBUG: general strategy starting with strategy_type simple for 0 executors
1668001457.257156 2022-11-09 10:44:17 MainProcess-51231 FlowControl-Thread-140363210982976 parsl.process_loggers:28 wrapped DEBUG: Normal ending for _general_strategy on thread FlowControl-Thread
1668001462.257144 2022-11-09 10:44:22 MainProcess-51231 FlowControl-Thread-140363210982976 parsl.dataflow.strategy:166 _general_strategy DEBUG: general strategy starting with strategy_type simple for 0 executors
1668001462.257291 2022-11-09 10:44:22 MainProcess-51231 FlowControl-Thread-140363210982976 parsl.process_loggers:28 wrapped DEBUG: Normal ending for _general_strategy on thread FlowControl-Thread
1668001467.257317 2022-11-09 10:44:27 MainProcess-51231 FlowControl-Thread-140363210982976 parsl.dataflow.strategy:166 _general_strategy DEBUG: general strategy starting with strategy_type simple for 0 executors
1668001467.257546 2022-11-09 10:44:27 MainProcess-51231 FlowControl-Thread-140363210982976 parsl.process_loggers:28 wrapped DEBUG: Normal ending for _general_strategy on thread FlowControl-Thread
1668001472.257532 2022-11-09 10:44:32 MainProcess-51231 FlowControl-Thread-140363210982976 parsl.dataflow.strategy:166 _general_strategy DEBUG: general strategy starting with strategy_type simple for 0 executors
1668001472.257676 2022-11-09 10:44:32 MainProcess-51231 FlowControl-Thread-140363210982976 parsl.process_loggers:28 wrapped DEBUG: Normal ending for _general_strategy on thread FlowControl-Thread
1668001477.257743 2022-11-09 10:44:37 MainProcess-51231 FlowControl-Thread-140363210982976 parsl.dataflow.strategy:166 _general_strategy DEBUG: general strategy starting with strategy_type simple for 0 executors
1668001477.257984 2022-11-09 10:44:37 MainProcess-51231 FlowControl-Thread-140363210982976 parsl.process_loggers:28 wrapped DEBUG: Normal ending for _general_strategy on thread FlowControl-Thread
1668001482.258000 2022-11-09 10:44:42 MainProcess-51231 FlowControl-Thread-140363210982976 parsl.dataflow.strategy:166 _general_strategy DEBUG: general strategy starting with strategy_type simple for 0 executors
1668001482.258229 2022-11-09 10:44:42 MainProcess-51231 FlowControl-Thread-140363210982976 parsl.process_loggers:28 wrapped DEBUG: Normal ending for _general_strategy on thread FlowControl-Thread
1668001487.258197 2022-11-09 10:44:47 MainProcess-51231 FlowControl-Thread-140363210982976 parsl.dataflow.strategy:166 _general_strategy DEBUG: general strategy starting with strategy_type simple for 0 executors
1668001487.258507 2022-11-09 10:44:47 MainProcess-51231 FlowControl-Thread-140363210982976 parsl.process_loggers:28 wrapped DEBUG: Normal ending for _general_strategy on thread FlowControl-Thread
1668001492.258425 2022-11-09 10:44:52 MainProcess-51231 FlowControl-Thread-140363210982976 parsl.dataflow.strategy:166 _general_strategy DEBUG: general strategy starting with strategy_type simple for 0 executors
1668001492.258653 2022-11-09 10:44:52 MainProcess-51231 FlowControl-Thread-140363210982976 parsl.process_loggers:28 wrapped DEBUG: Normal ending for _general_strategy on thread FlowControl-Thread
1668001497.258659 2022-11-09 10:44:57 MainProcess-51231 FlowControl-Thread-140363210982976 parsl.dataflow.strategy:166 _general_strategy DEBUG: general strategy starting with strategy_type simple for 0 executors
1668001497.258895 2022-11-09 10:44:57 MainProcess-51231 FlowControl-Thread-140363210982976 parsl.process_loggers:28 wrapped DEBUG: Normal ending for _general_strategy on thread FlowControl-Thread
1668001502.258903 2022-11-09 10:45:02 MainProcess-51231 FlowControl-Thread-140363210982976 parsl.dataflow.strategy:166 _general_strategy DEBUG: general strategy starting with strategy_type simple for 0 executors
1668001502.259046 2022-11-09 10:45:02 MainProcess-51231 FlowControl-Thread-140363210982976 parsl.process_loggers:28 wrapped DEBUG: Normal ending for _general_strategy on thread FlowControl-Thread
1668001507.259154 2022-11-09 10:45:07 MainProcess-51231 FlowControl-Thread-140363210982976 parsl.dataflow.strategy:166 _general_strategy DEBUG: general strategy starting with strategy_type simple for 0 executors
1668001507.259395 2022-11-09 10:45:07 MainProcess-51231 FlowControl-Thread-140363210982976 parsl.process_loggers:28 wrapped DEBUG: Normal ending for _general_strategy on thread FlowControl-Thread
1668001512.259408 2022-11-09 10:45:12 MainProcess-51231 FlowControl-Thread-140363210982976 parsl.dataflow.strategy:166 _general_strategy DEBUG: general strategy starting with strategy_type simple for 0 executors
1668001512.259551 2022-11-09 10:45:12 MainProcess-51231 FlowControl-Thread-140363210982976 parsl.process_loggers:28 wrapped DEBUG: Normal ending for _general_strategy on thread FlowControl-Thread
1668001517.259653 2022-11-09 10:45:17 MainProcess-51231 FlowControl-Thread-140363210982976 parsl.dataflow.strategy:166 _general_strategy DEBUG: general strategy starting with strategy_type simple for 0 executors
1668001517.259801 2022-11-09 10:45:17 MainProcess-51231 FlowControl-Thread-140363210982976 parsl.process_loggers:28 wrapped DEBUG: Normal ending for _general_strategy on thread FlowControl-Thread
1668001522.259878 2022-11-09 10:45:22 MainProcess-51231 FlowControl-Thread-140363210982976 parsl.dataflow.strategy:166 _general_strategy DEBUG: general strategy starting with strategy_type simple for 0 executors
1668001522.260103 2022-11-09 10:45:22 MainProcess-51231 FlowControl-Thread-140363210982976 parsl.process_loggers:28 wrapped DEBUG: Normal ending for _general_strategy on thread FlowControl-Thread
1668001527.260133 2022-11-09 10:45:27 MainProcess-51231 FlowControl-Thread-140363210982976 parsl.dataflow.strategy:166 _general_strategy DEBUG: general strategy starting with strategy_type simple for 0 executors
1668001527.260340 2022-11-09 10:45:27 MainProcess-51231 FlowControl-Thread-140363210982976 parsl.process_loggers:28 wrapped DEBUG: Normal ending for _general_strategy on thread FlowControl-Thread
1668001532.260390 2022-11-09 10:45:32 MainProcess-51231 FlowControl-Thread-140363210982976 parsl.dataflow.strategy:166 _general_strategy DEBUG: general strategy starting with strategy_type simple for 0 executors
1668001532.260627 2022-11-09 10:45:32 MainProcess-51231 FlowControl-Thread-140363210982976 parsl.process_loggers:28 wrapped DEBUG: Normal ending for _general_strategy on thread FlowControl-Thread
1668001537.260513 2022-11-09 10:45:37 MainProcess-51231 FlowControl-Thread-140363210982976 parsl.dataflow.strategy:166 _general_strategy DEBUG: general strategy starting with strategy_type simple for 0 executors
1668001537.260642 2022-11-09 10:45:37 MainProcess-51231 FlowControl-Thread-140363210982976 parsl.process_loggers:28 wrapped DEBUG: Normal ending for _general_strategy on thread FlowControl-Thread
1668001542.260591 2022-11-09 10:45:42 MainProcess-51231 FlowControl-Thread-140363210982976 parsl.dataflow.strategy:166 _general_strategy DEBUG: general strategy starting with strategy_type simple for 0 executors
1668001542.260753 2022-11-09 10:45:42 MainProcess-51231 FlowControl-Thread-140363210982976 parsl.process_loggers:28 wrapped DEBUG: Normal ending for _general_strategy on thread FlowControl-Thread
1668001547.260811 2022-11-09 10:45:47 MainProcess-51231 FlowControl-Thread-140363210982976 parsl.dataflow.strategy:166 _general_strategy DEBUG: general strategy starting with strategy_type simple for 0 executors
1668001547.261041 2022-11-09 10:45:47 MainProcess-51231 FlowControl-Thread-140363210982976 parsl.process_loggers:28 wrapped DEBUG: Normal ending for _general_strategy on thread FlowControl-Thread
1668001552.261005 2022-11-09 10:45:52 MainProcess-51231 FlowControl-Thread-140363210982976 parsl.dataflow.strategy:166 _general_strategy DEBUG: general strategy starting with strategy_type simple for 0 executors
1668001552.261146 2022-11-09 10:45:52 MainProcess-51231 FlowControl-Thread-140363210982976 parsl.process_loggers:28 wrapped DEBUG: Normal ending for _general_strategy on thread FlowControl-Thread
1668001557.261199 2022-11-09 10:45:57 MainProcess-51231 FlowControl-Thread-140363210982976 parsl.dataflow.strategy:166 _general_strategy DEBUG: general strategy starting with strategy_type simple for 0 executors
1668001557.261355 2022-11-09 10:45:57 MainProcess-51231 FlowControl-Thread-140363210982976 parsl.process_loggers:28 wrapped DEBUG: Normal ending for _general_strategy on thread FlowControl-Thread
1668001562.261449 2022-11-09 10:46:02 MainProcess-51231 FlowControl-Thread-140363210982976 parsl.dataflow.strategy:166 _general_strategy DEBUG: general strategy starting with strategy_type simple for 0 executors
1668001562.261847 2022-11-09 10:46:02 MainProcess-51231 FlowControl-Thread-140363210982976 parsl.process_loggers:28 wrapped DEBUG: Normal ending for _general_strategy on thread FlowControl-Thread
1668001567.261830 2022-11-09 10:46:07 MainProcess-51231 FlowControl-Thread-140363210982976 parsl.dataflow.strategy:166 _general_strategy DEBUG: general strategy starting with strategy_type simple for 0 executors
1668001567.261961 2022-11-09 10:46:07 MainProcess-51231 FlowControl-Thread-140363210982976 parsl.process_loggers:28 wrapped DEBUG: Normal ending for _general_strategy on thread FlowControl-Thread
1668001572.261948 2022-11-09 10:46:12 MainProcess-51231 FlowControl-Thread-140363210982976 parsl.dataflow.strategy:166 _general_strategy DEBUG: general strategy starting with strategy_type simple for 0 executors
1668001572.262177 2022-11-09 10:46:12 MainProcess-51231 FlowControl-Thread-140363210982976 parsl.process_loggers:28 wrapped DEBUG: Normal ending for _general_strategy on thread FlowControl-Thread
1668001577.262071 2022-11-09 10:46:17 MainProcess-51231 FlowControl-Thread-140363210982976 parsl.dataflow.strategy:166 _general_strategy DEBUG: general strategy starting with strategy_type simple for 0 executors
1668001577.262238 2022-11-09 10:46:17 MainProcess-51231 FlowControl-Thread-140363210982976 parsl.process_loggers:28 wrapped DEBUG: Normal ending for _general_strategy on thread FlowControl-Thread
1668001582.262273 2022-11-09 10:46:22 MainProcess-51231 FlowControl-Thread-140363210982976 parsl.dataflow.strategy:166 _general_strategy DEBUG: general strategy starting with strategy_type simple for 0 executors
1668001582.262418 2022-11-09 10:46:22 MainProcess-51231 FlowControl-Thread-140363210982976 parsl.process_loggers:28 wrapped DEBUG: Normal ending for _general_strategy on thread FlowControl-Thread
1668001587.262479 2022-11-09 10:46:27 MainProcess-51231 FlowControl-Thread-140363210982976 parsl.dataflow.strategy:166 _general_strategy DEBUG: general strategy starting with strategy_type simple for 0 executors
1668001587.262625 2022-11-09 10:46:27 MainProcess-51231 FlowControl-Thread-140363210982976 parsl.process_loggers:28 wrapped DEBUG: Normal ending for _general_strategy on thread FlowControl-Thread
1668001592.262675 2022-11-09 10:46:32 MainProcess-51231 FlowControl-Thread-140363210982976 parsl.dataflow.strategy:166 _general_strategy DEBUG: general strategy starting with strategy_type simple for 0 executors
1668001592.262829 2022-11-09 10:46:32 MainProcess-51231 FlowControl-Thread-140363210982976 parsl.process_loggers:28 wrapped DEBUG: Normal ending for _general_strategy on thread FlowControl-Thread
1668001597.262884 2022-11-09 10:46:37 MainProcess-51231 FlowControl-Thread-140363210982976 parsl.dataflow.strategy:166 _general_strategy DEBUG: general strategy starting with strategy_type simple for 0 executors
1668001597.263025 2022-11-09 10:46:37 MainProcess-51231 FlowControl-Thread-140363210982976 parsl.process_loggers:28 wrapped DEBUG: Normal ending for _general_strategy on thread FlowControl-Thread
1668001602.263077 2022-11-09 10:46:42 MainProcess-51231 FlowControl-Thread-140363210982976 parsl.dataflow.strategy:166 _general_strategy DEBUG: general strategy starting with strategy_type simple for 0 executors
1668001602.263222 2022-11-09 10:46:42 MainProcess-51231 FlowControl-Thread-140363210982976 parsl.process_loggers:28 wrapped DEBUG: Normal ending for _general_strategy on thread FlowControl-Thread
1668001607.263231 2022-11-09 10:46:47 MainProcess-51231 FlowControl-Thread-140363210982976 parsl.dataflow.strategy:166 _general_strategy DEBUG: general strategy starting with strategy_type simple for 0 executors
1668001607.263369 2022-11-09 10:46:47 MainProcess-51231 FlowControl-Thread-140363210982976 parsl.process_loggers:28 wrapped DEBUG: Normal ending for _general_strategy on thread FlowControl-Thread
1668001612.263432 2022-11-09 10:46:52 MainProcess-51231 FlowControl-Thread-140363210982976 parsl.dataflow.strategy:166 _general_strategy DEBUG: general strategy starting with strategy_type simple for 0 executors
1668001612.263588 2022-11-09 10:46:52 MainProcess-51231 FlowControl-Thread-140363210982976 parsl.process_loggers:28 wrapped DEBUG: Normal ending for _general_strategy on thread FlowControl-Thread
1668001617.263641 2022-11-09 10:46:57 MainProcess-51231 FlowControl-Thread-140363210982976 parsl.dataflow.strategy:166 _general_strategy DEBUG: general strategy starting with strategy_type simple for 0 executors
1668001617.263794 2022-11-09 10:46:57 MainProcess-51231 FlowControl-Thread-140363210982976 parsl.process_loggers:28 wrapped DEBUG: Normal ending for _general_strategy on thread FlowControl-Thread
1668001622.263901 2022-11-09 10:47:02 MainProcess-51231 FlowControl-Thread-140363210982976 parsl.dataflow.strategy:166 _general_strategy DEBUG: general strategy starting with strategy_type simple for 0 executors
1668001622.264149 2022-11-09 10:47:02 MainProcess-51231 FlowControl-Thread-140363210982976 parsl.process_loggers:28 wrapped DEBUG: Normal ending for _general_strategy on thread FlowControl-Thread
1668001627.264651 2022-11-09 10:47:07 MainProcess-51231 FlowControl-Thread-140363210982976 parsl.dataflow.strategy:166 _general_strategy DEBUG: general strategy starting with strategy_type simple for 0 executors
1668001627.264815 2022-11-09 10:47:07 MainProcess-51231 FlowControl-Thread-140363210982976 parsl.process_loggers:28 wrapped DEBUG: Normal ending for _general_strategy on thread FlowControl-Thread
1668001632.264797 2022-11-09 10:47:12 MainProcess-51231 FlowControl-Thread-140363210982976 parsl.dataflow.strategy:166 _general_strategy DEBUG: general strategy starting with strategy_type simple for 0 executors
1668001632.264968 2022-11-09 10:47:12 MainProcess-51231 FlowControl-Thread-140363210982976 parsl.process_loggers:28 wrapped DEBUG: Normal ending for _general_strategy on thread FlowControl-Thread
1668001637.265002 2022-11-09 10:47:17 MainProcess-51231 FlowControl-Thread-140363210982976 parsl.dataflow.strategy:166 _general_strategy DEBUG: general strategy starting with strategy_type simple for 0 executors
1668001637.265153 2022-11-09 10:47:17 MainProcess-51231 FlowControl-Thread-140363210982976 parsl.process_loggers:28 wrapped DEBUG: Normal ending for _general_strategy on thread FlowControl-Thread
1668001637.599840 2022-11-09 10:47:17 MainProcess-51231 MainThread-140365090514752 parsl.dataflow.dflow:1037 atexit_cleanup INFO: DFK cleanup because python process is exiting
1668001637.600344 2022-11-09 10:47:17 MainProcess-51231 MainThread-140365090514752 parsl.dataflow.dflow:1073 cleanup INFO: DFK cleanup initiated
1668001637.601073 2022-11-09 10:47:17 MainProcess-51231 MainThread-140365090514752 parsl.dataflow.dflow:975 log_task_states INFO: Summary of tasks in DFK:
1668001637.601331 2022-11-09 10:47:17 MainProcess-51231 MainThread-140365090514752 parsl.dataflow.dflow:979 log_task_states INFO: Tasks in state States.unsched: 0
1668001637.601542 2022-11-09 10:47:17 MainProcess-51231 MainThread-140365090514752 parsl.dataflow.dflow:979 log_task_states INFO: Tasks in state States.pending: 0
1668001637.601935 2022-11-09 10:47:17 MainProcess-51231 MainThread-140365090514752 parsl.dataflow.dflow:979 log_task_states INFO: Tasks in state States.running: 0
1668001637.602121 2022-11-09 10:47:17 MainProcess-51231 MainThread-140365090514752 parsl.dataflow.dflow:979 log_task_states INFO: Tasks in state States.exec_done: 0
1668001637.602295 2022-11-09 10:47:17 MainProcess-51231 MainThread-140365090514752 parsl.dataflow.dflow:979 log_task_states INFO: Tasks in state States.failed: 0
1668001637.602836 2022-11-09 10:47:17 MainProcess-51231 MainThread-140365090514752 parsl.dataflow.dflow:979 log_task_states INFO: Tasks in state States.dep_fail: 0
1668001637.603009 2022-11-09 10:47:17 MainProcess-51231 MainThread-140365090514752 parsl.dataflow.dflow:979 log_task_states INFO: Tasks in state States.launched: 0
1668001637.603172 2022-11-09 10:47:17 MainProcess-51231 MainThread-140365090514752 parsl.dataflow.dflow:979 log_task_states INFO: Tasks in state States.fail_retryable: 0
1668001637.603333 2022-11-09 10:47:17 MainProcess-51231 MainThread-140365090514752 parsl.dataflow.dflow:979 log_task_states INFO: Tasks in state States.memo_done: 0
1668001637.603493 2022-11-09 10:47:17 MainProcess-51231 MainThread-140365090514752 parsl.dataflow.dflow:979 log_task_states INFO: Tasks in state States.joining: 0
1668001637.605139 2022-11-09 10:47:17 MainProcess-51231 MainThread-140365090514752 parsl.dataflow.dflow:979 log_task_states INFO: Tasks in state States.running_ended: 0
1668001637.605339 2022-11-09 10:47:17 MainProcess-51231 MainThread-140365090514752 parsl.dataflow.dflow:981 log_task_states INFO: End of summary
1668001637.605568 2022-11-09 10:47:17 MainProcess-51231 MainThread-140365090514752 parsl.dataflow.dflow:1097 cleanup INFO: Closing flowcontrol
1668001637.606001 2022-11-09 10:47:17 MainProcess-51231 MainThread-140365090514752 parsl.dataflow.dflow:1099 cleanup INFO: Terminated flow control
1668001637.606353 2022-11-09 10:47:17 MainProcess-51231 MainThread-140365090514752 parsl.dataflow.dflow:1101 cleanup INFO: Scaling in and shutting down executors
1668001637.606567 2022-11-09 10:47:17 MainProcess-51231 MainThread-140365090514752 parsl.dataflow.dflow:1116 cleanup INFO: Shutting down executor threads
1668001637.606763 2022-11-09 10:47:17 MainProcess-51231 MainThread-140365090514752 parsl.executors.threads:105 shutdown DEBUG: Shutting down executor, which involves waiting for running tasks to complete
1668001637.606974 2022-11-09 10:47:17 MainProcess-51231 MainThread-140365090514752 parsl.executors.threads:107 shutdown DEBUG: Done with executor shutdown
1668001637.607138 2022-11-09 10:47:17 MainProcess-51231 MainThread-140365090514752 parsl.dataflow.dflow:1118 cleanup INFO: Shut down executor threads
1668001637.607306 2022-11-09 10:47:17 MainProcess-51231 MainThread-140365090514752 parsl.dataflow.dflow:1116 cleanup INFO: Shutting down executor _parsl_internal
1668001637.607432 2022-11-09 10:47:17 MainProcess-51231 MainThread-140365090514752 parsl.executors.threads:105 shutdown DEBUG: Shutting down executor, which involves waiting for running tasks to complete
1668001637.607605 2022-11-09 10:47:17 MainProcess-51231 MainThread-140365090514752 parsl.executors.threads:107 shutdown DEBUG: Done with executor shutdown
1668001637.607765 2022-11-09 10:47:17 MainProcess-51231 MainThread-140365090514752 parsl.dataflow.dflow:1118 cleanup INFO: Shut down executor _parsl_internal
1668001637.607925 2022-11-09 10:47:17 MainProcess-51231 MainThread-140365090514752 parsl.dataflow.dflow:1124 cleanup INFO: Terminated executors
1668001637.608091 2022-11-09 10:47:17 MainProcess-51231 MainThread-140365090514752 parsl.dataflow.dflow:1141 cleanup INFO: DFK cleanup complete
1668001637.608280 2022-11-09 10:47:17 MainProcess-51231 MainThread-140365090514752 parsl.process_loggers:28 wrapped DEBUG: Normal ending for cleanup on thread MainThread
