 
 
                                    G R A S P 9 - S E
                                    =================
 
  Student edition of General multi-reflector analysis program
 
 GRASP-SE version 10.3.0 (Linux amd64/em64t 64-bit)
 
 
 GRASP-SE found  20 CPU cores
 (Student edition limited to 1 CPU core)
 
  Reading tor-file: bingo.tor
 
 
  *** Object name:  dual_main_reflector
  *** Class name :  reflector
  *** Message    :  Object created
 
 
 
  *** Object name:  dual_main_reflector
  *** Class name :  reflector
  *** Message    :  New values in object
 
  Coordinate system: dual_global_coor
  Surface: dual_main_surface
  Rim: dual_main_rim
 
 
  *** Object name:  dual_global_coor
  *** Class name :  coor_sys
  *** Message    :  Object created
 
 
 
  *** Object name:  dual_global_coor
  *** Class name :  coor_sys
  *** Message    :  New values in object
 
  Z_axis :     0.000000    0.000000    1.000000
 
 
  *** Object name:  dual_main_surface
  *** Class name :  paraboloid
  *** Message    :  Object created
 
 
 
  *** Object name:  dual_main_surface
  *** Class name :  paraboloid
  *** Message    :  New values in object
 
 
  Focal length     :    140.000 m
   and in SI units :    140.000 meter
 
 
  *** Object name:  dual_main_rim
  *** Class name :  elliptical_rim
  *** Message    :  Object created
 
 
 
  *** Object name:  dual_main_rim
  *** Class name :  elliptical_rim
  *** Message    :  Definition of elliptical_rim
 
  The rim centre is placed at
    x :   -226.541 m
    y :    0.00000 m
  and in SI units
    x :   -226.541     meter
    y :    0.00000     meter
 
  The half axes of the ellipse are defined by
    in x-direction :    20.0000 m
    in y-direction :    20.0000 m
  and in SI units
    in x-direction :    20.0000     meter
    in y-direction :    20.0000     meter
 
  The rim limits in radii are
    minimum :    20.0000     meter
    maximum :    20.0000     meter
 
  The rim limits in x direction are
    minimum :   -246.541     meter
    maximum :   -206.541     meter
 
  The rim limits in y direction are
    minimum :   -20.0000     meter
    maximum :    20.0000     meter
 
 
  *** Object name:  dual_sub_reflector
  *** Class name :  reflector
  *** Message    :  Object created
 
 
 
  *** Object name:  dual_sub_reflector
  *** Class name :  reflector
  *** Message    :  New values in object
 
  Coordinate system: dual_sub_coor
  Surface: dual_sub_surface
  Rim: dual_sub_rim
 
 
  *** Object name:  dual_sub_surface
  *** Class name :  hyperboloid
  *** Message    :  Object created
 
 
 
  *** Object name:  dual_sub_surface
  *** Class name :  hyperboloid
  *** Message    :  New values in object
 
 
  Distance between the vertices, 2a :   -148.235 m
   and in SI units                  :   -148.235 meter
 
  Distance between the foci, 2c     :    252.000 m
   and in SI units                  :    252.000 meter
 
    giving the eccentricity         :   -1.70000
 
 
  *** Object name:  dual_sub_rim
  *** Class name :  elliptical_rim
  *** Message    :  Object created
 
 
 
  *** Object name:  dual_sub_rim
  *** Class name :  elliptical_rim
  *** Message    :  Definition of elliptical_rim
 
  The rim centre is placed at
    x :    26.2883 m
    y :    0.00000 m
  and in SI units
    x :    26.2883     meter
    y :    0.00000     meter
 
  The half axes of the ellipse are defined by
    in x-direction :    18.3404 m
    in y-direction :    17.7753 m
  and in SI units
    in x-direction :    18.3404     meter
    in y-direction :    17.7753     meter
 
  The rim limits in radii are
    minimum :    17.7753     meter
    maximum :    18.3404     meter
 
  The rim limits in x direction are
    minimum :    7.94790     meter
    maximum :    44.6287     meter
 
  The rim limits in y direction are
    minimum :   -17.7753     meter
    maximum :    17.7753     meter
 
 
  *** Object name:  dual_feed
  *** Class name :  gaussian_beam_pattern
  *** Message    :  Object created
 
 
 
  *** Object name:  dual_feed
  *** Class name :  gaussian_beam_pattern
  *** Message    :  Object created
 
 
 
  *** Object name:  dual_feed
  *** Class name :  gaussian_beam_pattern
  *** Message    :  New values in object
 
  Frequency : dual_frequencies
  Coor_sys : corneta_coor
 
 
  *** Object name:  dual_feed
  *** Class name :  gaussian_beam_pattern
  *** Message    :  Definition of common feed attributes
 
 
 
  *** Object name:  dual_feed
  *** Class name :  gaussian_beam_pattern
  *** Message    :  Definition of gaussian feed
 
 
  Taper angle :   17.9809 degrees
 
  Taper compared to on-axis level :  -20.0000 dB
 
  The imaginary displacement along the negative z-axis
    is   7.42280 wavelengths
 
 
  *** Object name:  dual_frequencies
  *** Class name :  frequency
  *** Message    :  Object created
 
 
 
  *** Object name:  dual_frequencies
  *** Class name :  frequency
  *** Message    :  New values in object
 
  Frequency No.    1  :   0.110000E+01 GHz
 
 
  *** Object name:  dual_feed_coor
  *** Class name :  coor_sys
  *** Message    :  Object created
 
 
 
  *** Object name:  dual_feed_coor
  *** Class name :  coor_sys
  *** Message    :  New values in object
 
  Origin :  -0.244996E+02 m     0.000000E+00 m     0.263920E+02 m
  Base name : dual_cut_coor
  X_axis :    -0.370197    0.000000   -0.928953
  Y_axis :     0.000000    1.000000    0.000000
  Z_axis :     0.928953    0.000000   -0.370197
 
 
  *** Object name:  dual_cut
  *** Class name :  spherical_cut
  *** Message    :  Object created
 
 
 
  *** Object name:  dual_cut
  *** Class name :  spherical_cut
  *** Message    :  New values in object
 
  File name : bingo.cut
  Coor_sys : dual_cut_coor
  Theta range : start  -5.00000    end  95.00000    points  3001
  Phi range : start   0.00000    end   0.00000    points     1
 
 
  *** Object name:  dual_cut_coor
  *** Class name :  coor_sys
  *** Message    :  Object created
 
 
 
  *** Object name:  dual_cut_coor
  *** Class name :  coor_sys
  *** Message    :  New values in object
 
  Origin :  -0.226541E+03 m     0.000000E+00 m     0.916447E+02 m
  Base name : dual_global_coor
  Z_axis :     0.000000    0.000000    1.000000
 
 
  *** Object name:  dual_main_po
  *** Class name :  po_single_face_scatterer
  *** Message    :  Object created
 
 
 
  *** Object name:  dual_main_po
  *** Class name :  po_single_face_scatterer
  *** Message    :  New values in object
 
  Frequency : dual_frequencies
  Scatterer : dual_main_reflector
 
 
  *** Object name:  dual_sub_po
  *** Class name :  po_single_face_scatterer
  *** Message    :  Object created
 
 
 
  *** Object name:  dual_sub_po
  *** Class name :  po_single_face_scatterer
  *** Message    :  New values in object
 
  Frequency : dual_frequencies
  Scatterer : dual_sub_reflector
 
 
  *** Object name:  spherical_grid
  *** Class name :  spherical_grid
  *** Message    :  Object created
 
 
 
  *** Object name:  spherical_grid
  *** Class name :  spherical_grid
  *** Message    :  New values in object
 
  File name :
  Coor_sys : dual_cut_coor
  X range : start  -0.20000    end   0.20000    points   151
  Y range : start  -0.20000    end   0.20000    points   151
 
 
  *** Object name:  corneta_coor
  *** Class name :  coor_sys
  *** Message    :  Object created
 
 
 
  *** Object name:  corneta_coor
  *** Class name :  coor_sys
  *** Message    :  New values in object
 
  Origin :   0.000000E+00 cm    0.000000E+00 m     0.000000E+00 m
  Base name : dual_feed_coor
  X_axis :     1.000000    0.000000    0.000000
  Y_axis :     0.000000    1.000000    0.000000
  Z_axis :     0.000000    0.000000    1.000000
 
 
  *** Object name:  dual_sub_coor
  *** Class name :  coor_sys
  *** Message    :  Object created
 
 
 
  *** Object name:  dual_sub_coor
  *** Class name :  coor_sys
  *** Message    :  New values in object
 
  Origin :   0.226541E+03 m     0.000000E+00 m     0.483893E+02 m
  Base name : dual_cut_coor
  X_axis :     0.087156    0.000000   -0.996195
  Y_axis :     0.000000   -1.000000    0.000000
  Z_axis :    -0.996195    0.000000   -0.087156
 Program started at 16:07:34 on 14 November 2022
 
 
 ----- TASK No. 1 -----     Started at 16:07:34 on November 14, 2022
 dual_sub_po get_currents ( source : sequence(ref(dual_feed)))
 
 
  *** Object name:  dual_sub_po
  *** Class name :  po_single_face_scatterer
  *** Message    :  Get_currents message received
 
  Source : dual_feed
 
 
  *** Object name:  dual_sub_po
  *** Class name :  po_single_face_scatterer
  *** Message    :  Initialization
 
 
  Auto-convergence with desired accuracy of -80.00 dB.
 
  Face 1:
  Max. values: po1/po2 = 4410/10600
 
 PO convergence
  Test-grid  Ref-grid    Freq  Beam  Grid       P_max   P_level  Accuracy
    po1/po2   po1/po2                           [dBi]     [dBi]      [dB]
      20/10     10/10       1     1     1      -18.60    -18.60      1.84
      20/10     10/10       1     1     2       41.73     41.73     -0.46
      20/10     10/10       1     1     3       24.76     24.76      2.34
      40/10     20/10       1     1     1      -17.44    -17.44      2.37
      40/10     20/10       1     1     2       36.63     36.63      0.58
      40/10     20/10       1     1     3       22.58     22.58      3.47
      80/10     40/10       1     1     1      -20.93    -20.93      1.02
      80/10     40/10       1     1     2       33.37     33.37      4.35
      80/10     40/10       1     1     3       23.17     23.17      1.63
     160/10     80/10       1     1     1      -27.77    -27.77     -2.49
     160/10     80/10       1     1     2       31.44     31.44     -1.09
     160/10     80/10       1     1     3       12.69     12.69     -0.06
     320/10    160/10       1     1     1      -27.82    -27.82   -235.65  *
     320/10    160/10       1     1     2       27.98     27.98    -67.73
     320/10    160/10       1     1     3        1.78      1.78    -41.53
     640/10    320/10       1     1     2       27.98     27.98   -223.05  *
     640/10    320/10       1     1     3        1.79      1.79   -204.62  *
     240/10    640/10       1     1     2       27.98     27.98   -221.77  *
     240/10    640/10       1     1     3        1.79      1.79   -203.16  *
     200/10    640/10       1     1     2       27.98     27.98   -221.48  *
     200/10    640/10       1     1     3        1.79      1.79   -203.10  *
     180/10    640/10       1     1     2       27.98     27.98   -221.38  *
     180/10    640/10       1     1     3        1.79      1.79   -202.58  *
     170/10    640/10       1     1     2       27.98     27.98   -140.85  *
     170/10    640/10       1     1     3        1.79      1.79   -114.93  *
     165/10    640/10       1     1     2       27.98     27.98   -101.28  *
     165/10    640/10       1     1     3        1.79      1.79    -75.14
 
 PO convergence
  Test-grid  Ref-grid    Freq  Beam  Grid       P_max   P_level  Accuracy
    po1/po2   po1/po2                           [dBi]     [dBi]      [dB]
      10/20     10/10       1     1     1      -18.60    -18.60      2.83
      10/20     10/10       1     1     2       41.73     41.73      2.88
      10/20     10/10       1     1     3       24.76     24.76      1.88
      10/40     10/20       1     1     1      -17.90    -17.90      0.74
      10/40     10/20       1     1     2       39.19     39.19      0.11
      10/40     10/20       1     1     3       23.89     23.89      3.78
      10/80     10/40       1     1     1      -21.74    -21.74     -1.66
      10/80     10/40       1     1     2       37.10     37.10     -0.50
      10/80     10/40       1     1     3       20.37     20.37      3.62
     10/160     10/80       1     1     1      -21.74    -21.74     -0.15
     10/160     10/80       1     1     2       32.29     32.29      0.24
     10/160     10/80       1     1     3       16.44     16.44      2.97
     10/320    10/160       1     1     1      -21.74    -21.74     -9.92
     10/320    10/160       1     1     2       32.09     32.09     -3.05
     10/320    10/160       1     1     3       16.09     16.09     -1.32
     10/640    10/320       1     1     1      -21.74    -21.74    -29.69
     10/640    10/320       1     1     2       24.55     27.98     -4.68
     10/640    10/320       1     1     3       12.75     12.75     -2.46
    10/1280    10/640       1     1     1      -21.74    -21.74   -252.51  *
    10/1280    10/640       1     1     2       23.47     27.98   -250.90  *
    10/1280    10/640       1     1     3        8.64      8.64   -240.92  *
     10/480   10/1280       1     1     1      -21.74    -21.74   -253.56  *
     10/480   10/1280       1     1     2       23.47     27.98    -18.58
     10/480   10/1280       1     1     3        8.64      8.64     -7.88
     10/560   10/1280       1     1     2       23.47     27.98    -95.32  *
     10/560   10/1280       1     1     3        8.64      8.64    -77.08
     10/600   10/1280       1     1     3        8.64      8.64   -232.74  *
     10/580   10/1280       1     1     1      -21.74    -21.74   -249.62  *
     10/580   10/1280       1     1     2       23.47     27.98   -164.98  *
     10/580   10/1280       1     1     3        8.64      8.64   -145.83  *
     10/570   10/1280       1     1     1      -21.74    -21.74   -252.84  *
     10/570   10/1280       1     1     2       23.47     27.98   -129.26  *
     10/570   10/1280       1     1     3        8.64      8.64   -109.55  *
  PO1 =  170  PO2 =  570  Face =    1, Final PO-values from auto-convergence
 
  Edge 1:
  Max. value: ptd = 10600
 
 PO convergence
  Test-grid  Ref-grid    Freq  Beam  Grid       P_max   P_level  Accuracy
        ptd       ptd                           [dBi]     [dBi]      [dB]
         20        10       1     1     1      -73.57    -21.74    -51.12
         20        10       1     1     2      -18.93     27.98    -47.80
         20        10       1     1     3      -17.93      8.64    -26.84
         40        20       1     1     1      -73.78    -21.74    -56.75
         40        20       1     1     2      -20.03     27.98    -52.40
         40        20       1     1     3      -21.70      8.64    -32.37
         80        40       1     1     1      -73.78    -21.74    -55.70
         80        40       1     1     2      -21.02     27.98    -51.66
         80        40       1     1     3      -23.02      8.64    -36.42
        160        80       1     1     1      -73.78    -21.74    -57.75
        160        80       1     1     2      -26.21     27.98    -57.67
        160        80       1     1     3      -29.82      8.64    -38.94
        320       160       1     1     1      -73.78    -21.74    -65.04
        320       160       1     1     2      -29.73     27.98    -59.06
        320       160       1     1     3      -30.83      8.64    -40.86
        640       320       1     1     1      -73.78    -21.74    -65.32
        640       320       1     1     2      -32.71     27.98    -61.65
        640       320       1     1     3      -34.52      8.64    -43.96
       1280       640       1     1     1      -73.78    -21.74   -314.27  *
       1280       640       1     1     2      -36.21     27.98   -160.34  *
       1280       640       1     1     3      -43.01      8.64    -89.01  *
        480      1280       1     1     1      -73.78    -21.74   -310.59  *
        480      1280       1     1     2      -36.21     27.98    -63.89
        480      1280       1     1     3      -43.01      8.64    -44.77
        560      1280       1     1     2      -36.21     27.98   -104.37  *
        560      1280       1     1     3      -43.01      8.64    -84.61  *
        520      1280       1     1     1      -73.78    -21.74   -311.42  *
        520      1280       1     1     2      -36.21     27.98    -68.90
        520      1280       1     1     3      -43.01      8.64    -48.39
        540      1280       1     1     2      -36.21     27.98    -74.22
        540      1280       1     1     3      -43.01      8.64    -58.05
        550      1280       1     1     2      -36.21     27.98    -84.25  *
        550      1280       1     1     3      -43.01      8.64    -66.58
  PTD =  560              Edge =    1, Final PTD-value from auto-convergence.
 
  Relative power hitting scatterer:    0.989973
  Spill-over:     0.0438 dB
 
 ----- TASK No. 2 -----     Started at 16:07:36 on November 14, 2022
 dual_main_po get_currents ( source : sequence(ref(dual_sub_po)))
 
 
  *** Object name:  dual_main_po
  *** Class name :  po_single_face_scatterer
  *** Message    :  Get_currents message received
 
  Source : dual_sub_po
 
 
  *** Object name:  dual_main_po
  *** Class name :  po_single_face_scatterer
  *** Message    :  Initialization
 
 
  Auto-convergence with desired accuracy of -80.00 dB.
 
  Face 1:
  Max. values: po1/po2 = 4890/11740
 
  Name of currents file: tmp_0000
 
  Control values found in the file:
    No. of frequencies: 1
    No. of beams      : 1
    No. of faces      : 1
    No. of edges      : 1
    No. of gaps       : 0
 
  Frequency number  1 :   1.100 GHz
 
    Face No.      PO1       PO2     Partitions
          1       170       570         7
 
    Edge No.     PTD1
          1       560
 
 
 PO convergence
  Test-grid  Ref-grid    Freq  Beam  Grid       P_max   P_level  Accuracy
    po1/po2   po1/po2                           [dBi]     [dBi]      [dB]
      20/10     10/10       1     1     1      -16.58    -16.58      1.98
      20/10     10/10       1     1     2       42.83     42.83      2.64
      20/10     10/10       1     1     3       51.67     51.67     -7.16
      40/10     20/10       1     1     1      -20.41    -20.41      2.38
      40/10     20/10       1     1     2       37.59     37.59      3.99
      40/10     20/10       1     1     3       51.63     51.63    -10.74
      80/10     40/10       1     1     1      -21.91    -21.91      1.92
      80/10     40/10       1     1     2       39.64     39.64     -1.23
      80/10     40/10       1     1     3       51.62     51.62    -55.55
     160/10     80/10       1     1     1      -24.21    -24.21      1.31
     160/10     80/10       1     1     2       35.89     35.89      1.61
     160/10     80/10       1     1     3       51.63     51.63    -66.28
     320/10    160/10       1     1     1      -27.53    -27.53     -1.96
     320/10    160/10       1     1     2       35.92     35.92     -5.35
     320/10    160/10       1     1     3       51.63     51.63   -218.66  *
     640/10    320/10       1     1     1      -31.55    -31.55   -167.71  *
     640/10    320/10       1     1     2       35.92     35.92   -229.35  *
     240/10    640/10       1     1     1      -31.55    -31.55    -14.46
     240/10    640/10       1     1     2       35.92     35.92    -53.98
     280/10    640/10       1     1     1      -31.55    -31.55    -47.06
     280/10    640/10       1     1     2       35.92     35.92    -89.70  *
     300/10    640/10       1     1     1      -31.55    -31.55    -73.28
     310/10    640/10       1     1     1      -31.55    -31.55   -110.45  *
     305/10    640/10       1     1     1      -31.55    -31.55    -88.88  *
     305/10    640/10       1     1     2       35.92     35.92   -229.00  *
 
 PO convergence
  Test-grid  Ref-grid    Freq  Beam  Grid       P_max   P_level  Accuracy
    po1/po2   po1/po2                           [dBi]     [dBi]      [dB]
      10/20     10/10       1     1     1      -16.58    -16.58      3.09
      10/20     10/10       1     1     2       42.83     42.83      1.02
      10/20     10/10       1     1     3       51.67     51.67     -9.15
      10/40     10/20       1     1     1      -15.46    -15.46     -0.42
      10/40     10/20       1     1     2       41.84     41.84      1.64
      10/40     10/20       1     1     3       51.64     51.64    -12.75
      10/80     10/40       1     1     1      -19.13    -19.13     -0.68
      10/80     10/40       1     1     2       39.27     39.27      1.41
      10/80     10/40       1     1     3       51.65     51.65    -13.00
     10/160     10/80       1     1     1      -23.44    -23.44      1.84
     10/160     10/80       1     1     2       34.23     35.92     -0.44
     10/160     10/80       1     1     3       51.65     51.65    -25.63
     10/320    10/160       1     1     1      -23.83    -23.83     -0.54
     10/320    10/160       1     1     2       32.24     35.92     -4.25
     10/320    10/160       1     1     3       51.65     51.65    -84.51  *
     10/640    10/320       1     1     1      -29.55    -29.55      0.20
     10/640    10/320       1     1     2       30.05     35.92     -7.99
    10/1280    10/640       1     1     1      -34.38    -31.55     -8.34
    10/1280    10/640       1     1     2       30.05     35.92    -18.09
    10/2560   10/1280       1     1     1      -35.70    -31.55   -252.90  *
    10/2560   10/1280       1     1     2       30.05     35.92   -258.61  *
     10/960   10/2560       1     1     1      -35.70    -31.55   -148.78  *
     10/960   10/2560       1     1     2       30.05     35.92   -259.81  *
     10/800   10/2560       1     1     1      -35.70    -31.55    -15.67
     10/800   10/2560       1     1     2       30.05     35.92    -35.12
     10/880   10/2560       1     1     1      -35.70    -31.55    -26.81
     10/880   10/2560       1     1     2       30.05     35.92    -76.27
     10/920   10/2560       1     1     1      -35.70    -31.55    -52.92
     10/920   10/2560       1     1     2       30.05     35.92   -183.51  *
     10/940   10/2560       1     1     1      -35.70    -31.55    -92.86  *
  PO1 =  305  PO2 =  940  Face =    1, Final PO-values from auto-convergence
 
  Edge 1:
  Max. value: ptd = 11740
 
 PO convergence
  Test-grid  Ref-grid    Freq  Beam  Grid       P_max   P_level  Accuracy
        ptd       ptd                           [dBi]     [dBi]      [dB]
         20        10       1     1     1      -78.14    -31.55    -50.34
         20        10       1     1     2      -21.21     35.92    -59.06
         20        10       1     1     3      -21.71     51.65    -77.49
         40        20       1     1     1      -80.29    -31.55    -51.62
         40        20       1     1     2      -23.94     35.92    -59.63
         40        20       1     1     3      -24.67     51.65    -77.37
         80        40       1     1     1      -84.50    -31.55    -56.40
         80        40       1     1     2      -26.29     35.92    -65.45
         80        40       1     1     3      -27.47     51.65    -79.22
        160        80       1     1     1      -86.65    -31.55    -56.99
        160        80       1     1     2      -26.59     35.92    -64.12
        160        80       1     1     3      -28.91     51.65    -82.23  *
        320       160       1     1     1      -90.39    -31.55    -60.47
        320       160       1     1     2      -28.31     35.92    -70.40
        320       160       1     1     3      -34.78     51.65   -115.58  *
        640       320       1     1     1      -92.58    -31.55    -66.55
        640       320       1     1     2      -28.32     35.92    -74.54
       1280       640       1     1     1      -91.93    -31.55    -61.56
       1280       640       1     1     2      -28.32     35.92    -79.37
       2560      1280       1     1     1     -102.79    -31.55   -287.40  *
       2560      1280       1     1     2      -28.32     35.92   -269.93  *
        960      2560       1     1     1     -102.79    -31.55   -122.08  *
        960      2560       1     1     2      -28.32     35.92   -139.40  *
        800      2560       1     1     1     -102.79    -31.55    -64.06
        800      2560       1     1     2      -28.32     35.92    -74.79
        880      2560       1     1     1     -102.79    -31.55    -70.49
        880      2560       1     1     2      -28.32     35.92    -97.67  *
        920      2560       1     1     1     -102.79    -31.55    -79.29
        940      2560       1     1     1     -102.79    -31.55   -111.70  *
  PTD =  940              Edge =    1, Final PTD-value from auto-convergence.
 
  Relative power hitting scatterer:    0.988348
  Spill-over:     0.0509 dB
 
 ----- TASK No. 3 -----     Started at 16:26:06 on November 14, 2022
 dual_cut get_field ( source : sequence(ref(dual_main_po)))
 
 
  *** Object name:  dual_cut
  *** Class name :  spherical_cut
  *** Message    :  Get_field message received
 
  Source : dual_main_po
 
  Name of currents file: tmp_0001
 
  Control values found in the file:
    No. of frequencies: 1
    No. of beams      : 1
    No. of faces      : 1
    No. of edges      : 1
    No. of gaps       : 0
 
  Frequency number  1 :   1.100 GHz
 
    Face No.      PO1       PO2     Partitions
          1       305       940        19
 
    Edge No.     PTD1
          1       940
 
 
 
  *** Object name:  dual_cut
  *** Class name :  spherical_cut
  *** Message    :  Field calculated
 
  Frequency No. :     1
  Beam No. :     1
 
 ----- TASK No. 4 -----     Started at 16:26:12 on November 14, 2022
 dual_cut add_field ( source : sequence(ref(dual_sub_po), ref(dual_feed)))
 
 
  *** Object name:  dual_cut
  *** Class name :  spherical_cut
  *** Message    :  Add_field message received
 
  Source : dual_sub_po
  Source : dual_feed
 
  Name of currents file: tmp_0000
 
  Control values found in the file:
    No. of frequencies: 1
    No. of beams      : 1
    No. of faces      : 1
    No. of edges      : 1
    No. of gaps       : 0
 
  Frequency number  1 :   1.100 GHz
 
    Face No.      PO1       PO2     Partitions
          1       170       570         7
 
    Edge No.     PTD1
          1       560
 
 
 
  *** Object name:  dual_cut
  *** Class name :  spherical_cut
  *** Message    :  Field calculated
 
  Frequency No. :     1
  Beam No. :     1
 
 
  *** Object name:  dual_cut
  *** Class name :  spherical_cut
  *** Message    :  Field calculated
 
  Frequency No. :     1
  Beam No. :     1
 
 ----- END OF TASKS -----     Completed at 16:26:14 on November 14, 2022
 Total time was 18:40 min
 Program stopped at 16:26:14 on 14 November 2022
 
