1668008836.255044 2022-11-09 12:47:16 MainProcess-63721 MainThread-140673455793984 parsl.dataflow.dflow:87 __init__ INFO: Starting DataFlowKernel with config
Config(
    app_cache=True, 
    checkpoint_files=None, 
    checkpoint_mode=None, 
    checkpoint_period=None, 
    executors=[ThreadPoolExecutor(
        label='threads', 
        managed=True, 
        max_threads=2, 
        storage_access=None, 
        thread_name_prefix='', 
        working_dir=None
    )], 
    garbage_collect=True, 
    initialize_logging=True, 
    internal_tasks_max_threads=10, 
    max_idletime=120.0, 
    monitoring=None, 
    retries=0, 
    retry_handler=None, 
    run_dir='runinfo', 
    strategy='simple', 
    usage_tracking=False
)
1668008836.255518 2022-11-09 12:47:16 MainProcess-63721 MainThread-140673455793984 parsl.dataflow.dflow:89 __init__ INFO: Parsl version: 2022.11.07
1668008836.255788 2022-11-09 12:47:16 MainProcess-63721 MainThread-140673455793984 parsl.dataflow.usage_tracking.usage:129 __init__ DEBUG: Tracking status: False
1668008836.256176 2022-11-09 12:47:16 MainProcess-63721 MainThread-140673455793984 parsl.dataflow.dflow:115 __init__ INFO: Run id is: 2a902bb8-e60c-4185-95d6-15a6e6c52846
1668008836.665341 2022-11-09 12:47:16 MainProcess-63721 MainThread-140673455793984 parsl.dataflow.dflow:122 __init__ DEBUG: Considering candidate for workflow name: /opt/miniconda3/envs/uirapuru/lib/python3.8/site-packages/parsl/dataflow/dflow.py
1668008836.665560 2022-11-09 12:47:16 MainProcess-63721 MainThread-140673455793984 parsl.dataflow.dflow:122 __init__ DEBUG: Considering candidate for workflow name: /opt/miniconda3/envs/uirapuru/lib/python3.8/site-packages/parsl/dataflow/dflow.py
1668008836.665717 2022-11-09 12:47:16 MainProcess-63721 MainThread-140673455793984 parsl.dataflow.dflow:122 __init__ DEBUG: Considering candidate for workflow name: /opt/miniconda3/envs/uirapuru/lib/python3.8/site-packages/typeguard/__init__.py
1668008836.665867 2022-11-09 12:47:16 MainProcess-63721 MainThread-140673455793984 parsl.dataflow.dflow:122 __init__ DEBUG: Considering candidate for workflow name: /tmp/ipykernel_63721/562115998.py
1668008836.666018 2022-11-09 12:47:16 MainProcess-63721 MainThread-140673455793984 parsl.dataflow.dflow:128 __init__ DEBUG: Using 562115998.py as workflow name
1668008836.666482 2022-11-09 12:47:16 MainProcess-63721 MainThread-140673455793984 parsl.dataflow.memoization:174 __init__ INFO: App caching initialized
1668008836.666681 2022-11-09 12:47:16 MainProcess-63721 MainThread-140673455793984 parsl.dataflow.strategy:127 __init__ DEBUG: Scaling strategy: simple
1668008837.667163 2022-11-09 12:47:17 MainProcess-63721 FlowControl-Thread-140671576241728 parsl.dataflow.strategy:166 _general_strategy DEBUG: general strategy starting with strategy_type simple for 0 executors
1668008837.667378 2022-11-09 12:47:17 MainProcess-63721 FlowControl-Thread-140671576241728 parsl.process_loggers:28 wrapped DEBUG: Normal ending for _general_strategy on thread FlowControl-Thread
1668008842.667387 2022-11-09 12:47:22 MainProcess-63721 FlowControl-Thread-140671576241728 parsl.dataflow.strategy:166 _general_strategy DEBUG: general strategy starting with strategy_type simple for 0 executors
1668008842.667576 2022-11-09 12:47:22 MainProcess-63721 FlowControl-Thread-140671576241728 parsl.process_loggers:28 wrapped DEBUG: Normal ending for _general_strategy on thread FlowControl-Thread
1668008847.667626 2022-11-09 12:47:27 MainProcess-63721 FlowControl-Thread-140671576241728 parsl.dataflow.strategy:166 _general_strategy DEBUG: general strategy starting with strategy_type simple for 0 executors
1668008847.667878 2022-11-09 12:47:27 MainProcess-63721 FlowControl-Thread-140671576241728 parsl.process_loggers:28 wrapped DEBUG: Normal ending for _general_strategy on thread FlowControl-Thread
1668008852.667889 2022-11-09 12:47:32 MainProcess-63721 FlowControl-Thread-140671576241728 parsl.dataflow.strategy:166 _general_strategy DEBUG: general strategy starting with strategy_type simple for 0 executors
1668008852.668153 2022-11-09 12:47:32 MainProcess-63721 FlowControl-Thread-140671576241728 parsl.process_loggers:28 wrapped DEBUG: Normal ending for _general_strategy on thread FlowControl-Thread
1668008857.668143 2022-11-09 12:47:37 MainProcess-63721 FlowControl-Thread-140671576241728 parsl.dataflow.strategy:166 _general_strategy DEBUG: general strategy starting with strategy_type simple for 0 executors
1668008857.668435 2022-11-09 12:47:37 MainProcess-63721 FlowControl-Thread-140671576241728 parsl.process_loggers:28 wrapped DEBUG: Normal ending for _general_strategy on thread FlowControl-Thread
1668008862.668431 2022-11-09 12:47:42 MainProcess-63721 FlowControl-Thread-140671576241728 parsl.dataflow.strategy:166 _general_strategy DEBUG: general strategy starting with strategy_type simple for 0 executors
1668008862.668679 2022-11-09 12:47:42 MainProcess-63721 FlowControl-Thread-140671576241728 parsl.process_loggers:28 wrapped DEBUG: Normal ending for _general_strategy on thread FlowControl-Thread
1668008867.668702 2022-11-09 12:47:47 MainProcess-63721 FlowControl-Thread-140671576241728 parsl.dataflow.strategy:166 _general_strategy DEBUG: general strategy starting with strategy_type simple for 0 executors
1668008867.668970 2022-11-09 12:47:47 MainProcess-63721 FlowControl-Thread-140671576241728 parsl.process_loggers:28 wrapped DEBUG: Normal ending for _general_strategy on thread FlowControl-Thread
1668008872.668933 2022-11-09 12:47:52 MainProcess-63721 FlowControl-Thread-140671576241728 parsl.dataflow.strategy:166 _general_strategy DEBUG: general strategy starting with strategy_type simple for 0 executors
1668008872.669193 2022-11-09 12:47:52 MainProcess-63721 FlowControl-Thread-140671576241728 parsl.process_loggers:28 wrapped DEBUG: Normal ending for _general_strategy on thread FlowControl-Thread
1668008877.669183 2022-11-09 12:47:57 MainProcess-63721 FlowControl-Thread-140671576241728 parsl.dataflow.strategy:166 _general_strategy DEBUG: general strategy starting with strategy_type simple for 0 executors
1668008877.669443 2022-11-09 12:47:57 MainProcess-63721 FlowControl-Thread-140671576241728 parsl.process_loggers:28 wrapped DEBUG: Normal ending for _general_strategy on thread FlowControl-Thread
1668008882.669408 2022-11-09 12:48:02 MainProcess-63721 FlowControl-Thread-140671576241728 parsl.dataflow.strategy:166 _general_strategy DEBUG: general strategy starting with strategy_type simple for 0 executors
1668008882.669655 2022-11-09 12:48:02 MainProcess-63721 FlowControl-Thread-140671576241728 parsl.process_loggers:28 wrapped DEBUG: Normal ending for _general_strategy on thread FlowControl-Thread
1668008887.669641 2022-11-09 12:48:07 MainProcess-63721 FlowControl-Thread-140671576241728 parsl.dataflow.strategy:166 _general_strategy DEBUG: general strategy starting with strategy_type simple for 0 executors
1668008887.669897 2022-11-09 12:48:07 MainProcess-63721 FlowControl-Thread-140671576241728 parsl.process_loggers:28 wrapped DEBUG: Normal ending for _general_strategy on thread FlowControl-Thread
1668008892.669862 2022-11-09 12:48:12 MainProcess-63721 FlowControl-Thread-140671576241728 parsl.dataflow.strategy:166 _general_strategy DEBUG: general strategy starting with strategy_type simple for 0 executors
1668008892.670109 2022-11-09 12:48:12 MainProcess-63721 FlowControl-Thread-140671576241728 parsl.process_loggers:28 wrapped DEBUG: Normal ending for _general_strategy on thread FlowControl-Thread
1668008897.670076 2022-11-09 12:48:17 MainProcess-63721 FlowControl-Thread-140671576241728 parsl.dataflow.strategy:166 _general_strategy DEBUG: general strategy starting with strategy_type simple for 0 executors
1668008897.670321 2022-11-09 12:48:17 MainProcess-63721 FlowControl-Thread-140671576241728 parsl.process_loggers:28 wrapped DEBUG: Normal ending for _general_strategy on thread FlowControl-Thread
1668008902.670358 2022-11-09 12:48:22 MainProcess-63721 FlowControl-Thread-140671576241728 parsl.dataflow.strategy:166 _general_strategy DEBUG: general strategy starting with strategy_type simple for 0 executors
1668008902.670631 2022-11-09 12:48:22 MainProcess-63721 FlowControl-Thread-140671576241728 parsl.process_loggers:28 wrapped DEBUG: Normal ending for _general_strategy on thread FlowControl-Thread
1668008907.670554 2022-11-09 12:48:27 MainProcess-63721 FlowControl-Thread-140671576241728 parsl.dataflow.strategy:166 _general_strategy DEBUG: general strategy starting with strategy_type simple for 0 executors
1668008907.670885 2022-11-09 12:48:27 MainProcess-63721 FlowControl-Thread-140671576241728 parsl.process_loggers:28 wrapped DEBUG: Normal ending for _general_strategy on thread FlowControl-Thread
1668008912.670797 2022-11-09 12:48:32 MainProcess-63721 FlowControl-Thread-140671576241728 parsl.dataflow.strategy:166 _general_strategy DEBUG: general strategy starting with strategy_type simple for 0 executors
1668008912.671039 2022-11-09 12:48:32 MainProcess-63721 FlowControl-Thread-140671576241728 parsl.process_loggers:28 wrapped DEBUG: Normal ending for _general_strategy on thread FlowControl-Thread
1668008917.671058 2022-11-09 12:48:37 MainProcess-63721 FlowControl-Thread-140671576241728 parsl.dataflow.strategy:166 _general_strategy DEBUG: general strategy starting with strategy_type simple for 0 executors
1668008917.671305 2022-11-09 12:48:37 MainProcess-63721 FlowControl-Thread-140671576241728 parsl.process_loggers:28 wrapped DEBUG: Normal ending for _general_strategy on thread FlowControl-Thread
1668008922.671300 2022-11-09 12:48:42 MainProcess-63721 FlowControl-Thread-140671576241728 parsl.dataflow.strategy:166 _general_strategy DEBUG: general strategy starting with strategy_type simple for 0 executors
1668008922.671555 2022-11-09 12:48:42 MainProcess-63721 FlowControl-Thread-140671576241728 parsl.process_loggers:28 wrapped DEBUG: Normal ending for _general_strategy on thread FlowControl-Thread
1668008927.671557 2022-11-09 12:48:47 MainProcess-63721 FlowControl-Thread-140671576241728 parsl.dataflow.strategy:166 _general_strategy DEBUG: general strategy starting with strategy_type simple for 0 executors
1668008927.671806 2022-11-09 12:48:47 MainProcess-63721 FlowControl-Thread-140671576241728 parsl.process_loggers:28 wrapped DEBUG: Normal ending for _general_strategy on thread FlowControl-Thread
1668008932.671815 2022-11-09 12:48:52 MainProcess-63721 FlowControl-Thread-140671576241728 parsl.dataflow.strategy:166 _general_strategy DEBUG: general strategy starting with strategy_type simple for 0 executors
1668008932.672055 2022-11-09 12:48:52 MainProcess-63721 FlowControl-Thread-140671576241728 parsl.process_loggers:28 wrapped DEBUG: Normal ending for _general_strategy on thread FlowControl-Thread
1668008937.672076 2022-11-09 12:48:57 MainProcess-63721 FlowControl-Thread-140671576241728 parsl.dataflow.strategy:166 _general_strategy DEBUG: general strategy starting with strategy_type simple for 0 executors
1668008937.672322 2022-11-09 12:48:57 MainProcess-63721 FlowControl-Thread-140671576241728 parsl.process_loggers:28 wrapped DEBUG: Normal ending for _general_strategy on thread FlowControl-Thread
1668008942.672350 2022-11-09 12:49:02 MainProcess-63721 FlowControl-Thread-140671576241728 parsl.dataflow.strategy:166 _general_strategy DEBUG: general strategy starting with strategy_type simple for 0 executors
1668008942.672590 2022-11-09 12:49:02 MainProcess-63721 FlowControl-Thread-140671576241728 parsl.process_loggers:28 wrapped DEBUG: Normal ending for _general_strategy on thread FlowControl-Thread
1668008947.672465 2022-11-09 12:49:07 MainProcess-63721 FlowControl-Thread-140671576241728 parsl.dataflow.strategy:166 _general_strategy DEBUG: general strategy starting with strategy_type simple for 0 executors
1668008947.672698 2022-11-09 12:49:07 MainProcess-63721 FlowControl-Thread-140671576241728 parsl.process_loggers:28 wrapped DEBUG: Normal ending for _general_strategy on thread FlowControl-Thread
1668008952.672586 2022-11-09 12:49:12 MainProcess-63721 FlowControl-Thread-140671576241728 parsl.dataflow.strategy:166 _general_strategy DEBUG: general strategy starting with strategy_type simple for 0 executors
1668008952.672821 2022-11-09 12:49:12 MainProcess-63721 FlowControl-Thread-140671576241728 parsl.process_loggers:28 wrapped DEBUG: Normal ending for _general_strategy on thread FlowControl-Thread
1668008957.672859 2022-11-09 12:49:17 MainProcess-63721 FlowControl-Thread-140671576241728 parsl.dataflow.strategy:166 _general_strategy DEBUG: general strategy starting with strategy_type simple for 0 executors
1668008957.673100 2022-11-09 12:49:17 MainProcess-63721 FlowControl-Thread-140671576241728 parsl.process_loggers:28 wrapped DEBUG: Normal ending for _general_strategy on thread FlowControl-Thread
1668008962.673103 2022-11-09 12:49:22 MainProcess-63721 FlowControl-Thread-140671576241728 parsl.dataflow.strategy:166 _general_strategy DEBUG: general strategy starting with strategy_type simple for 0 executors
1668008962.673345 2022-11-09 12:49:22 MainProcess-63721 FlowControl-Thread-140671576241728 parsl.process_loggers:28 wrapped DEBUG: Normal ending for _general_strategy on thread FlowControl-Thread
1668008967.673334 2022-11-09 12:49:27 MainProcess-63721 FlowControl-Thread-140671576241728 parsl.dataflow.strategy:166 _general_strategy DEBUG: general strategy starting with strategy_type simple for 0 executors
1668008967.673571 2022-11-09 12:49:27 MainProcess-63721 FlowControl-Thread-140671576241728 parsl.process_loggers:28 wrapped DEBUG: Normal ending for _general_strategy on thread FlowControl-Thread
1668008972.673548 2022-11-09 12:49:32 MainProcess-63721 FlowControl-Thread-140671576241728 parsl.dataflow.strategy:166 _general_strategy DEBUG: general strategy starting with strategy_type simple for 0 executors
1668008972.673798 2022-11-09 12:49:32 MainProcess-63721 FlowControl-Thread-140671576241728 parsl.process_loggers:28 wrapped DEBUG: Normal ending for _general_strategy on thread FlowControl-Thread
1668008977.673815 2022-11-09 12:49:37 MainProcess-63721 FlowControl-Thread-140671576241728 parsl.dataflow.strategy:166 _general_strategy DEBUG: general strategy starting with strategy_type simple for 0 executors
1668008977.674066 2022-11-09 12:49:37 MainProcess-63721 FlowControl-Thread-140671576241728 parsl.process_loggers:28 wrapped DEBUG: Normal ending for _general_strategy on thread FlowControl-Thread
1668008982.674007 2022-11-09 12:49:42 MainProcess-63721 FlowControl-Thread-140671576241728 parsl.dataflow.strategy:166 _general_strategy DEBUG: general strategy starting with strategy_type simple for 0 executors
1668008982.674248 2022-11-09 12:49:42 MainProcess-63721 FlowControl-Thread-140671576241728 parsl.process_loggers:28 wrapped DEBUG: Normal ending for _general_strategy on thread FlowControl-Thread
1668008986.386766 2022-11-09 12:49:46 MainProcess-63721 MainThread-140673455793984 parsl.dataflow.dflow:1037 atexit_cleanup INFO: DFK cleanup because python process is exiting
1668008986.387449 2022-11-09 12:49:46 MainProcess-63721 MainThread-140673455793984 parsl.dataflow.dflow:1073 cleanup INFO: DFK cleanup initiated
1668008986.387628 2022-11-09 12:49:46 MainProcess-63721 MainThread-140673455793984 parsl.dataflow.dflow:975 log_task_states INFO: Summary of tasks in DFK:
1668008986.387809 2022-11-09 12:49:46 MainProcess-63721 MainThread-140673455793984 parsl.dataflow.dflow:979 log_task_states INFO: Tasks in state States.unsched: 0
1668008986.387972 2022-11-09 12:49:46 MainProcess-63721 MainThread-140673455793984 parsl.dataflow.dflow:979 log_task_states INFO: Tasks in state States.pending: 0
1668008986.388214 2022-11-09 12:49:46 MainProcess-63721 MainThread-140673455793984 parsl.dataflow.dflow:979 log_task_states INFO: Tasks in state States.running: 0
1668008986.388457 2022-11-09 12:49:46 MainProcess-63721 MainThread-140673455793984 parsl.dataflow.dflow:979 log_task_states INFO: Tasks in state States.exec_done: 0
1668008986.388702 2022-11-09 12:49:46 MainProcess-63721 MainThread-140673455793984 parsl.dataflow.dflow:979 log_task_states INFO: Tasks in state States.failed: 0
1668008986.390471 2022-11-09 12:49:46 MainProcess-63721 MainThread-140673455793984 parsl.dataflow.dflow:979 log_task_states INFO: Tasks in state States.dep_fail: 0
1668008986.391215 2022-11-09 12:49:46 MainProcess-63721 MainThread-140673455793984 parsl.dataflow.dflow:979 log_task_states INFO: Tasks in state States.launched: 0
1668008986.392136 2022-11-09 12:49:46 MainProcess-63721 MainThread-140673455793984 parsl.dataflow.dflow:979 log_task_states INFO: Tasks in state States.fail_retryable: 0
1668008986.392374 2022-11-09 12:49:46 MainProcess-63721 MainThread-140673455793984 parsl.dataflow.dflow:979 log_task_states INFO: Tasks in state States.memo_done: 0
1668008986.392617 2022-11-09 12:49:46 MainProcess-63721 MainThread-140673455793984 parsl.dataflow.dflow:979 log_task_states INFO: Tasks in state States.joining: 0
1668008986.393039 2022-11-09 12:49:46 MainProcess-63721 MainThread-140673455793984 parsl.dataflow.dflow:979 log_task_states INFO: Tasks in state States.running_ended: 0
1668008986.393953 2022-11-09 12:49:46 MainProcess-63721 MainThread-140673455793984 parsl.dataflow.dflow:981 log_task_states INFO: End of summary
1668008986.394448 2022-11-09 12:49:46 MainProcess-63721 MainThread-140673455793984 parsl.dataflow.dflow:1097 cleanup INFO: Closing flowcontrol
1668008986.394818 2022-11-09 12:49:46 MainProcess-63721 MainThread-140673455793984 parsl.dataflow.dflow:1099 cleanup INFO: Terminated flow control
1668008986.395029 2022-11-09 12:49:46 MainProcess-63721 MainThread-140673455793984 parsl.dataflow.dflow:1101 cleanup INFO: Scaling in and shutting down executors
1668008986.395257 2022-11-09 12:49:46 MainProcess-63721 MainThread-140673455793984 parsl.dataflow.dflow:1116 cleanup INFO: Shutting down executor threads
1668008986.395498 2022-11-09 12:49:46 MainProcess-63721 MainThread-140673455793984 parsl.executors.threads:105 shutdown DEBUG: Shutting down executor, which involves waiting for running tasks to complete
1668008986.395684 2022-11-09 12:49:46 MainProcess-63721 MainThread-140673455793984 parsl.executors.threads:107 shutdown DEBUG: Done with executor shutdown
1668008986.395834 2022-11-09 12:49:46 MainProcess-63721 MainThread-140673455793984 parsl.dataflow.dflow:1118 cleanup INFO: Shut down executor threads
1668008986.395983 2022-11-09 12:49:46 MainProcess-63721 MainThread-140673455793984 parsl.dataflow.dflow:1116 cleanup INFO: Shutting down executor _parsl_internal
1668008986.396128 2022-11-09 12:49:46 MainProcess-63721 MainThread-140673455793984 parsl.executors.threads:105 shutdown DEBUG: Shutting down executor, which involves waiting for running tasks to complete
1668008986.396313 2022-11-09 12:49:46 MainProcess-63721 MainThread-140673455793984 parsl.executors.threads:107 shutdown DEBUG: Done with executor shutdown
1668008986.396460 2022-11-09 12:49:46 MainProcess-63721 MainThread-140673455793984 parsl.dataflow.dflow:1118 cleanup INFO: Shut down executor _parsl_internal
1668008986.396604 2022-11-09 12:49:46 MainProcess-63721 MainThread-140673455793984 parsl.dataflow.dflow:1124 cleanup INFO: Terminated executors
1668008986.396757 2022-11-09 12:49:46 MainProcess-63721 MainThread-140673455793984 parsl.dataflow.dflow:1141 cleanup INFO: DFK cleanup complete
1668008986.396904 2022-11-09 12:49:46 MainProcess-63721 MainThread-140673455793984 parsl.process_loggers:28 wrapped DEBUG: Normal ending for cleanup on thread MainThread
