 
 
                                    G R A S P 9 - S E
                                    =================
 
  Student edition of General multi-reflector analysis program
 
 GRASP-SE version 10.3.0 (Linux amd64/em64t 64-bit)
 
 
 GRASP-SE found  20 CPU cores
 (Student edition limited to 1 CPU core)
 
  Reading tor-file: bingo.tor
 
 
  *** Object name:  dual_main_reflector
  *** Class name :  reflector
  *** Message    :  Object created
 
 
 
  *** Object name:  dual_main_reflector
  *** Class name :  reflector
  *** Message    :  New values in object
 
  Coordinate system: dual_global_coor
  Surface: dual_main_surface
  Rim: dual_main_rim
 
 
  *** Object name:  dual_global_coor
  *** Class name :  coor_sys
  *** Message    :  Object created
 
 
 
  *** Object name:  dual_global_coor
  *** Class name :  coor_sys
  *** Message    :  New values in object
 
  Z_axis :     0.000000    0.000000    1.000000
 
 
  *** Object name:  dual_main_surface
  *** Class name :  paraboloid
  *** Message    :  Object created
 
 
 
  *** Object name:  dual_main_surface
  *** Class name :  paraboloid
  *** Message    :  New values in object
 
 
  Focal length     :    140.000 m
   and in SI units :    140.000 meter
 
 
  *** Object name:  dual_main_rim
  *** Class name :  elliptical_rim
  *** Message    :  Object created
 
 
 
  *** Object name:  dual_main_rim
  *** Class name :  elliptical_rim
  *** Message    :  Definition of elliptical_rim
 
  The rim centre is placed at
    x :   -226.541 m
    y :    0.00000 m
  and in SI units
    x :   -226.541     meter
    y :    0.00000     meter
 
  The half axes of the ellipse are defined by
    in x-direction :    20.0000 m
    in y-direction :    20.0000 m
  and in SI units
    in x-direction :    20.0000     meter
    in y-direction :    20.0000     meter
 
  The rim limits in radii are
    minimum :    20.0000     meter
    maximum :    20.0000     meter
 
  The rim limits in x direction are
    minimum :   -246.541     meter
    maximum :   -206.541     meter
 
  The rim limits in y direction are
    minimum :   -20.0000     meter
    maximum :    20.0000     meter
 
 
  *** Object name:  dual_sub_reflector
  *** Class name :  reflector
  *** Message    :  Object created
 
 
 
  *** Object name:  dual_sub_reflector
  *** Class name :  reflector
  *** Message    :  New values in object
 
  Coordinate system: dual_sub_coor
  Surface: dual_sub_surface
  Rim: dual_sub_rim
 
 
  *** Object name:  dual_sub_surface
  *** Class name :  hyperboloid
  *** Message    :  Object created
 
 
 
  *** Object name:  dual_sub_surface
  *** Class name :  hyperboloid
  *** Message    :  New values in object
 
 
  Distance between the vertices, 2a :   -148.235 m
   and in SI units                  :   -148.235 meter
 
  Distance between the foci, 2c     :    252.000 m
   and in SI units                  :    252.000 meter
 
    giving the eccentricity         :   -1.70000
 
 
  *** Object name:  dual_sub_rim
  *** Class name :  elliptical_rim
  *** Message    :  Object created
 
 
 
  *** Object name:  dual_sub_rim
  *** Class name :  elliptical_rim
  *** Message    :  Definition of elliptical_rim
 
  The rim centre is placed at
    x :    26.2883 m
    y :    0.00000 m
  and in SI units
    x :    26.2883     meter
    y :    0.00000     meter
 
  The half axes of the ellipse are defined by
    in x-direction :    18.3404 m
    in y-direction :    17.7753 m
  and in SI units
    in x-direction :    18.3404     meter
    in y-direction :    17.7753     meter
 
  The rim limits in radii are
    minimum :    17.7753     meter
    maximum :    18.3404     meter
 
  The rim limits in x direction are
    minimum :    7.94790     meter
    maximum :    44.6287     meter
 
  The rim limits in y direction are
    minimum :   -17.7753     meter
    maximum :    17.7753     meter
 
 
  *** Object name:  dual_feed
  *** Class name :  gaussian_beam_pattern
  *** Message    :  Object created
 
 
 
  *** Object name:  dual_feed
  *** Class name :  gaussian_beam_pattern
  *** Message    :  Object created
 
 
 
  *** Object name:  dual_feed
  *** Class name :  gaussian_beam_pattern
  *** Message    :  New values in object
 
  Frequency : dual_frequencies
  Coor_sys : corneta_coor
 
 
  *** Object name:  dual_feed
  *** Class name :  gaussian_beam_pattern
  *** Message    :  Definition of common feed attributes
 
 
 
  *** Object name:  dual_feed
  *** Class name :  gaussian_beam_pattern
  *** Message    :  Definition of gaussian feed
 
 
  Taper angle :   17.9809 degrees
 
  Taper compared to on-axis level :  -20.0000 dB
 
  The imaginary displacement along the negative z-axis
    is   7.42280 wavelengths
 
 
  *** Object name:  dual_frequencies
  *** Class name :  frequency
  *** Message    :  Object created
 
 
 
  *** Object name:  dual_frequencies
  *** Class name :  frequency
  *** Message    :  New values in object
 
  Frequency No.    1  :   0.110000E+01 GHz
 
 
  *** Object name:  dual_feed_coor
  *** Class name :  coor_sys
  *** Message    :  Object created
 
 
 
  *** Object name:  dual_feed_coor
  *** Class name :  coor_sys
  *** Message    :  New values in object
 
  Origin :  -0.244996E+02 m     0.000000E+00 m     0.263920E+02 m
  Base name : dual_cut_coor
  X_axis :    -0.370197    0.000000   -0.928953
  Y_axis :     0.000000    1.000000    0.000000
  Z_axis :     0.928953    0.000000   -0.370197
 
 
  *** Object name:  dual_cut
  *** Class name :  spherical_cut
  *** Message    :  Object created
 
 
 
  *** Object name:  dual_cut
  *** Class name :  spherical_cut
  *** Message    :  New values in object
 
  File name : bingo.cut
  Coor_sys : dual_cut_coor
  Theta range : start  -5.00000    end  95.00000    points  3001
  Phi range : start   0.00000    end   0.00000    points     1
 
 
  *** Object name:  dual_cut_coor
  *** Class name :  coor_sys
  *** Message    :  Object created
 
 
 
  *** Object name:  dual_cut_coor
  *** Class name :  coor_sys
  *** Message    :  New values in object
 
  Origin :  -0.226541E+03 m     0.000000E+00 m     0.916447E+02 m
  Base name : dual_global_coor
  Z_axis :     0.000000    0.000000    1.000000
 
 
  *** Object name:  dual_main_po
  *** Class name :  po_single_face_scatterer
  *** Message    :  Object created
 
 
 
  *** Object name:  dual_main_po
  *** Class name :  po_single_face_scatterer
  *** Message    :  New values in object
 
  Frequency : dual_frequencies
  Scatterer : dual_main_reflector
 
 
  *** Object name:  dual_sub_po
  *** Class name :  po_single_face_scatterer
  *** Message    :  Object created
 
 
 
  *** Object name:  dual_sub_po
  *** Class name :  po_single_face_scatterer
  *** Message    :  New values in object
 
  Frequency : dual_frequencies
  Scatterer : dual_sub_reflector
 
 
  *** Object name:  spherical_grid
  *** Class name :  spherical_grid
  *** Message    :  Object created
 
 
 
  *** Object name:  spherical_grid
  *** Class name :  spherical_grid
  *** Message    :  New values in object
 
  File name :
  Coor_sys : dual_cut_coor
  X range : start  -0.20000    end   0.20000    points   151
  Y range : start  -0.20000    end   0.20000    points   151
 
 
  *** Object name:  corneta_coor
  *** Class name :  coor_sys
  *** Message    :  Object created
 
 
 
  *** Object name:  corneta_coor
  *** Class name :  coor_sys
  *** Message    :  New values in object
 
  Origin :   0.000000E+00 cm    0.000000E+00 m     0.000000E+00 m
  Base name : dual_feed_coor
  X_axis :     1.000000    0.000000    0.000000
  Y_axis :     0.000000    1.000000    0.000000
  Z_axis :     0.000000    0.000000    1.000000
 
 
  *** Object name:  dual_sub_coor
  *** Class name :  coor_sys
  *** Message    :  Object created
 
 
 
  *** Object name:  dual_sub_coor
  *** Class name :  coor_sys
  *** Message    :  New values in object
 
  Origin :   0.226552E+03 m     0.000000E+00 m     0.483553E+02 m
  Base name : dual_cut_coor
  X_axis :     0.087156    0.000000   -0.996195
  Y_axis :     0.000000   -1.000000    0.000000
  Z_axis :    -0.996195    0.000000   -0.087156
 Program started at 16:07:22 on 14 November 2022
 
 
 ----- TASK No. 1 -----     Started at 16:07:22 on November 14, 2022
 dual_sub_po get_currents ( source : sequence(ref(dual_feed)))
 
 
  *** Object name:  dual_sub_po
  *** Class name :  po_single_face_scatterer
  *** Message    :  Get_currents message received
 
  Source : dual_feed
 
 
  *** Object name:  dual_sub_po
  *** Class name :  po_single_face_scatterer
  *** Message    :  Initialization
 
 
  Auto-convergence with desired accuracy of -80.00 dB.
 
  Face 1:
  Max. values: po1/po2 = 4410/10600
 
 PO convergence
  Test-grid  Ref-grid    Freq  Beam  Grid       P_max   P_level  Accuracy
    po1/po2   po1/po2                           [dBi]     [dBi]      [dB]
      20/10     10/10       1     1     1      -18.51    -18.51      2.91
      20/10     10/10       1     1     2       41.23     41.23     -0.17
      20/10     10/10       1     1     3       24.66     24.66      2.20
      40/10     20/10       1     1     1      -17.96    -17.96      1.57
      40/10     20/10       1     1     2       36.65     36.65      0.88
      40/10     20/10       1     1     3       22.58     22.58      3.67
      80/10     40/10       1     1     1      -20.02    -20.02      0.61
      80/10     40/10       1     1     2       34.04     34.04      3.64
      80/10     40/10       1     1     3       23.54     23.54      1.58
     160/10     80/10       1     1     1      -27.52    -27.52     -2.43
     160/10     80/10       1     1     2       31.43     31.43     -1.11
     160/10     80/10       1     1     3       12.86     12.86     -0.05
     320/10    160/10       1     1     1      -27.59    -27.59   -235.75  *
     320/10    160/10       1     1     2       27.96     27.96    -67.52
     320/10    160/10       1     1     3        1.74      1.74    -41.29
     640/10    320/10       1     1     2       27.96     27.96   -223.44  *
     640/10    320/10       1     1     3        1.74      1.74   -205.20  *
     240/10    640/10       1     1     2       27.96     27.96   -222.19  *
     240/10    640/10       1     1     3        1.74      1.74   -203.90  *
     200/10    640/10       1     1     2       27.96     27.96   -221.92  *
     200/10    640/10       1     1     3        1.74      1.74   -203.82  *
     180/10    640/10       1     1     2       27.96     27.96   -221.70  *
     180/10    640/10       1     1     3        1.74      1.74   -203.40  *
     170/10    640/10       1     1     2       27.96     27.96   -140.54  *
     170/10    640/10       1     1     3        1.74      1.74   -114.59  *
     165/10    640/10       1     1     2       27.96     27.96   -101.01  *
     165/10    640/10       1     1     3        1.74      1.74    -74.84
 
 PO convergence
  Test-grid  Ref-grid    Freq  Beam  Grid       P_max   P_level  Accuracy
    po1/po2   po1/po2                           [dBi]     [dBi]      [dB]
      10/20     10/10       1     1     1      -18.51    -18.51      2.64
      10/20     10/10       1     1     2       41.23     41.23      3.16
      10/20     10/10       1     1     3       24.66     24.66      1.82
      10/40     10/20       1     1     1      -16.46    -16.46      0.02
      10/40     10/20       1     1     2       39.38     39.38      0.09
      10/40     10/20       1     1     3       24.03     24.03      3.27
      10/80     10/40       1     1     1      -21.86    -21.86     -0.82
      10/80     10/40       1     1     2       36.98     36.98     -0.07
      10/80     10/40       1     1     3       20.17     20.17      3.74
     10/160     10/80       1     1     1      -21.86    -21.86     -0.17
     10/160     10/80       1     1     2       31.87     31.87      0.81
     10/160     10/80       1     1     3       16.86     16.86      1.60
     10/320    10/160       1     1     1      -21.86    -21.86    -10.94
     10/320    10/160       1     1     2       31.60     31.60     -2.62
     10/320    10/160       1     1     3       15.81     15.81     -1.10
     10/640    10/320       1     1     1      -21.86    -21.86    -29.75
     10/640    10/320       1     1     2       24.85     27.96     -4.23
     10/640    10/320       1     1     3       12.27     12.27     -2.35
    10/1280    10/640       1     1     1      -21.86    -21.86   -252.39  *
    10/1280    10/640       1     1     2       23.33     27.96   -251.02  *
    10/1280    10/640       1     1     3        8.47      8.47   -239.32  *
     10/480   10/1280       1     1     1      -21.86    -21.86   -252.58  *
     10/480   10/1280       1     1     2       23.33     27.96    -18.59
     10/480   10/1280       1     1     3        8.47      8.47     -7.87
     10/560   10/1280       1     1     2       23.33     27.96    -94.84  *
     10/560   10/1280       1     1     3        8.47      8.47    -76.22
     10/600   10/1280       1     1     3        8.47      8.47   -231.83  *
     10/580   10/1280       1     1     1      -21.86    -21.86   -251.10  *
     10/580   10/1280       1     1     2       23.33     27.96   -164.23  *
     10/580   10/1280       1     1     3        8.47      8.47   -144.93  *
     10/570   10/1280       1     1     1      -21.86    -21.86   -252.64  *
     10/570   10/1280       1     1     2       23.33     27.96   -128.62  *
     10/570   10/1280       1     1     3        8.47      8.47   -108.93  *
  PO1 =  170  PO2 =  570  Face =    1, Final PO-values from auto-convergence
 
  Edge 1:
  Max. value: ptd = 10600
 
 PO convergence
  Test-grid  Ref-grid    Freq  Beam  Grid       P_max   P_level  Accuracy
        ptd       ptd                           [dBi]     [dBi]      [dB]
         20        10       1     1     1      -74.25    -21.86    -51.87
         20        10       1     1     2      -18.99     27.96    -47.59
         20        10       1     1     3      -17.55      8.47    -26.64
         40        20       1     1     1      -73.66    -21.86    -56.35
         40        20       1     1     2      -20.65     27.96    -52.96
         40        20       1     1     3      -21.16      8.47    -32.02
         80        40       1     1     1      -75.27    -21.86    -55.75
         80        40       1     1     2      -21.13     27.96    -51.78
         80        40       1     1     3      -23.08      8.47    -36.06
        160        80       1     1     1      -75.27    -21.86    -56.41
        160        80       1     1     2      -25.95     27.96    -58.01
        160        80       1     1     3      -30.04      8.47    -38.51
        320       160       1     1     1      -75.27    -21.86    -65.30
        320       160       1     1     2      -29.17     27.96    -59.42
        320       160       1     1     3      -31.55      8.47    -40.08
        640       320       1     1     1      -75.27    -21.86    -65.75
        640       320       1     1     2      -31.85     27.96    -61.68
        640       320       1     1     3      -34.34      8.47    -43.59
       1280       640       1     1     1      -75.27    -21.86   -313.27  *
       1280       640       1     1     2      -36.66     27.96   -160.31  *
       1280       640       1     1     3      -43.01      8.47    -88.87  *
        480      1280       1     1     1      -75.27    -21.86   -310.94  *
        480      1280       1     1     2      -36.66     27.96    -63.75
        480      1280       1     1     3      -43.01      8.47    -44.49
        560      1280       1     1     2      -36.66     27.96   -103.88  *
        560      1280       1     1     3      -43.01      8.47    -84.37  *
        520      1280       1     1     1      -75.27    -21.86   -311.22  *
        520      1280       1     1     2      -36.66     27.96    -68.92
        520      1280       1     1     3      -43.01      8.47    -47.94
        540      1280       1     1     2      -36.66     27.96    -74.23
        540      1280       1     1     3      -43.01      8.47    -57.92
        550      1280       1     1     2      -36.66     27.96    -83.90  *
        550      1280       1     1     3      -43.01      8.47    -66.22
  PTD =  560              Edge =    1, Final PTD-value from auto-convergence.
 
  Relative power hitting scatterer:    0.989932
  Spill-over:     0.0439 dB
 
 ----- TASK No. 2 -----     Started at 16:07:24 on November 14, 2022
 dual_main_po get_currents ( source : sequence(ref(dual_sub_po)))
 
 
  *** Object name:  dual_main_po
  *** Class name :  po_single_face_scatterer
  *** Message    :  Get_currents message received
 
  Source : dual_sub_po
 
 
  *** Object name:  dual_main_po
  *** Class name :  po_single_face_scatterer
  *** Message    :  Initialization
 
 
  Auto-convergence with desired accuracy of -80.00 dB.
 
  Face 1:
  Max. values: po1/po2 = 4890/11740
 
  Name of currents file: tmp_0000
 
  Control values found in the file:
    No. of frequencies: 1
    No. of beams      : 1
    No. of faces      : 1
    No. of edges      : 1
    No. of gaps       : 0
 
  Frequency number  1 :   1.100 GHz
 
    Face No.      PO1       PO2     Partitions
          1       170       570         7
 
    Edge No.     PTD1
          1       560
 
 
 PO convergence
  Test-grid  Ref-grid    Freq  Beam  Grid       P_max   P_level  Accuracy
    po1/po2   po1/po2                           [dBi]     [dBi]      [dB]
      20/10     10/10       1     1     1      -17.47    -17.47      2.75
      20/10     10/10       1     1     2       42.95     42.95      2.66
      20/10     10/10       1     1     3       51.68     51.68     -7.48
      40/10     20/10       1     1     1      -20.48    -20.48      2.77
      40/10     20/10       1     1     2       37.75     37.75      4.09
      40/10     20/10       1     1     3       51.64     51.64    -11.09
      80/10     40/10       1     1     1      -21.43    -21.43      1.50
      80/10     40/10       1     1     2       39.52     39.52     -1.07
      80/10     40/10       1     1     3       51.63     51.63    -54.03
     160/10     80/10       1     1     1      -24.16    -24.16      1.42
     160/10     80/10       1     1     2       35.80     35.80      1.65
     160/10     80/10       1     1     3       51.64     51.64    -65.08
     320/10    160/10       1     1     1      -27.69    -27.69     -1.98
     320/10    160/10       1     1     2       35.81     35.81     -5.28
     320/10    160/10       1     1     3       51.64     51.64   -219.37  *
     640/10    320/10       1     1     1      -31.54    -31.54   -167.71  *
     640/10    320/10       1     1     2       35.81     35.81   -229.32  *
     240/10    640/10       1     1     1      -31.54    -31.54    -14.42
     240/10    640/10       1     1     2       35.81     35.81    -54.19
     280/10    640/10       1     1     1      -31.54    -31.54    -47.07
     280/10    640/10       1     1     2       35.81     35.81    -89.63  *
     300/10    640/10       1     1     1      -31.54    -31.54    -73.34
     310/10    640/10       1     1     1      -31.54    -31.54   -110.47  *
     305/10    640/10       1     1     1      -31.54    -31.54    -88.92  *
     305/10    640/10       1     1     2       35.81     35.81   -228.96  *
 
 PO convergence
  Test-grid  Ref-grid    Freq  Beam  Grid       P_max   P_level  Accuracy
    po1/po2   po1/po2                           [dBi]     [dBi]      [dB]
      10/20     10/10       1     1     1      -17.47    -17.47      4.05
      10/20     10/10       1     1     2       42.95     42.95      1.02
      10/20     10/10       1     1     3       51.68     51.68     -8.94
      10/40     10/20       1     1     1      -15.01    -15.01      0.21
      10/40     10/20       1     1     2       41.72     41.72      1.73
      10/40     10/20       1     1     3       51.65     51.65    -13.17
      10/80     10/40       1     1     1      -18.92    -18.92     -0.94
      10/80     10/40       1     1     2       39.16     39.16      1.45
      10/80     10/40       1     1     3       51.66     51.66    -13.21
     10/160     10/80       1     1     1      -23.80    -23.80      2.31
     10/160     10/80       1     1     2       34.33     35.81     -0.25
     10/160     10/80       1     1     3       51.66     51.66    -25.58
     10/320    10/160       1     1     1      -24.62    -24.62      0.97
     10/320    10/160       1     1     2       32.28     35.81     -4.13
     10/320    10/160       1     1     3       51.66     51.66    -84.22  *
     10/640    10/320       1     1     1      -29.33    -29.33      0.86
     10/640    10/320       1     1     2       30.05     35.81     -7.75
    10/1280    10/640       1     1     1      -34.20    -31.54     -7.80
    10/1280    10/640       1     1     2       30.05     35.81    -18.41
    10/2560   10/1280       1     1     1      -36.21    -31.54   -253.28  *
    10/2560   10/1280       1     1     2       30.05     35.81   -258.03  *
     10/960   10/2560       1     1     1      -36.21    -31.54   -148.50  *
     10/960   10/2560       1     1     2       30.05     35.81   -259.49  *
     10/800   10/2560       1     1     1      -36.21    -31.54    -15.65
     10/800   10/2560       1     1     2       30.05     35.81    -35.24
     10/880   10/2560       1     1     1      -36.21    -31.54    -26.77
     10/880   10/2560       1     1     2       30.05     35.81    -76.39
     10/920   10/2560       1     1     1      -36.21    -31.54    -52.79
     10/920   10/2560       1     1     2       30.05     35.81   -183.78  *
     10/940   10/2560       1     1     1      -36.21    -31.54    -92.64  *
  PO1 =  305  PO2 =  940  Face =    1, Final PO-values from auto-convergence
 
  Edge 1:
  Max. value: ptd = 11740
 
 PO convergence
  Test-grid  Ref-grid    Freq  Beam  Grid       P_max   P_level  Accuracy
        ptd       ptd                           [dBi]     [dBi]      [dB]
         20        10       1     1     1      -79.40    -31.54    -50.83
         20        10       1     1     2      -21.09     35.81    -58.71
         20        10       1     1     3      -21.74     51.66    -77.74
         40        20       1     1     1      -80.76    -31.54    -51.50
         40        20       1     1     2      -23.70     35.81    -59.41
         40        20       1     1     3      -24.55     51.66    -77.51
         80        40       1     1     1      -84.40    -31.54    -56.91
         80        40       1     1     2      -26.25     35.81    -65.19
         80        40       1     1     3      -27.32     51.66    -79.11
        160        80       1     1     1      -87.10    -31.54    -56.54
        160        80       1     1     2      -26.50     35.81    -63.92
        160        80       1     1     3      -28.83     51.66    -82.43  *
        320       160       1     1     1      -90.86    -31.54    -60.33
        320       160       1     1     2      -28.39     35.81    -70.18
        320       160       1     1     3      -36.51     51.66   -114.57  *
        640       320       1     1     1      -92.80    -31.54    -66.88
        640       320       1     1     2      -28.39     35.81    -74.34
       1280       640       1     1     1      -92.39    -31.54    -61.39
       1280       640       1     1     2      -28.39     35.81    -79.36
       2560      1280       1     1     1     -102.41    -31.54   -289.74  *
       2560      1280       1     1     2      -28.39     35.81   -302.04  *
        960      2560       1     1     1     -102.41    -31.54   -121.36  *
        960      2560       1     1     2      -28.39     35.81   -140.79  *
        800      2560       1     1     1     -102.41    -31.54    -64.21
        800      2560       1     1     2      -28.39     35.81    -74.59
        880      2560       1     1     1     -102.41    -31.54    -70.60
        880      2560       1     1     2      -28.39     35.81    -97.66  *
        920      2560       1     1     1     -102.41    -31.54    -79.20
        940      2560       1     1     1     -102.41    -31.54   -111.36  *
  PTD =  940              Edge =    1, Final PTD-value from auto-convergence.
 
  Relative power hitting scatterer:    0.988315
  Spill-over:     0.0510 dB
 
 ----- TASK No. 3 -----     Started at 16:26:21 on November 14, 2022
 dual_cut get_field ( source : sequence(ref(dual_main_po)))
 
 
  *** Object name:  dual_cut
  *** Class name :  spherical_cut
  *** Message    :  Get_field message received
 
  Source : dual_main_po
 
  Name of currents file: tmp_0001
 
  Control values found in the file:
    No. of frequencies: 1
    No. of beams      : 1
    No. of faces      : 1
    No. of edges      : 1
    No. of gaps       : 0
 
  Frequency number  1 :   1.100 GHz
 
    Face No.      PO1       PO2     Partitions
          1       305       940        19
 
    Edge No.     PTD1
          1       940
 
 
 
  *** Object name:  dual_cut
  *** Class name :  spherical_cut
  *** Message    :  Field calculated
 
  Frequency No. :     1
  Beam No. :     1
 
 ----- TASK No. 4 -----     Started at 16:26:26 on November 14, 2022
 dual_cut add_field ( source : sequence(ref(dual_sub_po), ref(dual_feed)))
 
 
  *** Object name:  dual_cut
  *** Class name :  spherical_cut
  *** Message    :  Add_field message received
 
  Source : dual_sub_po
  Source : dual_feed
 
  Name of currents file: tmp_0000
 
  Control values found in the file:
    No. of frequencies: 1
    No. of beams      : 1
    No. of faces      : 1
    No. of edges      : 1
    No. of gaps       : 0
 
  Frequency number  1 :   1.100 GHz
 
    Face No.      PO1       PO2     Partitions
          1       170       570         7
 
    Edge No.     PTD1
          1       560
 
 
 
  *** Object name:  dual_cut
  *** Class name :  spherical_cut
  *** Message    :  Field calculated
 
  Frequency No. :     1
  Beam No. :     1
 
 
  *** Object name:  dual_cut
  *** Class name :  spherical_cut
  *** Message    :  Field calculated
 
  Frequency No. :     1
  Beam No. :     1
 
 ----- END OF TASKS -----     Completed at 16:26:28 on November 14, 2022
 Total time was 19:05 min
 Program stopped at 16:26:28 on 14 November 2022
 
